anh có những pizza nào
anh có những pizza gì
anh có các pizza nào
anh có các pizza gì
chị có những pizza nào
chị có những pizza gì
chị có các pizza nào
chị có các pizza gì
bên mình có những pizza nào
bên mình có những pizza gì
bên mình có các pizza nào
bên mình có các pizza gì
mình có những pizza nào
mình có những pizza gì
mình có các pizza nào
mình có các pizza gì
cửa hàng có những pizza nào
cửa hàng có những pizza gì
cửa hàng có các pizza nào
cửa hàng có các pizza gì
shop có những pizza nào
shop có những pizza gì
shop có các pizza nào
shop có các pizza gì
anh có những loại pizza nào
anh có những loại pizza gì
anh có các loại pizza nào
anh có các loại pizza gì
chị có những loại pizza nào
chị có những loại pizza gì
chị có các loại pizza nào
chị có các loại pizza gì
bên mình có những loại pizza nào
bên mình có những loại pizza gì
bên mình có các loại pizza nào
bên mình có các loại pizza gì
mình có những loại pizza nào
mình có những loại pizza gì
mình có các loại pizza nào
mình có các loại pizza gì
cửa hàng có những loại pizza nào
cửa hàng có những loại pizza gì
cửa hàng có các loại pizza nào
cửa hàng có các loại pizza gì
shop có những loại pizza nào
shop có những loại pizza gì
shop có các loại pizza nào
shop có các loại pizza gì
