pizza xúc xích ý có những loại nào nhỉ
pizza xúc xích ý có các loại nào nhỉ
pizza xúc xích ý có các loại gì
pizza xúc xích ý có những loại gì
pizza xúc xích ý có những loại gì nhỉ
pizza xúc xích ý có các loại gì nhỉ
pizza xúc xích ý có các loại nào
pizza xúc xích ý có những loại nào
pizza phô mai có các loại gì
pizza phô mai có các loại nào
pizza phô mai có các loại gì nhỉ
pizza phô mai có những loại nào
pizza phô mai có những loại gì
pizza phô mai có những loại gì nhỉ
pizza phô mai có các loại nào nhỉ
pizza phô mai có những loại nào nhỉ
pizza thịt nguội và nấm có những loại gì
pizza thịt nguội và nấm có các loại nào nhỉ
pizza thịt nguội và nấm có những loại nào nhỉ
pizza thịt nguội và nấm có những loại nào
pizza thịt nguội và nấm có các loại gì nhỉ
pizza thịt nguội và nấm có các loại gì
pizza thịt nguội và nấm có các loại nào
pizza thịt nguội và nấm có những loại gì nhỉ
pizza gà nướng dứa có các loại nào
pizza gà nướng dứa có những loại nào nhỉ
pizza gà nướng dứa có những loại gì nhỉ
pizza gà nướng dứa có những loại gì
pizza gà nướng dứa có các loại gì
pizza gà nướng dứa có các loại gì nhỉ
pizza gà nướng dứa có những loại nào
pizza gà nướng dứa có các loại nào nhỉ
pizza rau củ có các loại gì nhỉ
pizza rau củ có các loại nào
pizza rau củ có những loại nào
pizza rau củ có những loại gì nhỉ
pizza rau củ có những loại gì
pizza rau củ có những loại nào nhỉ
pizza rau củ có các loại nào nhỉ
pizza rau củ có các loại gì
pizza hawaiian có những loại gì nhỉ
pizza hawaiian có những loại nào
pizza hawaiian có các loại nào nhỉ
pizza hawaiian có những loại nào nhỉ
pizza hawaiian có những loại gì
pizza hawaiian có các loại gì nhỉ
pizza hawaiian có các loại gì
pizza hawaiian có các loại nào
pizza aloha có những loại nào
pizza aloha có các loại gì
pizza aloha có những loại nào nhỉ
pizza aloha có những loại gì nhỉ
pizza aloha có các loại gì nhỉ
pizza aloha có những loại gì
pizza aloha có các loại nào nhỉ
pizza aloha có các loại nào
pizza ba loại thịt thập cẩm và rau củ có các loại gì
pizza ba loại thịt thập cẩm và rau củ có những loại nào
pizza ba loại thịt thập cẩm và rau củ có các loại nào
pizza ba loại thịt thập cẩm và rau củ có các loại nào nhỉ
pizza ba loại thịt thập cẩm và rau củ có những loại gì
pizza ba loại thịt thập cẩm và rau củ có các loại gì nhỉ
pizza ba loại thịt thập cẩm và rau củ có những loại gì nhỉ
pizza ba loại thịt thập cẩm và rau củ có những loại nào nhỉ
pizza thịt xông khói có các loại gì nhỉ
pizza thịt xông khói có các loại nào nhỉ
pizza thịt xông khói có các loại nào
pizza thịt xông khói có những loại gì nhỉ
pizza thịt xông khói có những loại nào nhỉ
pizza thịt xông khói có những loại nào
pizza thịt xông khói có các loại gì
pizza thịt xông khói có những loại gì
pizza gà nướng ba vị có các loại gì nhỉ
pizza gà nướng ba vị có những loại gì nhỉ
pizza gà nướng ba vị có những loại nào nhỉ
pizza gà nướng ba vị có những loại gì
pizza gà nướng ba vị có những loại nào
pizza gà nướng ba vị có các loại gì
pizza gà nướng ba vị có các loại nào
pizza gà nướng ba vị có các loại nào nhỉ
pizza pizza thịt nguội kiểu canada có những loại nào nhỉ
pizza pizza thịt nguội kiểu canada có những loại gì nhỉ
pizza pizza thịt nguội kiểu canada có các loại gì nhỉ
pizza pizza thịt nguội kiểu canada có các loại nào
pizza pizza thịt nguội kiểu canada có những loại nào
pizza pizza thịt nguội kiểu canada có những loại gì
pizza pizza thịt nguội kiểu canada có các loại gì
pizza pizza thịt nguội kiểu canada có các loại nào nhỉ
pizza năm loại thịt đặc biệt và rau củ có các loại nào
pizza năm loại thịt đặc biệt và rau củ có các loại gì
pizza năm loại thịt đặc biệt và rau củ có những loại nào
pizza năm loại thịt đặc biệt và rau củ có các loại nào nhỉ
pizza năm loại thịt đặc biệt và rau củ có những loại gì
pizza năm loại thịt đặc biệt và rau củ có các loại gì nhỉ
pizza năm loại thịt đặc biệt và rau củ có những loại gì nhỉ
pizza năm loại thịt đặc biệt và rau củ có những loại nào nhỉ
pizza năm loại thịt đặc biệt có những loại gì
pizza năm loại thịt đặc biệt có những loại nào nhỉ
pizza năm loại thịt đặc biệt có những loại nào
pizza năm loại thịt đặc biệt có các loại gì
pizza năm loại thịt đặc biệt có các loại nào
pizza năm loại thịt đặc biệt có các loại gì nhỉ
pizza năm loại thịt đặc biệt có các loại nào nhỉ
pizza năm loại thịt đặc biệt có những loại gì nhỉ
pizza lẩu thái tom yum kung có các loại gì
pizza lẩu thái tom yum kung có những loại gì
pizza lẩu thái tom yum kung có các loại nào nhỉ
pizza lẩu thái tom yum kung có những loại gì nhỉ
pizza lẩu thái tom yum kung có các loại nào
pizza lẩu thái tom yum kung có những loại nào
pizza lẩu thái tom yum kung có những loại nào nhỉ
pizza lẩu thái tom yum kung có các loại gì nhỉ
pizza hải sản pesto xanh có các loại nào nhỉ
pizza hải sản pesto xanh có những loại gì nhỉ
pizza hải sản pesto xanh có những loại nào nhỉ
pizza hải sản pesto xanh có các loại nào
pizza hải sản pesto xanh có các loại gì nhỉ
pizza hải sản pesto xanh có những loại nào
pizza hải sản pesto xanh có những loại gì
pizza hải sản pesto xanh có các loại gì
pizza hải sản cao cấp có những loại gì nhỉ
pizza hải sản cao cấp có các loại nào nhỉ
pizza hải sản cao cấp có các loại gì
pizza hải sản cao cấp có các loại nào
pizza hải sản cao cấp có những loại nào nhỉ
pizza hải sản cao cấp có các loại gì nhỉ
pizza hải sản cao cấp có những loại gì
pizza hải sản cao cấp có những loại nào
pizza hải sản cocktail có những loại gì
pizza hải sản cocktail có các loại nào nhỉ
pizza hải sản cocktail có những loại nào
pizza hải sản cocktail có các loại nào
pizza hải sản cocktail có các loại gì nhỉ
pizza hải sản cocktail có những loại gì nhỉ
pizza hải sản cocktail có các loại gì
pizza hải sản cocktail có những loại nào nhỉ
pizza hải sản nhiệt đới có những loại nào
pizza hải sản nhiệt đới có những loại gì nhỉ
pizza hải sản nhiệt đới có các loại gì nhỉ
pizza hải sản nhiệt đới có các loại nào
pizza hải sản nhiệt đới có những loại gì
pizza hải sản nhiệt đới có các loại gì
pizza hải sản nhiệt đới có các loại nào nhỉ
pizza hải sản nhiệt đới có những loại nào nhỉ
pizza tôm cocktail có những loại nào
pizza tôm cocktail có những loại gì nhỉ
pizza tôm cocktail có các loại nào
pizza tôm cocktail có các loại nào nhỉ
pizza tôm cocktail có những loại gì
pizza tôm cocktail có các loại gì nhỉ
pizza tôm cocktail có các loại gì
pizza tôm cocktail có những loại nào nhỉ
pizza năm loại thịt đặc biệt và rau củ nhân nhồi có những loại nào
pizza năm loại thịt đặc biệt và rau củ nhân nhồi có những loại gì
pizza năm loại thịt đặc biệt và rau củ nhân nhồi có những loại gì nhỉ
pizza năm loại thịt đặc biệt và rau củ nhân nhồi có những loại nào nhỉ
pizza năm loại thịt đặc biệt và rau củ nhân nhồi có các loại gì nhỉ
pizza năm loại thịt đặc biệt và rau củ nhân nhồi có các loại gì
pizza năm loại thịt đặc biệt và rau củ nhân nhồi có các loại nào
pizza năm loại thịt đặc biệt và rau củ nhân nhồi có các loại nào nhỉ
pizza hawaii nhân nhồi có những loại nào
pizza hawaii nhân nhồi có các loại gì
pizza hawaii nhân nhồi có các loại nào
pizza hawaii nhân nhồi có những loại gì
pizza hawaii nhân nhồi có những loại gì nhỉ
pizza hawaii nhân nhồi có những loại nào nhỉ
pizza hawaii nhân nhồi có các loại gì nhỉ
pizza hawaii nhân nhồi có các loại nào nhỉ
pizza gà nướng ba vị nhân nhồi có những loại nào
pizza gà nướng ba vị nhân nhồi có các loại nào
pizza gà nướng ba vị nhân nhồi có những loại gì nhỉ
pizza gà nướng ba vị nhân nhồi có các loại gì nhỉ
pizza gà nướng ba vị nhân nhồi có những loại gì
pizza gà nướng ba vị nhân nhồi có các loại nào nhỉ
pizza gà nướng ba vị nhân nhồi có những loại nào nhỉ
pizza gà nướng ba vị nhân nhồi có các loại gì
