cho tớ mua ba chiếc pizza xúc xích ý
cho tớ đặt mua tám chiếc pizza xúc xích ý
cho em đặt mua bảy cái pizza xúc xích ý
cho chú đặt mua chín chiếc pizza xúc xích ý
cho tớ order bảy chiếc pizza xúc xích ý
cho cô mua bảy cái pizza xúc xích ý
cho em mua hai chiếc pizza xúc xích ý
cho tớ đặt ba chiếc pizza xúc xích ý
cho chị order bảy chiếc pizza xúc xích ý
cho chú mua tám cái pizza xúc xích ý
cho anh order bảy cái pizza phô mai
cho bác đặt bốn chiếc pizza phô mai
cho chị order sáu cái pizza phô mai
cho chị mua hai cái pizza phô mai
cho chị đặt mua một chiếc pizza phô mai
cho anh mua hai cái pizza phô mai
cho chị order chín chiếc pizza phô mai
cho mình mua ba chiếc pizza phô mai
cho tớ đặt một cái pizza phô mai
cho anh order một chiếc pizza phô mai
cho tôi mua năm cái pizza thịt nguội và nấm
cho chị đặt mua bốn chiếc pizza thịt nguội và nấm
cho mình mua ba cái pizza thịt nguội và nấm
cho tớ đặt mua bảy cái pizza thịt nguội và nấm
cho anh order mười chiếc pizza thịt nguội và nấm
cho mình order hai cái pizza thịt nguội và nấm
cho em order năm cái pizza thịt nguội và nấm
cho tôi đặt bảy cái pizza thịt nguội và nấm
cho chị mua hai cái pizza thịt nguội và nấm
cho chị mua bốn cái pizza thịt nguội và nấm
cho em order chín cái pizza gà nướng dứa
cho em order tám chiếc pizza gà nướng dứa
cho anh đặt mua sáu cái pizza gà nướng dứa
cho bác đặt mua mười chiếc pizza gà nướng dứa
cho tôi đặt mua ba cái pizza gà nướng dứa
cho chú đặt mua bốn cái pizza gà nướng dứa
cho bác đặt mua bốn cái pizza gà nướng dứa
cho em mua bốn cái pizza gà nướng dứa
cho bác đặt mua chín cái pizza gà nướng dứa
cho tớ mua năm chiếc pizza gà nướng dứa
cho chị mua một chiếc pizza rau củ
cho anh order bảy chiếc pizza rau củ
cho tớ mua sáu chiếc pizza rau củ
cho mình đặt bốn cái pizza rau củ
cho tớ order ba cái pizza rau củ
cho mình đặt mười chiếc pizza rau củ
cho mình mua sáu chiếc pizza rau củ
cho anh order năm cái pizza rau củ
cho tôi đặt mua ba chiếc pizza rau củ
cho anh mua hai chiếc pizza rau củ
cho bác mua bảy chiếc pizza hawaiian
cho chị mua một cái pizza hawaiian
cho mình mua hai cái pizza hawaiian
cho cô đặt mua mười cái pizza hawaiian
cho tôi mua ba chiếc pizza hawaiian
cho tôi đặt mua một chiếc pizza hawaiian
cho em mua chín cái pizza hawaiian
cho bác đặt mua bảy cái pizza hawaiian
cho em đặt mua tám cái pizza hawaiian
cho tớ order ba cái pizza hawaiian
cho anh đặt chín chiếc pizza aloha
cho chị mua năm cái pizza aloha
cho tớ đặt mua năm cái pizza aloha
cho chị đặt mua một cái pizza aloha
cho em đặt năm chiếc pizza aloha
cho bác order hai chiếc pizza aloha
cho em order mười chiếc pizza aloha
cho cô mua một chiếc pizza aloha
cho mình order ba chiếc pizza aloha
cho mình đặt mua ba chiếc pizza aloha
cho em order năm cái pizza ba loại thịt thập cẩm và rau củ
cho cô order chín cái pizza ba loại thịt thập cẩm và rau củ
cho tớ đặt bốn chiếc pizza ba loại thịt thập cẩm và rau củ
cho cô đặt mua sáu chiếc pizza ba loại thịt thập cẩm và rau củ
cho anh đặt bốn cái pizza ba loại thịt thập cẩm và rau củ
cho tôi đặt mua một chiếc pizza ba loại thịt thập cẩm và rau củ
cho cô order ba chiếc pizza ba loại thịt thập cẩm và rau củ
cho chú đặt mua bốn cái pizza ba loại thịt thập cẩm và rau củ
cho tớ đặt mua tám cái pizza ba loại thịt thập cẩm và rau củ
cho chị order tám cái pizza ba loại thịt thập cẩm và rau củ
cho tớ đặt mua tám cái pizza thịt xông khói
cho em order hai cái pizza thịt xông khói
cho bác đặt một chiếc pizza thịt xông khói
cho tớ đặt mua chín cái pizza thịt xông khói
cho bác đặt hai cái pizza thịt xông khói
cho em đặt mua hai cái pizza thịt xông khói
cho tôi đặt bốn cái pizza thịt xông khói
cho mình order ba chiếc pizza thịt xông khói
cho cô đặt tám cái pizza thịt xông khói
cho bác mua bảy chiếc pizza thịt xông khói
cho cô đặt mua tám chiếc pizza gà nướng ba vị
cho chú đặt mua sáu chiếc pizza gà nướng ba vị
cho tớ đặt mua ba cái pizza gà nướng ba vị
cho tôi order hai chiếc pizza gà nướng ba vị
cho em order năm chiếc pizza gà nướng ba vị
cho mình order mười cái pizza gà nướng ba vị
cho em order sáu cái pizza gà nướng ba vị
cho anh đặt bảy chiếc pizza gà nướng ba vị
cho chú đặt mua ba cái pizza gà nướng ba vị
cho chị đặt mua năm chiếc pizza gà nướng ba vị
cho anh đặt mua bảy cái pizza pizza thịt nguội kiểu canada
cho cô đặt mua mười cái pizza pizza thịt nguội kiểu canada
cho chú mua bốn cái pizza pizza thịt nguội kiểu canada
cho tôi order tám chiếc pizza pizza thịt nguội kiểu canada
cho em đặt một chiếc pizza pizza thịt nguội kiểu canada
cho anh đặt sáu chiếc pizza pizza thịt nguội kiểu canada
cho tớ đặt mua bảy cái pizza pizza thịt nguội kiểu canada
cho mình order sáu chiếc pizza pizza thịt nguội kiểu canada
cho chú đặt mua năm chiếc pizza pizza thịt nguội kiểu canada
cho tôi đặt mua bốn cái pizza pizza thịt nguội kiểu canada
cho tôi order bảy cái pizza năm loại thịt đặc biệt và rau củ
cho tôi đặt mua bảy chiếc pizza năm loại thịt đặc biệt và rau củ
cho chị đặt một chiếc pizza năm loại thịt đặc biệt và rau củ
cho tớ mua một chiếc pizza năm loại thịt đặc biệt và rau củ
cho cô đặt ba cái pizza năm loại thịt đặc biệt và rau củ
cho mình đặt bảy chiếc pizza năm loại thịt đặc biệt và rau củ
cho anh đặt ba cái pizza năm loại thịt đặc biệt và rau củ
cho tớ đặt mua sáu chiếc pizza năm loại thịt đặc biệt và rau củ
cho anh đặt mua hai chiếc pizza năm loại thịt đặc biệt và rau củ
cho bác order hai cái pizza năm loại thịt đặc biệt và rau củ
cho em đặt mười chiếc pizza năm loại thịt đặc biệt
cho em order một cái pizza năm loại thịt đặc biệt
cho anh mua năm cái pizza năm loại thịt đặc biệt
cho bác đặt bảy cái pizza năm loại thịt đặc biệt
cho bác mua bốn chiếc pizza năm loại thịt đặc biệt
cho tôi đặt mua bốn chiếc pizza năm loại thịt đặc biệt
cho tớ đặt mua một cái pizza năm loại thịt đặc biệt
cho anh order chín cái pizza năm loại thịt đặc biệt
cho em order hai chiếc pizza năm loại thịt đặc biệt
cho em order bảy chiếc pizza năm loại thịt đặc biệt
cho cô order một chiếc pizza lẩu thái tom yum kung
cho cô đặt bảy chiếc pizza lẩu thái tom yum kung
cho bác order năm chiếc pizza lẩu thái tom yum kung
cho tôi order năm cái pizza lẩu thái tom yum kung
cho mình mua mười chiếc pizza lẩu thái tom yum kung
cho chú đặt mua ba chiếc pizza lẩu thái tom yum kung
cho chị order ba chiếc pizza lẩu thái tom yum kung
cho mình mua một cái pizza lẩu thái tom yum kung
cho em đặt ba chiếc pizza lẩu thái tom yum kung
cho tớ mua tám chiếc pizza lẩu thái tom yum kung
cho chị đặt tám cái pizza hải sản pesto xanh
cho cô đặt mua hai chiếc pizza hải sản pesto xanh
cho chị đặt bảy chiếc pizza hải sản pesto xanh
cho tôi mua bốn cái pizza hải sản pesto xanh
cho cô order ba cái pizza hải sản pesto xanh
cho tớ đặt bốn cái pizza hải sản pesto xanh
cho mình mua năm cái pizza hải sản pesto xanh
cho chị order bảy cái pizza hải sản pesto xanh
cho tôi order bốn cái pizza hải sản pesto xanh
cho cô đặt sáu cái pizza hải sản pesto xanh
cho bác mua tám chiếc pizza hải sản cao cấp
cho chị đặt mua ba cái pizza hải sản cao cấp
cho chị đặt bảy chiếc pizza hải sản cao cấp
cho cô đặt mua mười chiếc pizza hải sản cao cấp
cho chị order hai chiếc pizza hải sản cao cấp
cho chú mua bảy cái pizza hải sản cao cấp
cho chú đặt bốn chiếc pizza hải sản cao cấp
cho tớ order một cái pizza hải sản cao cấp
cho mình mua hai chiếc pizza hải sản cao cấp
cho cô đặt mua chín cái pizza hải sản cao cấp
cho anh đặt bốn chiếc pizza hải sản cocktail
cho anh mua sáu cái pizza hải sản cocktail
cho chị mua hai chiếc pizza hải sản cocktail
cho tớ mua một chiếc pizza hải sản cocktail
cho cô đặt mua chín chiếc pizza hải sản cocktail
cho em mua một chiếc pizza hải sản cocktail
cho anh đặt mua ba cái pizza hải sản cocktail
cho anh mua ba cái pizza hải sản cocktail
cho em đặt chín chiếc pizza hải sản cocktail
cho tôi đặt mua tám chiếc pizza hải sản cocktail
cho anh đặt mua chín cái pizza hải sản nhiệt đới
cho cô order ba chiếc pizza hải sản nhiệt đới
cho mình order bảy cái pizza hải sản nhiệt đới
cho tôi đặt bảy cái pizza hải sản nhiệt đới
cho tớ đặt mua mười chiếc pizza hải sản nhiệt đới
cho anh order mười cái pizza hải sản nhiệt đới
cho em order một chiếc pizza hải sản nhiệt đới
cho chị order hai chiếc pizza hải sản nhiệt đới
cho em đặt mua hai cái pizza hải sản nhiệt đới
cho bác order hai cái pizza hải sản nhiệt đới
cho cô mua bảy chiếc pizza tôm cocktail
cho tớ đặt mua hai chiếc pizza tôm cocktail
cho chú order bốn cái pizza tôm cocktail
cho mình đặt tám chiếc pizza tôm cocktail
cho cô mua hai chiếc pizza tôm cocktail
cho tôi order một chiếc pizza tôm cocktail
cho chú mua hai chiếc pizza tôm cocktail
cho chị đặt ba chiếc pizza tôm cocktail
cho tôi order bốn cái pizza tôm cocktail
cho anh đặt mua tám chiếc pizza tôm cocktail
cho tôi order sáu cái pizza năm loại thịt đặc biệt và rau củ nhân nhồi
cho mình đặt năm cái pizza năm loại thịt đặc biệt và rau củ nhân nhồi
cho cô đặt một chiếc pizza năm loại thịt đặc biệt và rau củ nhân nhồi
cho bác order tám cái pizza năm loại thịt đặc biệt và rau củ nhân nhồi
cho tôi đặt mua hai chiếc pizza năm loại thịt đặc biệt và rau củ nhân nhồi
cho chị đặt bảy chiếc pizza năm loại thịt đặc biệt và rau củ nhân nhồi
cho bác đặt mua chín cái pizza năm loại thịt đặc biệt và rau củ nhân nhồi
cho bác đặt sáu cái pizza năm loại thịt đặc biệt và rau củ nhân nhồi
cho tôi đặt sáu cái pizza năm loại thịt đặc biệt và rau củ nhân nhồi
cho bác đặt ba cái pizza năm loại thịt đặc biệt và rau củ nhân nhồi
cho mình mua hai chiếc pizza hawaii nhân nhồi
cho chị đặt mua ba chiếc pizza hawaii nhân nhồi
cho mình đặt mua hai cái pizza hawaii nhân nhồi
cho anh đặt bốn chiếc pizza hawaii nhân nhồi
cho tôi order mười cái pizza hawaii nhân nhồi
cho tớ đặt tám cái pizza hawaii nhân nhồi
cho anh đặt bảy cái pizza hawaii nhân nhồi
cho chị mua bốn chiếc pizza hawaii nhân nhồi
cho tôi order tám cái pizza hawaii nhân nhồi
cho mình order sáu cái pizza hawaii nhân nhồi
cho cô đặt ba cái pizza gà nướng ba vị nhân nhồi
cho anh order bảy chiếc pizza gà nướng ba vị nhân nhồi
cho cô đặt mua chín cái pizza gà nướng ba vị nhân nhồi
cho mình order chín chiếc pizza gà nướng ba vị nhân nhồi
cho tớ order năm chiếc pizza gà nướng ba vị nhân nhồi
cho anh mua năm cái pizza gà nướng ba vị nhân nhồi
cho tớ đặt tám cái pizza gà nướng ba vị nhân nhồi
cho tôi đặt mua bốn cái pizza gà nướng ba vị nhân nhồi
cho cô mua bốn chiếc pizza gà nướng ba vị nhân nhồi
cho chị order tám cái pizza gà nướng ba vị nhân nhồi
