pizza xúc xích ý bao nhiêu tiền
pizza xúc xích ý mấy tiền
pizza phô mai mấy tiền
pizza phô mai bao nhiêu tiền
pizza thịt nguội và nấm bao nhiêu tiền
pizza thịt nguội và nấm mấy tiền
pizza gà nướng dứa bao nhiêu tiền
pizza gà nướng dứa mấy tiền
pizza rau củ bao nhiêu tiền
pizza rau củ mấy tiền
pizza hawaiian mấy tiền
pizza hawaiian bao nhiêu tiền
pizza aloha bao nhiêu tiền
pizza aloha mấy tiền
pizza ba loại thịt thập cẩm và rau củ bao nhiêu tiền
pizza ba loại thịt thập cẩm và rau củ mấy tiền
pizza thịt xông khói mấy tiền
pizza thịt xông khói bao nhiêu tiền
pizza gà nướng ba vị bao nhiêu tiền
pizza gà nướng ba vị mấy tiền
pizza pizza thịt nguội kiểu canada bao nhiêu tiền
pizza pizza thịt nguội kiểu canada mấy tiền
pizza năm loại thịt đặc biệt và rau củ mấy tiền
pizza năm loại thịt đặc biệt và rau củ bao nhiêu tiền
pizza năm loại thịt đặc biệt bao nhiêu tiền
pizza năm loại thịt đặc biệt mấy tiền
pizza lẩu thái tom yum kung mấy tiền
pizza lẩu thái tom yum kung bao nhiêu tiền
pizza hải sản pesto xanh mấy tiền
pizza hải sản pesto xanh bao nhiêu tiền
pizza hải sản cao cấp bao nhiêu tiền
pizza hải sản cao cấp mấy tiền
pizza hải sản cocktail mấy tiền
pizza hải sản cocktail bao nhiêu tiền
pizza hải sản nhiệt đới mấy tiền
pizza hải sản nhiệt đới bao nhiêu tiền
pizza tôm cocktail mấy tiền
pizza tôm cocktail bao nhiêu tiền
pizza năm loại thịt đặc biệt và rau củ nhân nhồi mấy tiền
pizza năm loại thịt đặc biệt và rau củ nhân nhồi bao nhiêu tiền
pizza hawaii nhân nhồi bao nhiêu tiền
pizza hawaii nhân nhồi mấy tiền
pizza gà nướng ba vị nhân nhồi bao nhiêu tiền
pizza gà nướng ba vị nhân nhồi mấy tiền
