pizza xúc xích ý có những gì
pizza xúc xích ý ra sao
pizza xúc xích ý có gì
pizza xúc xích ý là như thế nào
pizza xúc xích ý là gì
pizza phô mai có những gì
pizza phô mai ra sao
pizza phô mai là như thế nào
pizza phô mai có gì
pizza phô mai là gì
pizza thịt nguội và nấm ra sao
pizza thịt nguội và nấm có gì
pizza thịt nguội và nấm là như thế nào
pizza thịt nguội và nấm có những gì
pizza thịt nguội và nấm là gì
pizza gà nướng dứa là như thế nào
pizza gà nướng dứa là gì
pizza gà nướng dứa có những gì
pizza gà nướng dứa ra sao
pizza gà nướng dứa có gì
pizza rau củ là gì
pizza rau củ có gì
pizza rau củ có những gì
pizza rau củ là như thế nào
pizza rau củ ra sao
pizza hawaiian có những gì
pizza hawaiian là gì
pizza hawaiian ra sao
pizza hawaiian là như thế nào
pizza hawaiian có gì
pizza aloha có những gì
pizza aloha ra sao
pizza aloha là như thế nào
pizza aloha là gì
pizza aloha có gì
pizza ba loại thịt thập cẩm và rau củ là gì
pizza ba loại thịt thập cẩm và rau củ có gì
pizza ba loại thịt thập cẩm và rau củ là như thế nào
pizza ba loại thịt thập cẩm và rau củ ra sao
pizza ba loại thịt thập cẩm và rau củ có những gì
pizza thịt xông khói ra sao
pizza thịt xông khói có những gì
pizza thịt xông khói là như thế nào
pizza thịt xông khói có gì
pizza thịt xông khói là gì
pizza gà nướng ba vị là như thế nào
pizza gà nướng ba vị có gì
pizza gà nướng ba vị là gì
pizza gà nướng ba vị có những gì
pizza gà nướng ba vị ra sao
pizza pizza thịt nguội kiểu canada có gì
pizza pizza thịt nguội kiểu canada là như thế nào
pizza pizza thịt nguội kiểu canada ra sao
pizza pizza thịt nguội kiểu canada có những gì
pizza pizza thịt nguội kiểu canada là gì
pizza năm loại thịt đặc biệt và rau củ có những gì
pizza năm loại thịt đặc biệt và rau củ là như thế nào
pizza năm loại thịt đặc biệt và rau củ là gì
pizza năm loại thịt đặc biệt và rau củ ra sao
pizza năm loại thịt đặc biệt và rau củ có gì
pizza năm loại thịt đặc biệt có gì
pizza năm loại thịt đặc biệt là gì
pizza năm loại thịt đặc biệt ra sao
pizza năm loại thịt đặc biệt có những gì
pizza năm loại thịt đặc biệt là như thế nào
pizza lẩu thái tom yum kung là như thế nào
pizza lẩu thái tom yum kung ra sao
pizza lẩu thái tom yum kung là gì
pizza lẩu thái tom yum kung có những gì
pizza lẩu thái tom yum kung có gì
pizza hải sản pesto xanh là gì
pizza hải sản pesto xanh có gì
pizza hải sản pesto xanh ra sao
pizza hải sản pesto xanh có những gì
pizza hải sản pesto xanh là như thế nào
pizza hải sản cao cấp là như thế nào
pizza hải sản cao cấp là gì
pizza hải sản cao cấp có những gì
pizza hải sản cao cấp có gì
pizza hải sản cao cấp ra sao
pizza hải sản cocktail có những gì
pizza hải sản cocktail là như thế nào
pizza hải sản cocktail ra sao
pizza hải sản cocktail là gì
pizza hải sản cocktail có gì
pizza hải sản nhiệt đới ra sao
pizza hải sản nhiệt đới có gì
pizza hải sản nhiệt đới có những gì
pizza hải sản nhiệt đới là gì
pizza hải sản nhiệt đới là như thế nào
pizza tôm cocktail là như thế nào
pizza tôm cocktail có gì
pizza tôm cocktail ra sao
pizza tôm cocktail có những gì
pizza tôm cocktail là gì
pizza năm loại thịt đặc biệt và rau củ nhân nhồi là gì
pizza năm loại thịt đặc biệt và rau củ nhân nhồi ra sao
pizza năm loại thịt đặc biệt và rau củ nhân nhồi là như thế nào
pizza năm loại thịt đặc biệt và rau củ nhân nhồi có những gì
pizza năm loại thịt đặc biệt và rau củ nhân nhồi có gì
pizza hawaii nhân nhồi ra sao
pizza hawaii nhân nhồi có những gì
pizza hawaii nhân nhồi là gì
pizza hawaii nhân nhồi là như thế nào
pizza hawaii nhân nhồi có gì
pizza gà nướng ba vị nhân nhồi có những gì
pizza gà nướng ba vị nhân nhồi ra sao
pizza gà nướng ba vị nhân nhồi là như thế nào
pizza gà nướng ba vị nhân nhồi là gì
pizza gà nướng ba vị nhân nhồi có gì
