bác order pizza xúc xích ý
chú cần mua pizza xúc xích ý
tớ đặt mua pizza xúc xích ý
tôi mua pizza xúc xích ý
bác cần mua pizza xúc xích ý
cô cần order pizza xúc xích ý
cô muốn order pizza xúc xích ý
tôi cần đặt pizza xúc xích ý
chú cần order pizza xúc xích ý
anh muốn đặt pizza xúc xích ý
tớ cần đặt pizza phô mai
chú cần mua pizza phô mai
chị mua pizza phô mai
mình cần đặt pizza phô mai
tớ cần đặt mua pizza phô mai
cô muốn đặt mua pizza phô mai
chú muốn order pizza phô mai
cô cần order pizza phô mai
em cần đặt mua pizza phô mai
cô cần đặt pizza phô mai
chú cần đặt pizza thịt nguội và nấm
tớ mua pizza thịt nguội và nấm
chú đặt pizza thịt nguội và nấm
cô muốn đặt pizza thịt nguội và nấm
anh muốn đặt pizza thịt nguội và nấm
chị muốn đặt mua pizza thịt nguội và nấm
anh cần mua pizza thịt nguội và nấm
tôi cần order pizza thịt nguội và nấm
cô mua pizza thịt nguội và nấm
cô cần đặt pizza thịt nguội và nấm
tôi muốn đặt mua pizza gà nướng dứa
chị order pizza gà nướng dứa
chị muốn order pizza gà nướng dứa
em đặt mua pizza gà nướng dứa
tôi order pizza gà nướng dứa
mình muốn mua pizza gà nướng dứa
cô cần đặt pizza gà nướng dứa
bác đặt pizza gà nướng dứa
em muốn mua pizza gà nướng dứa
chú muốn đặt pizza gà nướng dứa
mình đặt pizza rau củ
cô muốn order pizza rau củ
bác order pizza rau củ
tớ muốn order pizza rau củ
anh muốn đặt pizza rau củ
tôi đặt mua pizza rau củ
cô đặt pizza rau củ
cô muốn mua pizza rau củ
mình cần đặt mua pizza rau củ
em cần đặt mua pizza rau củ
tôi muốn đặt mua pizza hawaiian
bác mua pizza hawaiian
em đặt mua pizza hawaiian
mình muốn đặt mua pizza hawaiian
em muốn đặt pizza hawaiian
em cần đặt pizza hawaiian
bác cần đặt pizza hawaiian
chú đặt mua pizza hawaiian
chú muốn đặt mua pizza hawaiian
cô cần order pizza hawaiian
tôi muốn đặt pizza aloha
tôi đặt pizza aloha
anh cần mua pizza aloha
cô đặt pizza aloha
tớ cần order pizza aloha
tôi muốn đặt mua pizza aloha
tớ muốn đặt pizza aloha
mình mua pizza aloha
em đặt mua pizza aloha
chị order pizza aloha
chú muốn order pizza ba loại thịt thập cẩm và rau củ
chú mua pizza ba loại thịt thập cẩm và rau củ
anh cần mua pizza ba loại thịt thập cẩm và rau củ
tớ muốn đặt mua pizza ba loại thịt thập cẩm và rau củ
chị cần order pizza ba loại thịt thập cẩm và rau củ
cô mua pizza ba loại thịt thập cẩm và rau củ
tôi muốn đặt mua pizza ba loại thịt thập cẩm và rau củ
anh mua pizza ba loại thịt thập cẩm và rau củ
em mua pizza ba loại thịt thập cẩm và rau củ
bác muốn đặt mua pizza ba loại thịt thập cẩm và rau củ
em cần order pizza thịt xông khói
em cần đặt mua pizza thịt xông khói
chị cần đặt mua pizza thịt xông khói
anh muốn order pizza thịt xông khói
tớ cần đặt mua pizza thịt xông khói
tôi đặt mua pizza thịt xông khói
tớ cần order pizza thịt xông khói
chú order pizza thịt xông khói
tôi muốn order pizza thịt xông khói
cô cần đặt pizza thịt xông khói
cô mua pizza gà nướng ba vị
em cần order pizza gà nướng ba vị
bác đặt pizza gà nướng ba vị
cô muốn order pizza gà nướng ba vị
tớ muốn order pizza gà nướng ba vị
mình muốn đặt pizza gà nướng ba vị
tớ mua pizza gà nướng ba vị
tôi muốn đặt pizza gà nướng ba vị
anh cần đặt mua pizza gà nướng ba vị
cô muốn đặt pizza gà nướng ba vị
anh muốn mua pizza pizza thịt nguội kiểu canada
mình cần đặt mua pizza pizza thịt nguội kiểu canada
tôi order pizza pizza thịt nguội kiểu canada
tớ đặt pizza pizza thịt nguội kiểu canada
anh muốn order pizza pizza thịt nguội kiểu canada
tớ muốn đặt mua pizza pizza thịt nguội kiểu canada
chị cần đặt mua pizza pizza thịt nguội kiểu canada
tôi cần order pizza pizza thịt nguội kiểu canada
chị cần order pizza pizza thịt nguội kiểu canada
chị muốn order pizza pizza thịt nguội kiểu canada
cô cần đặt pizza năm loại thịt đặc biệt và rau củ
chị muốn đặt pizza năm loại thịt đặc biệt và rau củ
tôi muốn order pizza năm loại thịt đặc biệt và rau củ
tớ đặt mua pizza năm loại thịt đặc biệt và rau củ
cô mua pizza năm loại thịt đặc biệt và rau củ
bác muốn đặt mua pizza năm loại thịt đặc biệt và rau củ
chú muốn mua pizza năm loại thịt đặc biệt và rau củ
em cần đặt pizza năm loại thịt đặc biệt và rau củ
em muốn order pizza năm loại thịt đặc biệt và rau củ
tớ cần đặt mua pizza năm loại thịt đặc biệt và rau củ
chú muốn đặt mua pizza năm loại thịt đặc biệt
anh muốn đặt pizza năm loại thịt đặc biệt
tôi muốn order pizza năm loại thịt đặc biệt
bác cần mua pizza năm loại thịt đặc biệt
chị muốn đặt pizza năm loại thịt đặc biệt
mình đặt mua pizza năm loại thịt đặc biệt
em cần đặt pizza năm loại thịt đặc biệt
chú cần đặt mua pizza năm loại thịt đặc biệt
mình mua pizza năm loại thịt đặc biệt
tớ cần đặt pizza năm loại thịt đặc biệt
anh mua pizza lẩu thái tom yum kung
bác cần đặt mua pizza lẩu thái tom yum kung
anh cần đặt mua pizza lẩu thái tom yum kung
tớ đặt mua pizza lẩu thái tom yum kung
mình muốn đặt mua pizza lẩu thái tom yum kung
cô muốn đặt mua pizza lẩu thái tom yum kung
em cần đặt mua pizza lẩu thái tom yum kung
chú cần đặt pizza lẩu thái tom yum kung
bác cần mua pizza lẩu thái tom yum kung
chú cần đặt mua pizza lẩu thái tom yum kung
chị order pizza hải sản pesto xanh
chú cần mua pizza hải sản pesto xanh
chú order pizza hải sản pesto xanh
tớ muốn mua pizza hải sản pesto xanh
em muốn đặt pizza hải sản pesto xanh
em muốn mua pizza hải sản pesto xanh
anh đặt mua pizza hải sản pesto xanh
mình muốn đặt pizza hải sản pesto xanh
tôi cần đặt mua pizza hải sản pesto xanh
anh order pizza hải sản pesto xanh
tôi cần đặt mua pizza hải sản cao cấp
tớ cần order pizza hải sản cao cấp
em đặt mua pizza hải sản cao cấp
anh muốn đặt mua pizza hải sản cao cấp
chú muốn mua pizza hải sản cao cấp
em cần mua pizza hải sản cao cấp
tớ order pizza hải sản cao cấp
bác cần mua pizza hải sản cao cấp
chú mua pizza hải sản cao cấp
em muốn đặt mua pizza hải sản cao cấp
tớ muốn order pizza hải sản cocktail
anh order pizza hải sản cocktail
chú muốn đặt pizza hải sản cocktail
anh muốn order pizza hải sản cocktail
cô cần mua pizza hải sản cocktail
anh cần order pizza hải sản cocktail
tôi mua pizza hải sản cocktail
mình cần mua pizza hải sản cocktail
cô đặt mua pizza hải sản cocktail
cô cần đặt pizza hải sản cocktail
em muốn order pizza hải sản nhiệt đới
em cần đặt mua pizza hải sản nhiệt đới
bác muốn mua pizza hải sản nhiệt đới
cô đặt pizza hải sản nhiệt đới
tớ cần đặt pizza hải sản nhiệt đới
anh đặt mua pizza hải sản nhiệt đới
em cần đặt pizza hải sản nhiệt đới
em cần order pizza hải sản nhiệt đới
chị cần mua pizza hải sản nhiệt đới
chị mua pizza hải sản nhiệt đới
mình muốn mua pizza tôm cocktail
em order pizza tôm cocktail
bác cần đặt mua pizza tôm cocktail
em cần order pizza tôm cocktail
bác muốn đặt pizza tôm cocktail
cô đặt pizza tôm cocktail
em muốn đặt mua pizza tôm cocktail
mình cần mua pizza tôm cocktail
cô cần đặt mua pizza tôm cocktail
tớ muốn đặt mua pizza tôm cocktail
chú muốn mua pizza năm loại thịt đặc biệt và rau củ nhân nhồi
bác cần đặt pizza năm loại thịt đặc biệt và rau củ nhân nhồi
chị muốn đặt pizza năm loại thịt đặc biệt và rau củ nhân nhồi
cô cần order pizza năm loại thịt đặc biệt và rau củ nhân nhồi
chú order pizza năm loại thịt đặc biệt và rau củ nhân nhồi
cô muốn đặt mua pizza năm loại thịt đặc biệt và rau củ nhân nhồi
chị order pizza năm loại thịt đặc biệt và rau củ nhân nhồi
tớ muốn đặt pizza năm loại thịt đặc biệt và rau củ nhân nhồi
tôi cần đặt pizza năm loại thịt đặc biệt và rau củ nhân nhồi
em đặt mua pizza năm loại thịt đặc biệt và rau củ nhân nhồi
tớ đặt pizza hawaii nhân nhồi
cô mua pizza hawaii nhân nhồi
mình cần mua pizza hawaii nhân nhồi
cô cần order pizza hawaii nhân nhồi
anh cần mua pizza hawaii nhân nhồi
em muốn đặt mua pizza hawaii nhân nhồi
chị muốn order pizza hawaii nhân nhồi
tớ đặt mua pizza hawaii nhân nhồi
em muốn đặt pizza hawaii nhân nhồi
bác cần mua pizza hawaii nhân nhồi
bác cần đặt pizza gà nướng ba vị nhân nhồi
chị order pizza gà nướng ba vị nhân nhồi
cô đặt pizza gà nướng ba vị nhân nhồi
em đặt pizza gà nướng ba vị nhân nhồi
em cần mua pizza gà nướng ba vị nhân nhồi
tớ order pizza gà nướng ba vị nhân nhồi
chú muốn mua pizza gà nướng ba vị nhân nhồi
tớ muốn mua pizza gà nướng ba vị nhân nhồi
chị đặt mua pizza gà nướng ba vị nhân nhồi
chị cần order pizza gà nướng ba vị nhân nhồi
