mình cho cho chị đặt pizza xúc xích ý
mình cho cho tớ order pizza xúc xích ý
anh cho cho bác đặt mua pizza xúc xích ý
mình cho cho em đặt pizza xúc xích ý
chị cho cho tôi đặt mua pizza xúc xích ý
bên mình cho cho chị mua pizza xúc xích ý
anh cho cho anh order pizza xúc xích ý
anh cho cho chị đặt mua pizza xúc xích ý
chị cho cho tớ đặt pizza xúc xích ý
bên mình cho cho chú mua pizza xúc xích ý
bên mình cho cho chị đặt pizza phô mai
anh cho cho anh đặt pizza phô mai
chị cho cho tôi đặt pizza phô mai
chị cho cho tôi mua pizza phô mai
anh cho cho anh mua pizza phô mai
cửa hàng cho cho chị đặt mua pizza phô mai
mình cho cho chị order pizza phô mai
mình cho cho em đặt mua pizza phô mai
shop cho cho tớ đặt pizza phô mai
mình cho cho tớ đặt mua pizza phô mai
chị cho cho tôi đặt mua pizza thịt nguội và nấm
bên mình cho cho chú mua pizza thịt nguội và nấm
mình cho cho tôi order pizza thịt nguội và nấm
anh cho cho mình order pizza thịt nguội và nấm
cửa hàng cho cho cô order pizza thịt nguội và nấm
mình cho cho bác mua pizza thịt nguội và nấm
cửa hàng cho cho cô mua pizza thịt nguội và nấm
anh cho cho tôi order pizza thịt nguội và nấm
chị cho cho tôi đặt pizza thịt nguội và nấm
bên mình cho cho chị đặt mua pizza thịt nguội và nấm
cửa hàng cho cho mình order pizza gà nướng dứa
mình cho cho tớ order pizza gà nướng dứa
anh cho cho tôi order pizza gà nướng dứa
chị cho cho tôi order pizza gà nướng dứa
shop cho cho tôi đặt mua pizza gà nướng dứa
anh cho cho cô đặt mua pizza gà nướng dứa
bên mình cho cho bác mua pizza gà nướng dứa
mình cho cho tôi đặt pizza gà nướng dứa
bên mình cho cho tớ mua pizza gà nướng dứa
mình cho cho tớ đặt mua pizza gà nướng dứa
shop cho cho mình mua pizza rau củ
cửa hàng cho cho tớ mua pizza rau củ
anh cho cho tớ đặt mua pizza rau củ
bên mình cho cho cô đặt pizza rau củ
bên mình cho cho em đặt pizza rau củ
bên mình cho cho cô order pizza rau củ
cửa hàng cho cho mình đặt pizza rau củ
anh cho cho mình đặt mua pizza rau củ
chị cho cho chị đặt mua pizza rau củ
cửa hàng cho cho mình đặt mua pizza rau củ
chị cho cho anh đặt mua pizza hawaiian
anh cho cho cô đặt pizza hawaiian
chị cho cho chị đặt mua pizza hawaiian
anh cho cho chị đặt pizza hawaiian
bên mình cho cho anh đặt pizza hawaiian
mình cho cho mình mua pizza hawaiian
cửa hàng cho cho em đặt pizza hawaiian
anh cho cho bác đặt mua pizza hawaiian
bên mình cho cho tôi đặt mua pizza hawaiian
shop cho cho em order pizza hawaiian
mình cho cho anh mua pizza aloha
mình cho cho chị mua pizza aloha
shop cho cho cô đặt pizza aloha
mình cho cho em order pizza aloha
anh cho cho chị mua pizza aloha
mình cho cho mình order pizza aloha
cửa hàng cho cho tớ đặt mua pizza aloha
mình cho cho cô mua pizza aloha
bên mình cho cho mình mua pizza aloha
anh cho cho chị order pizza aloha
cửa hàng cho cho bác đặt mua pizza ba loại thịt thập cẩm và rau củ
cửa hàng cho cho em mua pizza ba loại thịt thập cẩm và rau củ
anh cho cho tôi order pizza ba loại thịt thập cẩm và rau củ
chị cho cho tớ đặt mua pizza ba loại thịt thập cẩm và rau củ
mình cho cho tôi đặt mua pizza ba loại thịt thập cẩm và rau củ
anh cho cho bác order pizza ba loại thịt thập cẩm và rau củ
cửa hàng cho cho cô đặt pizza ba loại thịt thập cẩm và rau củ
bên mình cho cho bác đặt mua pizza ba loại thịt thập cẩm và rau củ
bên mình cho cho anh đặt mua pizza ba loại thịt thập cẩm và rau củ
cửa hàng cho cho chú đặt pizza ba loại thịt thập cẩm và rau củ
chị cho cho tớ mua pizza thịt xông khói
mình cho cho mình order pizza thịt xông khói
cửa hàng cho cho chú đặt mua pizza thịt xông khói
anh cho cho mình order pizza thịt xông khói
cửa hàng cho cho em đặt mua pizza thịt xông khói
cửa hàng cho cho chú đặt pizza thịt xông khói
bên mình cho cho em order pizza thịt xông khói
cửa hàng cho cho bác đặt pizza thịt xông khói
chị cho cho cô order pizza thịt xông khói
anh cho cho em order pizza thịt xông khói
mình cho cho chị đặt mua pizza gà nướng ba vị
anh cho cho mình order pizza gà nướng ba vị
anh cho cho chú mua pizza gà nướng ba vị
bên mình cho cho anh đặt mua pizza gà nướng ba vị
mình cho cho bác mua pizza gà nướng ba vị
bên mình cho cho mình đặt mua pizza gà nướng ba vị
bên mình cho cho cô order pizza gà nướng ba vị
shop cho cho chị đặt mua pizza gà nướng ba vị
bên mình cho cho chú đặt pizza gà nướng ba vị
shop cho cho chị order pizza gà nướng ba vị
chị cho cho cô đặt pizza pizza thịt nguội kiểu canada
cửa hàng cho cho em mua pizza pizza thịt nguội kiểu canada
cửa hàng cho cho anh đặt pizza pizza thịt nguội kiểu canada
mình cho cho tôi order pizza pizza thịt nguội kiểu canada
cửa hàng cho cho tôi đặt pizza pizza thịt nguội kiểu canada
cửa hàng cho cho em đặt mua pizza pizza thịt nguội kiểu canada
anh cho cho mình mua pizza pizza thịt nguội kiểu canada
shop cho cho chị order pizza pizza thịt nguội kiểu canada
cửa hàng cho cho chị đặt mua pizza pizza thịt nguội kiểu canada
shop cho cho mình đặt pizza pizza thịt nguội kiểu canada
shop cho cho tớ order pizza năm loại thịt đặc biệt và rau củ
anh cho cho mình đặt mua pizza năm loại thịt đặc biệt và rau củ
bên mình cho cho chị đặt mua pizza năm loại thịt đặc biệt và rau củ
mình cho cho chị đặt pizza năm loại thịt đặc biệt và rau củ
shop cho cho chú mua pizza năm loại thịt đặc biệt và rau củ
anh cho cho tớ order pizza năm loại thịt đặc biệt và rau củ
mình cho cho tớ mua pizza năm loại thịt đặc biệt và rau củ
bên mình cho cho chị order pizza năm loại thịt đặc biệt và rau củ
bên mình cho cho tôi mua pizza năm loại thịt đặc biệt và rau củ
anh cho cho chị đặt pizza năm loại thịt đặc biệt và rau củ
bên mình cho cho em đặt pizza năm loại thịt đặc biệt
cửa hàng cho cho tớ đặt mua pizza năm loại thịt đặc biệt
mình cho cho chị order pizza năm loại thịt đặc biệt
mình cho cho bác đặt pizza năm loại thịt đặc biệt
mình cho cho chị đặt pizza năm loại thịt đặc biệt
shop cho cho bác đặt pizza năm loại thịt đặc biệt
bên mình cho cho chú mua pizza năm loại thịt đặc biệt
anh cho cho mình mua pizza năm loại thịt đặc biệt
cửa hàng cho cho tôi mua pizza năm loại thịt đặc biệt
shop cho cho chú đặt pizza năm loại thịt đặc biệt
mình cho cho bác đặt pizza lẩu thái tom yum kung
shop cho cho bác đặt mua pizza lẩu thái tom yum kung
mình cho cho em order pizza lẩu thái tom yum kung
bên mình cho cho em đặt mua pizza lẩu thái tom yum kung
chị cho cho mình đặt pizza lẩu thái tom yum kung
mình cho cho em mua pizza lẩu thái tom yum kung
bên mình cho cho tớ đặt pizza lẩu thái tom yum kung
mình cho cho tớ đặt pizza lẩu thái tom yum kung
mình cho cho anh đặt mua pizza lẩu thái tom yum kung
mình cho cho mình order pizza lẩu thái tom yum kung
bên mình cho cho chị đặt mua pizza hải sản pesto xanh
shop cho cho tớ đặt mua pizza hải sản pesto xanh
mình cho cho em mua pizza hải sản pesto xanh
mình cho cho chú order pizza hải sản pesto xanh
cửa hàng cho cho anh đặt pizza hải sản pesto xanh
chị cho cho anh đặt pizza hải sản pesto xanh
chị cho cho chú đặt pizza hải sản pesto xanh
bên mình cho cho chú đặt mua pizza hải sản pesto xanh
anh cho cho em order pizza hải sản pesto xanh
shop cho cho bác order pizza hải sản pesto xanh
anh cho cho bác order pizza hải sản cao cấp
bên mình cho cho em đặt mua pizza hải sản cao cấp
mình cho cho em đặt pizza hải sản cao cấp
mình cho cho bác đặt pizza hải sản cao cấp
cửa hàng cho cho anh mua pizza hải sản cao cấp
shop cho cho anh mua pizza hải sản cao cấp
cửa hàng cho cho mình đặt pizza hải sản cao cấp
bên mình cho cho tớ đặt mua pizza hải sản cao cấp
shop cho cho tớ đặt mua pizza hải sản cao cấp
chị cho cho tớ đặt pizza hải sản cao cấp
mình cho cho tôi đặt pizza hải sản cocktail
cửa hàng cho cho chị đặt pizza hải sản cocktail
chị cho cho tôi đặt pizza hải sản cocktail
anh cho cho mình đặt pizza hải sản cocktail
cửa hàng cho cho cô đặt pizza hải sản cocktail
mình cho cho mình mua pizza hải sản cocktail
chị cho cho chị đặt pizza hải sản cocktail
mình cho cho anh đặt mua pizza hải sản cocktail
chị cho cho bác order pizza hải sản cocktail
shop cho cho tớ đặt pizza hải sản cocktail
chị cho cho tôi order pizza hải sản nhiệt đới
cửa hàng cho cho bác đặt pizza hải sản nhiệt đới
shop cho cho tôi đặt mua pizza hải sản nhiệt đới
chị cho cho anh đặt mua pizza hải sản nhiệt đới
cửa hàng cho cho em đặt pizza hải sản nhiệt đới
bên mình cho cho em đặt pizza hải sản nhiệt đới
cửa hàng cho cho anh order pizza hải sản nhiệt đới
anh cho cho tớ đặt pizza hải sản nhiệt đới
cửa hàng cho cho mình đặt mua pizza hải sản nhiệt đới
chị cho cho chú mua pizza hải sản nhiệt đới
anh cho cho em đặt mua pizza tôm cocktail
chị cho cho chú đặt mua pizza tôm cocktail
bên mình cho cho cô mua pizza tôm cocktail
shop cho cho anh đặt mua pizza tôm cocktail
cửa hàng cho cho chú đặt mua pizza tôm cocktail
bên mình cho cho cô order pizza tôm cocktail
bên mình cho cho tớ đặt pizza tôm cocktail
shop cho cho em mua pizza tôm cocktail
mình cho cho chú đặt pizza tôm cocktail
mình cho cho em đặt pizza tôm cocktail
anh cho cho em đặt pizza năm loại thịt đặc biệt và rau củ nhân nhồi
mình cho cho cô order pizza năm loại thịt đặc biệt và rau củ nhân nhồi
mình cho cho em mua pizza năm loại thịt đặc biệt và rau củ nhân nhồi
shop cho cho em order pizza năm loại thịt đặc biệt và rau củ nhân nhồi
bên mình cho cho anh order pizza năm loại thịt đặc biệt và rau củ nhân nhồi
mình cho cho chú đặt pizza năm loại thịt đặc biệt và rau củ nhân nhồi
shop cho cho tớ đặt pizza năm loại thịt đặc biệt và rau củ nhân nhồi
chị cho cho anh đặt pizza năm loại thịt đặc biệt và rau củ nhân nhồi
cửa hàng cho cho mình mua pizza năm loại thịt đặc biệt và rau củ nhân nhồi
chị cho cho bác đặt mua pizza năm loại thịt đặc biệt và rau củ nhân nhồi
chị cho cho chú đặt pizza hawaii nhân nhồi
anh cho cho tôi mua pizza hawaii nhân nhồi
cửa hàng cho cho cô đặt pizza hawaii nhân nhồi
anh cho cho cô mua pizza hawaii nhân nhồi
bên mình cho cho mình đặt pizza hawaii nhân nhồi
anh cho cho cô order pizza hawaii nhân nhồi
bên mình cho cho cô đặt pizza hawaii nhân nhồi
cửa hàng cho cho tớ đặt mua pizza hawaii nhân nhồi
chị cho cho cô đặt mua pizza hawaii nhân nhồi
shop cho cho chị mua pizza hawaii nhân nhồi
chị cho cho tớ đặt pizza gà nướng ba vị nhân nhồi
bên mình cho cho bác đặt mua pizza gà nướng ba vị nhân nhồi
mình cho cho em đặt pizza gà nướng ba vị nhân nhồi
shop cho cho bác đặt pizza gà nướng ba vị nhân nhồi
chị cho cho tớ order pizza gà nướng ba vị nhân nhồi
anh cho cho em mua pizza gà nướng ba vị nhân nhồi
shop cho cho cô đặt pizza gà nướng ba vị nhân nhồi
shop cho cho tôi đặt mua pizza gà nướng ba vị nhân nhồi
cửa hàng cho cho em đặt mua pizza gà nướng ba vị nhân nhồi
chị cho cho bác order pizza gà nướng ba vị nhân nhồi
