chị muốn mua pizza xúc xích ý loại vừa
em cần đặt mua pizza xúc xích ý cỡ bé
cô cần đặt mua pizza xúc xích ý cỡ lớn
cô muốn mua pizza xúc xích ý cỡ nhỏ
tôi mua pizza xúc xích ý loại lớn
chị muốn order pizza xúc xích ý loại nhỏ
chị cần order pizza xúc xích ý loại lớn
em đặt pizza xúc xích ý cỡ lớn
tôi order pizza xúc xích ý cỡ vừa
bác đặt mua pizza xúc xích ý cỡ nhỏ
chú cần mua pizza phô mai cỡ bé
tớ muốn order pizza phô mai loại bé
tôi muốn đặt mua pizza phô mai loại nhỏ
em cần order pizza phô mai cỡ lớn
mình muốn đặt pizza phô mai cỡ vừa
tớ cần order pizza phô mai loại bé
bác cần mua pizza phô mai cỡ nhỏ
anh order pizza phô mai loại vừa
mình cần đặt mua pizza phô mai loại lớn
chị mua pizza phô mai loại bé
em cần mua pizza thịt nguội và nấm cỡ vừa
tôi muốn order pizza thịt nguội và nấm loại vừa
tớ cần đặt pizza thịt nguội và nấm loại bé
anh muốn đặt pizza thịt nguội và nấm cỡ bé
tôi đặt pizza thịt nguội và nấm cỡ nhỏ
bác muốn đặt mua pizza thịt nguội và nấm cỡ nhỏ
bác muốn mua pizza thịt nguội và nấm loại bé
mình muốn mua pizza thịt nguội và nấm cỡ bé
anh mua pizza thịt nguội và nấm cỡ nhỏ
bác muốn đặt pizza thịt nguội và nấm cỡ nhỏ
tôi cần mua pizza gà nướng dứa cỡ lớn
tôi cần mua pizza gà nướng dứa loại nhỏ
tôi muốn đặt pizza gà nướng dứa loại nhỏ
mình đặt mua pizza gà nướng dứa cỡ bé
em muốn mua pizza gà nướng dứa cỡ lớn
chị order pizza gà nướng dứa loại nhỏ
chị order pizza gà nướng dứa cỡ vừa
em đặt mua pizza gà nướng dứa cỡ vừa
cô muốn mua pizza gà nướng dứa loại lớn
bác mua pizza gà nướng dứa loại lớn
mình mua pizza rau củ loại nhỏ
chú cần đặt pizza rau củ cỡ nhỏ
mình cần đặt pizza rau củ cỡ lớn
chị đặt mua pizza rau củ loại nhỏ
tôi muốn mua pizza rau củ loại vừa
chị muốn mua pizza rau củ loại lớn
chú cần đặt pizza rau củ loại vừa
anh muốn order pizza rau củ loại nhỏ
em muốn đặt pizza rau củ cỡ bé
chị muốn đặt mua pizza rau củ cỡ lớn
em đặt mua pizza hawaiian cỡ vừa
cô muốn mua pizza hawaiian loại bé
chị muốn order pizza hawaiian loại vừa
tớ muốn đặt pizza hawaiian cỡ vừa
em đặt mua pizza hawaiian loại lớn
cô đặt pizza hawaiian loại vừa
bác cần đặt pizza hawaiian loại vừa
anh đặt pizza hawaiian cỡ lớn
chú cần mua pizza hawaiian cỡ bé
tôi mua pizza hawaiian cỡ lớn
cô muốn mua pizza aloha cỡ lớn
chú cần đặt pizza aloha loại vừa
em muốn order pizza aloha cỡ vừa
tớ cần đặt mua pizza aloha loại lớn
tớ mua pizza aloha cỡ vừa
chị cần order pizza aloha cỡ bé
chị mua pizza aloha cỡ bé
chị cần đặt pizza aloha loại nhỏ
mình cần order pizza aloha loại nhỏ
chị cần mua pizza aloha loại nhỏ
tôi order pizza ba loại thịt thập cẩm và rau củ loại lớn
cô muốn đặt mua pizza ba loại thịt thập cẩm và rau củ loại vừa
tôi cần đặt mua pizza ba loại thịt thập cẩm và rau củ cỡ nhỏ
tôi cần đặt mua pizza ba loại thịt thập cẩm và rau củ loại lớn
chú cần order pizza ba loại thịt thập cẩm và rau củ loại vừa
cô muốn đặt pizza ba loại thịt thập cẩm và rau củ loại lớn
tớ muốn mua pizza ba loại thịt thập cẩm và rau củ cỡ nhỏ
bác cần đặt pizza ba loại thịt thập cẩm và rau củ cỡ lớn
chú muốn order pizza ba loại thịt thập cẩm và rau củ cỡ vừa
chị cần order pizza ba loại thịt thập cẩm và rau củ loại bé
tớ đặt mua pizza thịt xông khói loại lớn
mình muốn mua pizza thịt xông khói loại nhỏ
tớ cần order pizza thịt xông khói loại bé
chú cần đặt pizza thịt xông khói loại nhỏ
tôi mua pizza thịt xông khói cỡ vừa
tớ đặt pizza thịt xông khói loại bé
chú cần đặt pizza thịt xông khói loại bé
em muốn đặt pizza thịt xông khói cỡ bé
tôi đặt pizza thịt xông khói loại vừa
cô mua pizza thịt xông khói loại vừa
tớ muốn mua pizza gà nướng ba vị cỡ lớn
anh cần đặt mua pizza gà nướng ba vị loại nhỏ
tớ mua pizza gà nướng ba vị loại nhỏ
bác đặt pizza gà nướng ba vị loại lớn
anh cần đặt pizza gà nướng ba vị loại nhỏ
cô muốn đặt pizza gà nướng ba vị loại vừa
chị muốn mua pizza gà nướng ba vị loại lớn
chú muốn đặt mua pizza gà nướng ba vị loại lớn
anh muốn mua pizza gà nướng ba vị cỡ lớn
em muốn mua pizza gà nướng ba vị loại nhỏ
chú muốn mua pizza pizza thịt nguội kiểu canada loại bé
chị cần đặt pizza pizza thịt nguội kiểu canada loại lớn
mình đặt pizza pizza thịt nguội kiểu canada loại bé
bác muốn mua pizza pizza thịt nguội kiểu canada loại vừa
chú order pizza pizza thịt nguội kiểu canada cỡ nhỏ
anh order pizza pizza thịt nguội kiểu canada cỡ bé
bác order pizza pizza thịt nguội kiểu canada loại nhỏ
chị cần đặt mua pizza pizza thịt nguội kiểu canada loại lớn
mình cần đặt pizza pizza thịt nguội kiểu canada cỡ nhỏ
anh order pizza pizza thịt nguội kiểu canada loại lớn
cô muốn mua pizza năm loại thịt đặc biệt và rau củ cỡ bé
anh muốn đặt pizza năm loại thịt đặc biệt và rau củ cỡ bé
em muốn đặt mua pizza năm loại thịt đặc biệt và rau củ cỡ bé
chú cần đặt mua pizza năm loại thịt đặc biệt và rau củ loại nhỏ
tớ muốn đặt pizza năm loại thịt đặc biệt và rau củ loại bé
bác muốn đặt pizza năm loại thịt đặc biệt và rau củ loại bé
cô muốn đặt mua pizza năm loại thịt đặc biệt và rau củ loại lớn
tôi cần đặt pizza năm loại thịt đặc biệt và rau củ loại nhỏ
chú mua pizza năm loại thịt đặc biệt và rau củ loại bé
anh muốn mua pizza năm loại thịt đặc biệt và rau củ cỡ bé
cô cần order pizza năm loại thịt đặc biệt cỡ bé
chị đặt mua pizza năm loại thịt đặc biệt loại lớn
tôi mua pizza năm loại thịt đặc biệt loại lớn
tôi cần mua pizza năm loại thịt đặc biệt cỡ bé
tớ muốn đặt mua pizza năm loại thịt đặc biệt loại bé
tớ cần đặt pizza năm loại thịt đặc biệt cỡ bé
cô muốn order pizza năm loại thịt đặc biệt loại nhỏ
mình cần mua pizza năm loại thịt đặc biệt loại nhỏ
chị đặt mua pizza năm loại thịt đặc biệt loại bé
em muốn đặt mua pizza năm loại thịt đặc biệt cỡ vừa
em cần đặt pizza lẩu thái tom yum kung loại nhỏ
mình muốn order pizza lẩu thái tom yum kung loại bé
anh cần mua pizza lẩu thái tom yum kung loại vừa
tôi cần order pizza lẩu thái tom yum kung loại vừa
anh muốn đặt pizza lẩu thái tom yum kung cỡ vừa
anh đặt mua pizza lẩu thái tom yum kung cỡ lớn
chú cần order pizza lẩu thái tom yum kung loại bé
chị order pizza lẩu thái tom yum kung loại lớn
mình cần mua pizza lẩu thái tom yum kung cỡ nhỏ
chú muốn mua pizza lẩu thái tom yum kung loại nhỏ
tôi order pizza hải sản pesto xanh loại bé
chị cần mua pizza hải sản pesto xanh loại nhỏ
chú đặt mua pizza hải sản pesto xanh loại lớn
anh muốn order pizza hải sản pesto xanh cỡ lớn
tôi cần order pizza hải sản pesto xanh cỡ nhỏ
mình muốn đặt pizza hải sản pesto xanh cỡ vừa
chị đặt mua pizza hải sản pesto xanh cỡ vừa
tôi muốn đặt mua pizza hải sản pesto xanh cỡ vừa
em cần order pizza hải sản pesto xanh cỡ lớn
mình muốn mua pizza hải sản pesto xanh loại vừa
em muốn order pizza hải sản cao cấp cỡ vừa
tớ muốn đặt pizza hải sản cao cấp cỡ nhỏ
tôi muốn mua pizza hải sản cao cấp loại vừa
chị order pizza hải sản cao cấp cỡ lớn
em muốn đặt mua pizza hải sản cao cấp loại vừa
tớ muốn đặt mua pizza hải sản cao cấp loại vừa
chú cần mua pizza hải sản cao cấp cỡ bé
chú cần order pizza hải sản cao cấp loại vừa
tớ muốn order pizza hải sản cao cấp cỡ lớn
tôi mua pizza hải sản cao cấp cỡ lớn
tớ đặt mua pizza hải sản cocktail loại bé
tôi cần đặt pizza hải sản cocktail loại vừa
chú cần đặt pizza hải sản cocktail loại nhỏ
bác cần order pizza hải sản cocktail cỡ vừa
bác cần order pizza hải sản cocktail cỡ nhỏ
cô muốn mua pizza hải sản cocktail cỡ bé
chú muốn mua pizza hải sản cocktail loại lớn
anh đặt mua pizza hải sản cocktail cỡ bé
tớ muốn đặt mua pizza hải sản cocktail cỡ bé
tớ cần đặt mua pizza hải sản cocktail loại vừa
chị cần đặt mua pizza hải sản nhiệt đới cỡ bé
chú order pizza hải sản nhiệt đới loại nhỏ
chú muốn order pizza hải sản nhiệt đới loại bé
tôi cần đặt mua pizza hải sản nhiệt đới loại nhỏ
tôi mua pizza hải sản nhiệt đới loại lớn
mình cần order pizza hải sản nhiệt đới loại bé
tôi muốn đặt mua pizza hải sản nhiệt đới loại lớn
cô cần đặt mua pizza hải sản nhiệt đới loại lớn
chị mua pizza hải sản nhiệt đới cỡ lớn
cô cần order pizza hải sản nhiệt đới cỡ vừa
chú đặt pizza tôm cocktail cỡ lớn
em cần mua pizza tôm cocktail cỡ nhỏ
tớ cần đặt pizza tôm cocktail loại nhỏ
chú cần order pizza tôm cocktail cỡ vừa
anh cần mua pizza tôm cocktail loại bé
bác cần đặt pizza tôm cocktail loại nhỏ
cô cần đặt mua pizza tôm cocktail loại nhỏ
mình muốn đặt mua pizza tôm cocktail loại vừa
anh muốn order pizza tôm cocktail loại lớn
bác cần order pizza tôm cocktail loại bé
tôi order pizza năm loại thịt đặc biệt và rau củ nhân nhồi loại vừa
cô muốn order pizza năm loại thịt đặc biệt và rau củ nhân nhồi loại bé
bác cần order pizza năm loại thịt đặc biệt và rau củ nhân nhồi cỡ vừa
em đặt pizza năm loại thịt đặc biệt và rau củ nhân nhồi loại nhỏ
bác muốn đặt mua pizza năm loại thịt đặc biệt và rau củ nhân nhồi cỡ nhỏ
bác cần đặt pizza năm loại thịt đặc biệt và rau củ nhân nhồi loại vừa
chú cần order pizza năm loại thịt đặc biệt và rau củ nhân nhồi loại vừa
tôi order pizza năm loại thịt đặc biệt và rau củ nhân nhồi cỡ lớn
tớ muốn đặt mua pizza năm loại thịt đặc biệt và rau củ nhân nhồi loại nhỏ
anh cần đặt mua pizza năm loại thịt đặc biệt và rau củ nhân nhồi loại nhỏ
tôi cần mua pizza hawaii nhân nhồi cỡ nhỏ
cô đặt mua pizza hawaii nhân nhồi cỡ lớn
em cần order pizza hawaii nhân nhồi cỡ nhỏ
em mua pizza hawaii nhân nhồi cỡ bé
chú cần đặt pizza hawaii nhân nhồi cỡ lớn
em muốn mua pizza hawaii nhân nhồi loại nhỏ
mình mua pizza hawaii nhân nhồi cỡ lớn
anh mua pizza hawaii nhân nhồi cỡ nhỏ
em muốn đặt pizza hawaii nhân nhồi cỡ vừa
tôi cần đặt pizza hawaii nhân nhồi loại vừa
bác muốn order pizza gà nướng ba vị nhân nhồi cỡ bé
bác mua pizza gà nướng ba vị nhân nhồi loại nhỏ
chú cần đặt pizza gà nướng ba vị nhân nhồi cỡ lớn
chị muốn đặt pizza gà nướng ba vị nhân nhồi cỡ bé
bác đặt pizza gà nướng ba vị nhân nhồi cỡ lớn
tôi muốn order pizza gà nướng ba vị nhân nhồi loại bé
tớ đặt pizza gà nướng ba vị nhân nhồi cỡ bé
tôi order pizza gà nướng ba vị nhân nhồi loại bé
tôi cần order pizza gà nướng ba vị nhân nhồi cỡ bé
anh đặt mua pizza gà nướng ba vị nhân nhồi loại vừa
