vậy lấy cho tôi một cái pizza xúc xích ý
vậy cho bác mười chiếc pizza xúc xích ý
để cho chú ba cái pizza xúc xích ý
lấy cho tớ sáu cái pizza xúc xích ý
vậy cho anh tám cái pizza xúc xích ý
vậy lấy cho mình mười chiếc pizza xúc xích ý
vậy lấy cho em chín cái pizza xúc xích ý
vậy lấy cho mình một chiếc pizza xúc xích ý
vậy cho bác bốn chiếc pizza xúc xích ý
lấy cho cô chín cái pizza xúc xích ý
vậy cho tớ mười chiếc pizza phô mai
vậy lấy cho em một cái pizza phô mai
vậy cho mình chín chiếc pizza phô mai
lấy cho chú chín cái pizza phô mai
để cho anh sáu chiếc pizza phô mai
để cho chú bảy chiếc pizza phô mai
vậy cho chị ba cái pizza phô mai
cho mình bốn cái pizza phô mai
vậy cho chú sáu chiếc pizza phô mai
lấy cho mình bốn cái pizza phô mai
để cho mình hai cái pizza thịt nguội và nấm
lấy cho chị mười chiếc pizza thịt nguội và nấm
vậy cho chị tám cái pizza thịt nguội và nấm
vậy cho anh năm chiếc pizza thịt nguội và nấm
để cho em ba cái pizza thịt nguội và nấm
vậy cho tôi bốn cái pizza thịt nguội và nấm
vậy lấy cho tôi tám chiếc pizza thịt nguội và nấm
vậy để cho cô chín chiếc pizza thịt nguội và nấm
để cho anh ba chiếc pizza thịt nguội và nấm
lấy cho cô tám cái pizza thịt nguội và nấm
vậy cho tớ năm cái pizza gà nướng dứa
cho chú ba cái pizza gà nướng dứa
để cho tớ tám cái pizza gà nướng dứa
lấy cho tớ một cái pizza gà nướng dứa
vậy cho chị bảy cái pizza gà nướng dứa
vậy cho cô bảy chiếc pizza gà nướng dứa
để cho bác sáu cái pizza gà nướng dứa
vậy lấy cho tớ bảy chiếc pizza gà nướng dứa
vậy để cho chú một chiếc pizza gà nướng dứa
vậy cho chú sáu cái pizza gà nướng dứa
vậy cho chú một cái pizza rau củ
để cho mình sáu chiếc pizza rau củ
vậy cho mình hai chiếc pizza rau củ
để cho tôi sáu cái pizza rau củ
để cho tớ mười chiếc pizza rau củ
để cho chú tám chiếc pizza rau củ
vậy lấy cho tớ bảy cái pizza rau củ
vậy lấy cho anh ba cái pizza rau củ
vậy lấy cho chị năm cái pizza rau củ
vậy lấy cho tôi hai chiếc pizza rau củ
vậy cho mình bảy cái pizza hawaiian
vậy cho mình hai chiếc pizza hawaiian
để cho chị bốn chiếc pizza hawaiian
vậy để cho anh một cái pizza hawaiian
lấy cho cô bảy cái pizza hawaiian
để cho chú một chiếc pizza hawaiian
lấy cho tôi ba chiếc pizza hawaiian
vậy cho anh mười chiếc pizza hawaiian
cho chú tám chiếc pizza hawaiian
lấy cho anh tám cái pizza hawaiian
vậy lấy cho cô năm chiếc pizza aloha
vậy để cho tôi bốn cái pizza aloha
vậy lấy cho chú hai cái pizza aloha
vậy để cho bác chín chiếc pizza aloha
vậy cho anh ba chiếc pizza aloha
vậy lấy cho em bảy cái pizza aloha
vậy cho chú bốn cái pizza aloha
lấy cho chị mười cái pizza aloha
để cho chị bảy cái pizza aloha
cho tôi bảy cái pizza aloha
vậy để cho em sáu chiếc pizza ba loại thịt thập cẩm và rau củ
lấy cho tớ bảy chiếc pizza ba loại thịt thập cẩm và rau củ
vậy cho mình sáu chiếc pizza ba loại thịt thập cẩm và rau củ
vậy để cho em ba chiếc pizza ba loại thịt thập cẩm và rau củ
để cho tôi tám chiếc pizza ba loại thịt thập cẩm và rau củ
vậy lấy cho tôi tám chiếc pizza ba loại thịt thập cẩm và rau củ
vậy lấy cho em bảy cái pizza ba loại thịt thập cẩm và rau củ
vậy cho bác sáu cái pizza ba loại thịt thập cẩm và rau củ
vậy để cho cô chín chiếc pizza ba loại thịt thập cẩm và rau củ
vậy lấy cho anh ba cái pizza ba loại thịt thập cẩm và rau củ
lấy cho mình năm chiếc pizza thịt xông khói
để cho cô năm cái pizza thịt xông khói
vậy cho chú một cái pizza thịt xông khói
lấy cho cô hai cái pizza thịt xông khói
vậy cho tớ tám cái pizza thịt xông khói
vậy cho chú năm chiếc pizza thịt xông khói
để cho tớ ba chiếc pizza thịt xông khói
cho chị một cái pizza thịt xông khói
vậy cho bác một cái pizza thịt xông khói
để cho chú ba chiếc pizza thịt xông khói
để cho chú mười chiếc pizza gà nướng ba vị
vậy lấy cho em hai cái pizza gà nướng ba vị
để cho chú tám chiếc pizza gà nướng ba vị
vậy để cho chú chín cái pizza gà nướng ba vị
vậy lấy cho bác chín cái pizza gà nướng ba vị
lấy cho tớ một chiếc pizza gà nướng ba vị
lấy cho bác chín chiếc pizza gà nướng ba vị
lấy cho em hai cái pizza gà nướng ba vị
cho bác bảy cái pizza gà nướng ba vị
để cho anh chín chiếc pizza gà nướng ba vị
cho cô hai chiếc pizza pizza thịt nguội kiểu canada
vậy cho chị sáu chiếc pizza pizza thịt nguội kiểu canada
cho cô hai cái pizza pizza thịt nguội kiểu canada
vậy cho cô năm cái pizza pizza thịt nguội kiểu canada
vậy để cho bác ba cái pizza pizza thịt nguội kiểu canada
lấy cho chú ba chiếc pizza pizza thịt nguội kiểu canada
vậy cho cô ba chiếc pizza pizza thịt nguội kiểu canada
vậy để cho cô hai chiếc pizza pizza thịt nguội kiểu canada
vậy cho mình mười cái pizza pizza thịt nguội kiểu canada
vậy lấy cho anh năm chiếc pizza pizza thịt nguội kiểu canada
vậy lấy cho anh sáu cái pizza năm loại thịt đặc biệt và rau củ
cho tôi tám cái pizza năm loại thịt đặc biệt và rau củ
vậy để cho em năm chiếc pizza năm loại thịt đặc biệt và rau củ
lấy cho tớ chín chiếc pizza năm loại thịt đặc biệt và rau củ
cho anh sáu chiếc pizza năm loại thịt đặc biệt và rau củ
vậy lấy cho cô bảy chiếc pizza năm loại thịt đặc biệt và rau củ
vậy để cho anh chín cái pizza năm loại thịt đặc biệt và rau củ
cho em tám cái pizza năm loại thịt đặc biệt và rau củ
vậy cho chị năm cái pizza năm loại thịt đặc biệt và rau củ
cho chị tám chiếc pizza năm loại thịt đặc biệt và rau củ
để cho anh ba cái pizza năm loại thịt đặc biệt
để cho mình năm cái pizza năm loại thịt đặc biệt
lấy cho tôi mười cái pizza năm loại thịt đặc biệt
vậy lấy cho tôi một chiếc pizza năm loại thịt đặc biệt
vậy lấy cho mình bốn cái pizza năm loại thịt đặc biệt
vậy lấy cho chị bảy chiếc pizza năm loại thịt đặc biệt
để cho bác chín cái pizza năm loại thịt đặc biệt
vậy để cho em chín cái pizza năm loại thịt đặc biệt
cho anh một cái pizza năm loại thịt đặc biệt
lấy cho chú mười chiếc pizza năm loại thịt đặc biệt
cho mình chín cái pizza lẩu thái tom yum kung
cho chị sáu cái pizza lẩu thái tom yum kung
vậy cho anh sáu chiếc pizza lẩu thái tom yum kung
cho bác mười chiếc pizza lẩu thái tom yum kung
vậy lấy cho tôi ba cái pizza lẩu thái tom yum kung
cho cô tám chiếc pizza lẩu thái tom yum kung
để cho anh bốn chiếc pizza lẩu thái tom yum kung
vậy cho anh sáu cái pizza lẩu thái tom yum kung
để cho chị tám cái pizza lẩu thái tom yum kung
vậy cho tớ sáu cái pizza lẩu thái tom yum kung
vậy lấy cho em tám chiếc pizza hải sản pesto xanh
vậy cho tớ năm cái pizza hải sản pesto xanh
vậy lấy cho bác mười chiếc pizza hải sản pesto xanh
lấy cho mình bốn chiếc pizza hải sản pesto xanh
vậy cho anh sáu cái pizza hải sản pesto xanh
để cho cô chín chiếc pizza hải sản pesto xanh
vậy để cho mình sáu chiếc pizza hải sản pesto xanh
lấy cho tôi bảy chiếc pizza hải sản pesto xanh
để cho tớ mười cái pizza hải sản pesto xanh
vậy để cho mình chín cái pizza hải sản pesto xanh
để cho cô năm chiếc pizza hải sản cao cấp
vậy cho chị ba chiếc pizza hải sản cao cấp
vậy để cho bác tám chiếc pizza hải sản cao cấp
lấy cho tớ tám chiếc pizza hải sản cao cấp
lấy cho mình ba chiếc pizza hải sản cao cấp
cho cô hai cái pizza hải sản cao cấp
để cho anh chín chiếc pizza hải sản cao cấp
vậy để cho cô năm chiếc pizza hải sản cao cấp
vậy lấy cho anh bốn cái pizza hải sản cao cấp
để cho tớ sáu cái pizza hải sản cao cấp
cho chị tám chiếc pizza hải sản cocktail
vậy lấy cho chị một chiếc pizza hải sản cocktail
cho chú hai chiếc pizza hải sản cocktail
lấy cho em mười cái pizza hải sản cocktail
để cho em năm chiếc pizza hải sản cocktail
cho em hai cái pizza hải sản cocktail
vậy để cho em ba chiếc pizza hải sản cocktail
vậy để cho mình chín cái pizza hải sản cocktail
vậy lấy cho chị tám chiếc pizza hải sản cocktail
lấy cho chú năm chiếc pizza hải sản cocktail
vậy để cho mình tám cái pizza hải sản nhiệt đới
để cho em tám chiếc pizza hải sản nhiệt đới
cho cô bốn cái pizza hải sản nhiệt đới
để cho chú hai cái pizza hải sản nhiệt đới
lấy cho chú một chiếc pizza hải sản nhiệt đới
cho chị năm chiếc pizza hải sản nhiệt đới
cho bác tám cái pizza hải sản nhiệt đới
vậy cho bác tám cái pizza hải sản nhiệt đới
lấy cho chị ba cái pizza hải sản nhiệt đới
lấy cho cô năm chiếc pizza hải sản nhiệt đới
vậy cho anh bảy chiếc pizza tôm cocktail
vậy cho em hai cái pizza tôm cocktail
để cho cô bốn chiếc pizza tôm cocktail
lấy cho tôi bảy chiếc pizza tôm cocktail
vậy để cho cô bốn cái pizza tôm cocktail
để cho chị hai cái pizza tôm cocktail
vậy để cho bác năm chiếc pizza tôm cocktail
vậy để cho chị sáu cái pizza tôm cocktail
vậy để cho cô tám chiếc pizza tôm cocktail
vậy lấy cho em một chiếc pizza tôm cocktail
để cho mình năm cái pizza năm loại thịt đặc biệt và rau củ nhân nhồi
vậy lấy cho tớ chín cái pizza năm loại thịt đặc biệt và rau củ nhân nhồi
vậy để cho cô sáu cái pizza năm loại thịt đặc biệt và rau củ nhân nhồi
lấy cho cô bảy chiếc pizza năm loại thịt đặc biệt và rau củ nhân nhồi
để cho cô chín cái pizza năm loại thịt đặc biệt và rau củ nhân nhồi
cho anh sáu cái pizza năm loại thịt đặc biệt và rau củ nhân nhồi
vậy để cho tôi ba cái pizza năm loại thịt đặc biệt và rau củ nhân nhồi
vậy lấy cho tôi tám chiếc pizza năm loại thịt đặc biệt và rau củ nhân nhồi
vậy cho bác sáu cái pizza năm loại thịt đặc biệt và rau củ nhân nhồi
vậy lấy cho chị bốn cái pizza năm loại thịt đặc biệt và rau củ nhân nhồi
vậy để cho bác chín cái pizza hawaii nhân nhồi
để cho anh chín cái pizza hawaii nhân nhồi
vậy để cho tớ mười chiếc pizza hawaii nhân nhồi
cho mình ba chiếc pizza hawaii nhân nhồi
cho em bốn cái pizza hawaii nhân nhồi
vậy cho chị bốn cái pizza hawaii nhân nhồi
cho tôi bốn cái pizza hawaii nhân nhồi
để cho anh bảy cái pizza hawaii nhân nhồi
để cho chú mười chiếc pizza hawaii nhân nhồi
vậy cho mình mười cái pizza hawaii nhân nhồi
để cho em một cái pizza gà nướng ba vị nhân nhồi
để cho mình chín chiếc pizza gà nướng ba vị nhân nhồi
vậy để cho em năm cái pizza gà nướng ba vị nhân nhồi
vậy cho tớ tám chiếc pizza gà nướng ba vị nhân nhồi
để cho anh tám chiếc pizza gà nướng ba vị nhân nhồi
vậy để cho anh bảy cái pizza gà nướng ba vị nhân nhồi
vậy để cho chị ba cái pizza gà nướng ba vị nhân nhồi
cho chú mười cái pizza gà nướng ba vị nhân nhồi
cho chị bốn chiếc pizza gà nướng ba vị nhân nhồi
vậy để cho tớ tám cái pizza gà nướng ba vị nhân nhồi
