pizza xúc xích ý giá cả bao nhiêu
pizza xúc xích ý giá cả thế nào
pizza xúc xích ý giá thế nào
pizza xúc xích ý giá cả ra sao
pizza xúc xích ý giá bao nhiêu
pizza xúc xích ý giá cả đắt không
pizza xúc xích ý giá đắt không
pizza xúc xích ý giá ra sao
pizza phô mai giá cả đắt không
pizza phô mai giá ra sao
pizza phô mai giá cả ra sao
pizza phô mai giá đắt không
pizza phô mai giá cả thế nào
pizza phô mai giá bao nhiêu
pizza phô mai giá cả bao nhiêu
pizza phô mai giá thế nào
pizza thịt nguội và nấm giá cả thế nào
pizza thịt nguội và nấm giá thế nào
pizza thịt nguội và nấm giá cả bao nhiêu
pizza thịt nguội và nấm giá bao nhiêu
pizza thịt nguội và nấm giá cả ra sao
pizza thịt nguội và nấm giá đắt không
pizza thịt nguội và nấm giá ra sao
pizza thịt nguội và nấm giá cả đắt không
pizza gà nướng dứa giá cả đắt không
pizza gà nướng dứa giá cả ra sao
pizza gà nướng dứa giá thế nào
pizza gà nướng dứa giá đắt không
pizza gà nướng dứa giá cả bao nhiêu
pizza gà nướng dứa giá ra sao
pizza gà nướng dứa giá bao nhiêu
pizza gà nướng dứa giá cả thế nào
pizza rau củ giá cả đắt không
pizza rau củ giá cả ra sao
pizza rau củ giá đắt không
pizza rau củ giá ra sao
pizza rau củ giá thế nào
pizza rau củ giá cả bao nhiêu
pizza rau củ giá cả thế nào
pizza rau củ giá bao nhiêu
pizza hawaiian giá cả bao nhiêu
pizza hawaiian giá cả ra sao
pizza hawaiian giá cả thế nào
pizza hawaiian giá thế nào
pizza hawaiian giá bao nhiêu
pizza hawaiian giá ra sao
pizza hawaiian giá đắt không
pizza hawaiian giá cả đắt không
pizza aloha giá ra sao
pizza aloha giá bao nhiêu
pizza aloha giá thế nào
pizza aloha giá cả đắt không
pizza aloha giá cả thế nào
pizza aloha giá đắt không
pizza aloha giá cả ra sao
pizza aloha giá cả bao nhiêu
pizza ba loại thịt thập cẩm và rau củ giá cả thế nào
pizza ba loại thịt thập cẩm và rau củ giá thế nào
pizza ba loại thịt thập cẩm và rau củ giá bao nhiêu
pizza ba loại thịt thập cẩm và rau củ giá đắt không
pizza ba loại thịt thập cẩm và rau củ giá cả ra sao
pizza ba loại thịt thập cẩm và rau củ giá cả bao nhiêu
pizza ba loại thịt thập cẩm và rau củ giá cả đắt không
pizza ba loại thịt thập cẩm và rau củ giá ra sao
pizza thịt xông khói giá cả bao nhiêu
pizza thịt xông khói giá ra sao
pizza thịt xông khói giá cả đắt không
pizza thịt xông khói giá đắt không
pizza thịt xông khói giá cả thế nào
pizza thịt xông khói giá bao nhiêu
pizza thịt xông khói giá thế nào
pizza thịt xông khói giá cả ra sao
pizza gà nướng ba vị giá cả bao nhiêu
pizza gà nướng ba vị giá thế nào
pizza gà nướng ba vị giá cả thế nào
pizza gà nướng ba vị giá cả đắt không
pizza gà nướng ba vị giá ra sao
pizza gà nướng ba vị giá cả ra sao
pizza gà nướng ba vị giá đắt không
pizza gà nướng ba vị giá bao nhiêu
pizza pizza thịt nguội kiểu canada giá cả đắt không
pizza pizza thịt nguội kiểu canada giá cả bao nhiêu
pizza pizza thịt nguội kiểu canada giá đắt không
pizza pizza thịt nguội kiểu canada giá thế nào
pizza pizza thịt nguội kiểu canada giá ra sao
pizza pizza thịt nguội kiểu canada giá cả thế nào
pizza pizza thịt nguội kiểu canada giá bao nhiêu
pizza pizza thịt nguội kiểu canada giá cả ra sao
pizza năm loại thịt đặc biệt và rau củ giá cả đắt không
pizza năm loại thịt đặc biệt và rau củ giá cả thế nào
pizza năm loại thịt đặc biệt và rau củ giá thế nào
pizza năm loại thịt đặc biệt và rau củ giá cả bao nhiêu
pizza năm loại thịt đặc biệt và rau củ giá bao nhiêu
pizza năm loại thịt đặc biệt và rau củ giá cả ra sao
pizza năm loại thịt đặc biệt và rau củ giá ra sao
pizza năm loại thịt đặc biệt và rau củ giá đắt không
pizza năm loại thịt đặc biệt giá ra sao
pizza năm loại thịt đặc biệt giá bao nhiêu
pizza năm loại thịt đặc biệt giá cả ra sao
pizza năm loại thịt đặc biệt giá cả đắt không
pizza năm loại thịt đặc biệt giá cả thế nào
pizza năm loại thịt đặc biệt giá cả bao nhiêu
pizza năm loại thịt đặc biệt giá đắt không
pizza năm loại thịt đặc biệt giá thế nào
pizza lẩu thái tom yum kung giá ra sao
pizza lẩu thái tom yum kung giá thế nào
pizza lẩu thái tom yum kung giá cả thế nào
pizza lẩu thái tom yum kung giá cả bao nhiêu
pizza lẩu thái tom yum kung giá cả đắt không
pizza lẩu thái tom yum kung giá đắt không
pizza lẩu thái tom yum kung giá cả ra sao
pizza lẩu thái tom yum kung giá bao nhiêu
pizza hải sản pesto xanh giá bao nhiêu
pizza hải sản pesto xanh giá cả ra sao
pizza hải sản pesto xanh giá thế nào
pizza hải sản pesto xanh giá cả đắt không
pizza hải sản pesto xanh giá đắt không
pizza hải sản pesto xanh giá cả thế nào
pizza hải sản pesto xanh giá cả bao nhiêu
pizza hải sản pesto xanh giá ra sao
pizza hải sản cao cấp giá ra sao
pizza hải sản cao cấp giá cả thế nào
pizza hải sản cao cấp giá thế nào
pizza hải sản cao cấp giá cả ra sao
pizza hải sản cao cấp giá cả bao nhiêu
pizza hải sản cao cấp giá đắt không
pizza hải sản cao cấp giá bao nhiêu
pizza hải sản cao cấp giá cả đắt không
pizza hải sản cocktail giá cả ra sao
pizza hải sản cocktail giá cả thế nào
pizza hải sản cocktail giá đắt không
pizza hải sản cocktail giá ra sao
pizza hải sản cocktail giá thế nào
pizza hải sản cocktail giá cả bao nhiêu
pizza hải sản cocktail giá cả đắt không
pizza hải sản cocktail giá bao nhiêu
pizza hải sản nhiệt đới giá thế nào
pizza hải sản nhiệt đới giá ra sao
pizza hải sản nhiệt đới giá bao nhiêu
pizza hải sản nhiệt đới giá cả thế nào
pizza hải sản nhiệt đới giá cả bao nhiêu
pizza hải sản nhiệt đới giá đắt không
pizza hải sản nhiệt đới giá cả đắt không
pizza hải sản nhiệt đới giá cả ra sao
pizza tôm cocktail giá đắt không
pizza tôm cocktail giá cả thế nào
pizza tôm cocktail giá cả đắt không
pizza tôm cocktail giá thế nào
pizza tôm cocktail giá cả bao nhiêu
pizza tôm cocktail giá ra sao
pizza tôm cocktail giá bao nhiêu
pizza tôm cocktail giá cả ra sao
pizza năm loại thịt đặc biệt và rau củ nhân nhồi giá bao nhiêu
pizza năm loại thịt đặc biệt và rau củ nhân nhồi giá ra sao
pizza năm loại thịt đặc biệt và rau củ nhân nhồi giá cả đắt không
pizza năm loại thịt đặc biệt và rau củ nhân nhồi giá cả bao nhiêu
pizza năm loại thịt đặc biệt và rau củ nhân nhồi giá đắt không
pizza năm loại thịt đặc biệt và rau củ nhân nhồi giá cả ra sao
pizza năm loại thịt đặc biệt và rau củ nhân nhồi giá thế nào
pizza năm loại thịt đặc biệt và rau củ nhân nhồi giá cả thế nào
pizza hawaii nhân nhồi giá cả bao nhiêu
pizza hawaii nhân nhồi giá bao nhiêu
pizza hawaii nhân nhồi giá cả ra sao
pizza hawaii nhân nhồi giá thế nào
pizza hawaii nhân nhồi giá đắt không
pizza hawaii nhân nhồi giá cả đắt không
pizza hawaii nhân nhồi giá cả thế nào
pizza hawaii nhân nhồi giá ra sao
pizza gà nướng ba vị nhân nhồi giá ra sao
pizza gà nướng ba vị nhân nhồi giá đắt không
pizza gà nướng ba vị nhân nhồi giá cả thế nào
pizza gà nướng ba vị nhân nhồi giá bao nhiêu
pizza gà nướng ba vị nhân nhồi giá cả bao nhiêu
pizza gà nướng ba vị nhân nhồi giá cả đắt không
pizza gà nướng ba vị nhân nhồi giá thế nào
pizza gà nướng ba vị nhân nhồi giá cả ra sao
