tôi đặt pizza
tôi mua pizza
tôi đặt mua pizza
tôi order pizza
anh đặt pizza
anh mua pizza
anh đặt mua pizza
anh order pizza
chị đặt pizza
chị mua pizza
chị đặt mua pizza
chị order pizza
em đặt pizza
em mua pizza
em đặt mua pizza
em order pizza
mình đặt pizza
mình mua pizza
mình đặt mua pizza
mình order pizza
tớ đặt pizza
tớ mua pizza
tớ đặt mua pizza
tớ order pizza
chú đặt pizza
chú mua pizza
chú đặt mua pizza
chú order pizza
cô đặt pizza
cô mua pizza
cô đặt mua pizza
cô order pizza
bác đặt pizza
bác mua pizza
bác đặt mua pizza
bác order pizza
tôi muốn đặt pizza
tôi muốn mua pizza
tôi muốn đặt mua pizza
tôi muốn order pizza
tôi cần đặt pizza
tôi cần mua pizza
tôi cần đặt mua pizza
tôi cần order pizza
anh muốn đặt pizza
anh muốn mua pizza
anh muốn đặt mua pizza
anh muốn order pizza
anh cần đặt pizza
anh cần mua pizza
anh cần đặt mua pizza
anh cần order pizza
chị muốn đặt pizza
chị muốn mua pizza
chị muốn đặt mua pizza
chị muốn order pizza
chị cần đặt pizza
chị cần mua pizza
chị cần đặt mua pizza
chị cần order pizza
em muốn đặt pizza
em muốn mua pizza
em muốn đặt mua pizza
em muốn order pizza
em cần đặt pizza
em cần mua pizza
em cần đặt mua pizza
em cần order pizza
mình muốn đặt pizza
mình muốn mua pizza
mình muốn đặt mua pizza
mình muốn order pizza
mình cần đặt pizza
mình cần mua pizza
mình cần đặt mua pizza
mình cần order pizza
tớ muốn đặt pizza
tớ muốn mua pizza
tớ muốn đặt mua pizza
tớ muốn order pizza
tớ cần đặt pizza
tớ cần mua pizza
tớ cần đặt mua pizza
tớ cần order pizza
chú muốn đặt pizza
chú muốn mua pizza
chú muốn đặt mua pizza
chú muốn order pizza
chú cần đặt pizza
chú cần mua pizza
chú cần đặt mua pizza
chú cần order pizza
cô muốn đặt pizza
cô muốn mua pizza
cô muốn đặt mua pizza
cô muốn order pizza
cô cần đặt pizza
cô cần mua pizza
cô cần đặt mua pizza
cô cần order pizza
bác muốn đặt pizza
bác muốn mua pizza
bác muốn đặt mua pizza
bác muốn order pizza
bác cần đặt pizza
bác cần mua pizza
bác cần đặt mua pizza
bác cần order pizza
