anh cho cho chú đặt mười chiếc pizza xúc xích ý
shop cho cho mình đặt mua sáu chiếc pizza xúc xích ý
chị cho cho tôi đặt mua bảy chiếc pizza xúc xích ý
bên mình cho cho cô đặt năm cái pizza xúc xích ý
mình cho cho chị mua mười chiếc pizza xúc xích ý
shop cho cho tôi đặt mua sáu chiếc pizza xúc xích ý
bên mình cho cho cô đặt mua tám chiếc pizza xúc xích ý
mình cho cho chị order một cái pizza xúc xích ý
anh cho cho anh mua sáu cái pizza xúc xích ý
shop cho cho anh đặt mua một chiếc pizza xúc xích ý
bên mình cho cho mình đặt mua ba cái pizza phô mai
bên mình cho cho bác mua năm chiếc pizza phô mai
cửa hàng cho cho mình order ba chiếc pizza phô mai
bên mình cho cho cô đặt mua ba cái pizza phô mai
mình cho cho anh order một cái pizza phô mai
anh cho cho tớ đặt mua chín cái pizza phô mai
mình cho cho tôi mua năm chiếc pizza phô mai
cửa hàng cho cho em mua hai chiếc pizza phô mai
cửa hàng cho cho tôi đặt sáu chiếc pizza phô mai
bên mình cho cho tôi đặt mua mười cái pizza phô mai
bên mình cho cho tôi đặt mua mười cái pizza thịt nguội và nấm
shop cho cho tôi đặt tám cái pizza thịt nguội và nấm
cửa hàng cho cho tôi mua năm cái pizza thịt nguội và nấm
shop cho cho bác đặt bảy chiếc pizza thịt nguội và nấm
cửa hàng cho cho tớ đặt mua bốn cái pizza thịt nguội và nấm
mình cho cho chị đặt hai chiếc pizza thịt nguội và nấm
anh cho cho chị order chín cái pizza thịt nguội và nấm
bên mình cho cho chú order mười chiếc pizza thịt nguội và nấm
bên mình cho cho tớ mua hai chiếc pizza thịt nguội và nấm
cửa hàng cho cho tớ đặt một chiếc pizza thịt nguội và nấm
shop cho cho chị order năm chiếc pizza gà nướng dứa
cửa hàng cho cho cô order một cái pizza gà nướng dứa
cửa hàng cho cho em đặt tám cái pizza gà nướng dứa
anh cho cho mình mua một cái pizza gà nướng dứa
anh cho cho tôi đặt sáu chiếc pizza gà nướng dứa
anh cho cho em mua chín chiếc pizza gà nướng dứa
cửa hàng cho cho mình đặt mua ba chiếc pizza gà nướng dứa
cửa hàng cho cho chú order năm chiếc pizza gà nướng dứa
mình cho cho em order một chiếc pizza gà nướng dứa
bên mình cho cho anh đặt mua năm chiếc pizza gà nướng dứa
bên mình cho cho tớ đặt mua bốn chiếc pizza rau củ
bên mình cho cho chị order ba chiếc pizza rau củ
chị cho cho tôi đặt mười cái pizza rau củ
shop cho cho anh order mười cái pizza rau củ
bên mình cho cho chú mua sáu chiếc pizza rau củ
cửa hàng cho cho mình đặt ba cái pizza rau củ
shop cho cho mình order năm chiếc pizza rau củ
anh cho cho em order sáu cái pizza rau củ
shop cho cho cô đặt mua tám chiếc pizza rau củ
chị cho cho mình đặt mua bảy chiếc pizza rau củ
cửa hàng cho cho em order sáu chiếc pizza hawaiian
bên mình cho cho anh mua mười cái pizza hawaiian
mình cho cho em mua sáu cái pizza hawaiian
shop cho cho chị order chín chiếc pizza hawaiian
bên mình cho cho mình đặt mua bảy cái pizza hawaiian
chị cho cho chị đặt hai cái pizza hawaiian
mình cho cho mình đặt năm cái pizza hawaiian
anh cho cho tôi mua mười chiếc pizza hawaiian
anh cho cho tôi order sáu cái pizza hawaiian
anh cho cho tôi order bốn cái pizza hawaiian
shop cho cho anh đặt mua ba chiếc pizza aloha
bên mình cho cho bác đặt sáu chiếc pizza aloha
shop cho cho bác order năm chiếc pizza aloha
shop cho cho chị order bảy cái pizza aloha
chị cho cho tôi mua một cái pizza aloha
chị cho cho em order năm chiếc pizza aloha
cửa hàng cho cho chú đặt một chiếc pizza aloha
anh cho cho bác đặt mua hai chiếc pizza aloha
cửa hàng cho cho chị đặt mua năm cái pizza aloha
shop cho cho mình đặt mua bốn chiếc pizza aloha
mình cho cho cô đặt mua bảy cái pizza ba loại thịt thập cẩm và rau củ
cửa hàng cho cho anh đặt ba chiếc pizza ba loại thịt thập cẩm và rau củ
anh cho cho cô đặt mua hai cái pizza ba loại thịt thập cẩm và rau củ
chị cho cho tớ mua chín chiếc pizza ba loại thịt thập cẩm và rau củ
anh cho cho mình đặt sáu chiếc pizza ba loại thịt thập cẩm và rau củ
bên mình cho cho chị order tám chiếc pizza ba loại thịt thập cẩm và rau củ
bên mình cho cho anh order sáu chiếc pizza ba loại thịt thập cẩm và rau củ
chị cho cho cô mua một cái pizza ba loại thịt thập cẩm và rau củ
anh cho cho em đặt hai cái pizza ba loại thịt thập cẩm và rau củ
mình cho cho chú đặt mua mười chiếc pizza ba loại thịt thập cẩm và rau củ
shop cho cho em mua ba cái pizza thịt xông khói
bên mình cho cho em đặt một cái pizza thịt xông khói
cửa hàng cho cho bác mua hai chiếc pizza thịt xông khói
anh cho cho tôi mua ba cái pizza thịt xông khói
shop cho cho chị mua bảy chiếc pizza thịt xông khói
mình cho cho tôi order tám cái pizza thịt xông khói
cửa hàng cho cho chú đặt ba cái pizza thịt xông khói
chị cho cho tôi order mười chiếc pizza thịt xông khói
bên mình cho cho chú order một chiếc pizza thịt xông khói
shop cho cho anh order mười chiếc pizza thịt xông khói
anh cho cho tôi mua ba cái pizza gà nướng ba vị
cửa hàng cho cho chú mua chín chiếc pizza gà nướng ba vị
cửa hàng cho cho chị order bảy cái pizza gà nướng ba vị
shop cho cho tớ đặt một cái pizza gà nướng ba vị
bên mình cho cho mình mua sáu chiếc pizza gà nướng ba vị
mình cho cho bác mua năm cái pizza gà nướng ba vị
cửa hàng cho cho mình order năm cái pizza gà nướng ba vị
shop cho cho em mua một cái pizza gà nướng ba vị
bên mình cho cho anh đặt mua sáu chiếc pizza gà nướng ba vị
anh cho cho tớ đặt mua bốn cái pizza gà nướng ba vị
bên mình cho cho em mua bảy cái pizza pizza thịt nguội kiểu canada
cửa hàng cho cho mình đặt mua hai cái pizza pizza thịt nguội kiểu canada
mình cho cho tớ mua ba chiếc pizza pizza thịt nguội kiểu canada
bên mình cho cho cô đặt năm cái pizza pizza thịt nguội kiểu canada
mình cho cho cô order mười chiếc pizza pizza thịt nguội kiểu canada
chị cho cho mình mua năm cái pizza pizza thịt nguội kiểu canada
bên mình cho cho em mua hai cái pizza pizza thịt nguội kiểu canada
cửa hàng cho cho chị đặt bảy cái pizza pizza thịt nguội kiểu canada
chị cho cho mình đặt mua mười cái pizza pizza thịt nguội kiểu canada
chị cho cho cô đặt mua chín chiếc pizza pizza thịt nguội kiểu canada
cửa hàng cho cho chú đặt ba chiếc pizza năm loại thịt đặc biệt và rau củ
chị cho cho mình đặt một cái pizza năm loại thịt đặc biệt và rau củ
mình cho cho cô order sáu chiếc pizza năm loại thịt đặc biệt và rau củ
mình cho cho em mua năm chiếc pizza năm loại thịt đặc biệt và rau củ
anh cho cho anh order chín cái pizza năm loại thịt đặc biệt và rau củ
anh cho cho chị đặt mua mười cái pizza năm loại thịt đặc biệt và rau củ
bên mình cho cho mình đặt mua tám chiếc pizza năm loại thịt đặc biệt và rau củ
mình cho cho mình order tám cái pizza năm loại thịt đặc biệt và rau củ
mình cho cho chú đặt mua ba chiếc pizza năm loại thịt đặc biệt và rau củ
chị cho cho tớ mua năm chiếc pizza năm loại thịt đặc biệt và rau củ
bên mình cho cho chú mua hai cái pizza năm loại thịt đặc biệt
chị cho cho tớ mua bốn cái pizza năm loại thịt đặc biệt
shop cho cho anh đặt mua chín chiếc pizza năm loại thịt đặc biệt
cửa hàng cho cho em đặt mua hai cái pizza năm loại thịt đặc biệt
anh cho cho em mua năm cái pizza năm loại thịt đặc biệt
chị cho cho chú order bảy chiếc pizza năm loại thịt đặc biệt
bên mình cho cho mình đặt mua chín cái pizza năm loại thịt đặc biệt
chị cho cho cô order năm cái pizza năm loại thịt đặc biệt
anh cho cho cô đặt mua năm chiếc pizza năm loại thịt đặc biệt
mình cho cho tôi đặt mười chiếc pizza năm loại thịt đặc biệt
chị cho cho chú order bốn chiếc pizza lẩu thái tom yum kung
mình cho cho tớ mua một cái pizza lẩu thái tom yum kung
cửa hàng cho cho chị order mười cái pizza lẩu thái tom yum kung
shop cho cho tớ đặt mua tám chiếc pizza lẩu thái tom yum kung
mình cho cho tớ order ba cái pizza lẩu thái tom yum kung
shop cho cho chị đặt chín cái pizza lẩu thái tom yum kung
anh cho cho cô đặt mua bốn cái pizza lẩu thái tom yum kung
chị cho cho chị order chín cái pizza lẩu thái tom yum kung
shop cho cho tớ order hai cái pizza lẩu thái tom yum kung
mình cho cho bác đặt mua mười chiếc pizza lẩu thái tom yum kung
shop cho cho em mua bảy chiếc pizza hải sản pesto xanh
shop cho cho bác đặt mua một cái pizza hải sản pesto xanh
chị cho cho mình đặt mua bảy cái pizza hải sản pesto xanh
bên mình cho cho mình đặt mười chiếc pizza hải sản pesto xanh
shop cho cho chị order hai chiếc pizza hải sản pesto xanh
shop cho cho bác đặt bảy chiếc pizza hải sản pesto xanh
mình cho cho chú đặt mua ba cái pizza hải sản pesto xanh
anh cho cho bác đặt mua một cái pizza hải sản pesto xanh
mình cho cho bác đặt mười cái pizza hải sản pesto xanh
shop cho cho anh đặt năm cái pizza hải sản pesto xanh
anh cho cho cô đặt năm chiếc pizza hải sản cao cấp
anh cho cho em mua mười chiếc pizza hải sản cao cấp
cửa hàng cho cho chị đặt tám chiếc pizza hải sản cao cấp
anh cho cho bác đặt mua bảy chiếc pizza hải sản cao cấp
anh cho cho chị đặt mua chín chiếc pizza hải sản cao cấp
cửa hàng cho cho mình order tám cái pizza hải sản cao cấp
chị cho cho em đặt bốn chiếc pizza hải sản cao cấp
cửa hàng cho cho chị order bốn chiếc pizza hải sản cao cấp
bên mình cho cho chú đặt mua năm chiếc pizza hải sản cao cấp
anh cho cho bác mua chín chiếc pizza hải sản cao cấp
anh cho cho cô đặt mua ba chiếc pizza hải sản cocktail
shop cho cho chị order sáu cái pizza hải sản cocktail
cửa hàng cho cho tôi đặt mua bảy cái pizza hải sản cocktail
bên mình cho cho tôi mua ba chiếc pizza hải sản cocktail
bên mình cho cho tôi order sáu chiếc pizza hải sản cocktail
cửa hàng cho cho cô order sáu chiếc pizza hải sản cocktail
bên mình cho cho anh order hai cái pizza hải sản cocktail
shop cho cho chú đặt năm chiếc pizza hải sản cocktail
cửa hàng cho cho chị mua ba chiếc pizza hải sản cocktail
chị cho cho em order ba chiếc pizza hải sản cocktail
chị cho cho chị đặt một chiếc pizza hải sản nhiệt đới
mình cho cho em mua hai cái pizza hải sản nhiệt đới
bên mình cho cho chị mua hai chiếc pizza hải sản nhiệt đới
shop cho cho chị đặt năm chiếc pizza hải sản nhiệt đới
mình cho cho anh đặt mua bốn cái pizza hải sản nhiệt đới
mình cho cho chị đặt mua một chiếc pizza hải sản nhiệt đới
cửa hàng cho cho chị đặt mua năm cái pizza hải sản nhiệt đới
anh cho cho chú mua ba chiếc pizza hải sản nhiệt đới
anh cho cho cô đặt năm cái pizza hải sản nhiệt đới
mình cho cho mình order một chiếc pizza hải sản nhiệt đới
bên mình cho cho tôi mua bảy chiếc pizza tôm cocktail
mình cho cho anh đặt mua tám chiếc pizza tôm cocktail
chị cho cho bác đặt mười chiếc pizza tôm cocktail
anh cho cho cô đặt năm cái pizza tôm cocktail
shop cho cho mình đặt mua năm cái pizza tôm cocktail
mình cho cho tôi mua chín cái pizza tôm cocktail
chị cho cho mình đặt mua bốn cái pizza tôm cocktail
mình cho cho tôi mua tám cái pizza tôm cocktail
bên mình cho cho tớ mua tám chiếc pizza tôm cocktail
chị cho cho tôi đặt mua chín chiếc pizza tôm cocktail
chị cho cho cô đặt mua năm chiếc pizza năm loại thịt đặc biệt và rau củ nhân nhồi
cửa hàng cho cho bác đặt mua sáu cái pizza năm loại thịt đặc biệt và rau củ nhân nhồi
mình cho cho em mua sáu cái pizza năm loại thịt đặc biệt và rau củ nhân nhồi
shop cho cho tôi đặt tám cái pizza năm loại thịt đặc biệt và rau củ nhân nhồi
chị cho cho em mua bốn cái pizza năm loại thịt đặc biệt và rau củ nhân nhồi
mình cho cho mình đặt mua một cái pizza năm loại thịt đặc biệt và rau củ nhân nhồi
chị cho cho anh mua bảy chiếc pizza năm loại thịt đặc biệt và rau củ nhân nhồi
anh cho cho chú đặt mua bảy chiếc pizza năm loại thịt đặc biệt và rau củ nhân nhồi
shop cho cho anh đặt chín cái pizza năm loại thịt đặc biệt và rau củ nhân nhồi
shop cho cho tôi đặt mua năm chiếc pizza năm loại thịt đặc biệt và rau củ nhân nhồi
shop cho cho tớ đặt sáu cái pizza hawaii nhân nhồi
shop cho cho em order tám chiếc pizza hawaii nhân nhồi
chị cho cho tớ đặt mua sáu cái pizza hawaii nhân nhồi
cửa hàng cho cho chú đặt mua năm chiếc pizza hawaii nhân nhồi
anh cho cho mình order bảy cái pizza hawaii nhân nhồi
chị cho cho mình mua sáu cái pizza hawaii nhân nhồi
shop cho cho chị đặt mua chín cái pizza hawaii nhân nhồi
bên mình cho cho tôi đặt mua bảy chiếc pizza hawaii nhân nhồi
shop cho cho chú đặt chín chiếc pizza hawaii nhân nhồi
bên mình cho cho anh đặt tám chiếc pizza hawaii nhân nhồi
bên mình cho cho chú order tám chiếc pizza gà nướng ba vị nhân nhồi
bên mình cho cho tớ đặt mua mười cái pizza gà nướng ba vị nhân nhồi
cửa hàng cho cho em đặt mua sáu cái pizza gà nướng ba vị nhân nhồi
chị cho cho chị mua tám chiếc pizza gà nướng ba vị nhân nhồi
shop cho cho chị mua bảy cái pizza gà nướng ba vị nhân nhồi
shop cho cho em mua chín chiếc pizza gà nướng ba vị nhân nhồi
bên mình cho cho em mua tám chiếc pizza gà nướng ba vị nhân nhồi
anh cho cho mình mua một chiếc pizza gà nướng ba vị nhân nhồi
shop cho cho tớ order mười cái pizza gà nướng ba vị nhân nhồi
bên mình cho cho tớ đặt tám cái pizza gà nướng ba vị nhân nhồi
