xúc xích ý
bánh pizza xúc xích cay kiểu ý trên nền sốt cà chua mang lại hương vị trộn lẫn giữa cay cay và chua chua
phô mai
bánh pizza với vô vàn phô mai để bạn tha hồ tận hưởng
thịt nguội và nấm
pizza giăm bông và nấm đem đến cho bạn những trải nghiệm thú vị .
gà nướng dứa
bánh pizza thịt gà mang vị ngọt của dứa kết hợp với vị cay nóng của ớt tạo nên một nét rất riêng .
rau củ
pizza rau củ gồm hành , ớt chuông , nấm , dứa , cà chua là sự lựa chọn tuyệt vời cho người ăn chay
hawaiian
pizza đặc trưng miền nhiệt đới với giăm bông , thịt muối và dứa tạo nên sự kết hợp ngon tuyệt giữa vị ngọt và chua
aloha
thịt nguội , xúc xích tiêu cay và dứa hòa quyện với sốt thousand island mang đến hương vị đặc trưng của bánh .
ba loại thịt thập cẩm và rau củ
bánh là sự kết hợp hài hòa của ba loại thịt và rau củ
thịt xông khói
bánh pizza kết hợp giữa thịt giăm bông , thịt xông khói và hai loại rau của ớt xanh , cà chua
gà nướng ba vị
bánh pizza được kết hợp giữa ba cách chế biến gà nướng , gà bơ tỏi và gà ướp sốt nấm mang đến cho bạn hương vị mới lạ
pizza thịt nguội kiểu canada
mang đến cho bạn phong cách canadian bằng sự kết hợp giữa thịt nguội và bắp ngọt
năm loại thịt đặc biệt và rau củ
bánh pizza siêu thượng hạng với vô vàn loại thịt đặc biệt như xúc xích heo , giăm bông , thịt xông khói ,... và cả thế giới rau phong phú
năm loại thịt đặc biệt
pizza đặc biệt với các loại xúc xích heo và bò đặc trưng của ý , giăm bông , thịt xông khói .
lẩu thái tom yum kung
pizza hải sản pesto xanh
pizza hải sản pesto xanh là sự kết hợp hoàn hảo giữa tôm , cua , mực và bông cải xanh tươi ngon trên nền xốt pesto xanh đậm vị đặc trưng của phong cách ẩm thực miền bắc nước ý , được chế biến tươi mới mỗi ngày theo công thức riêng biệt của the pizza company
hải sản cao cấp
pizza tuyệt hảo từ hải sản tươi ngon tôm , cua , mực và nghêu mang bạn đến thiên đường hải sản .
hải sản cocktail
pizza hải sản với sốt thousand island và vô vàn các topping tươi ngon từ tôm , cua , giăm bông ,…
hải sản nhiệt đới
với sự kết hợp hoàn hảo của hải sản vùng nhiệt đới như tôm , nghêu , mực cua , dứa với sốt thousand island
tôm cocktail
pizza cocktail tôm với nấm , dứa , cà chua và sốt thousand island
năm loại thịt đặc biệt và rau củ nhân nhồi
nhân nhồi bên trong siêu thượng hạng với nhiều loại thịt và rau phong phú
hawaii nhân nhồi
nhân nhồi bên trong là đặc trưng miền nhiệt đới với giăm bông , thịt muối và dứa .
gà nướng ba vị nhân nhồi
nhân nhồi bên trong được kết hợp giữa ba cách chế biến gà nướng , gà bơ tỏi và gà ướp sốt nấm mang đến cho bạn hương vị mới lạ
