cho chú mua pizza xúc xích ý
cho tớ đặt pizza xúc xích ý
cho chú đặt pizza xúc xích ý
cho em đặt pizza xúc xích ý
cho em đặt mua pizza xúc xích ý
cho mình đặt mua pizza xúc xích ý
cho chú đặt mua pizza xúc xích ý
cho em mua pizza xúc xích ý
cho cô đặt mua pizza xúc xích ý
cho cô order pizza xúc xích ý
cho anh đặt pizza phô mai
cho tôi đặt mua pizza phô mai
cho chú order pizza phô mai
cho anh mua pizza phô mai
cho bác order pizza phô mai
cho bác đặt mua pizza phô mai
cho em đặt pizza phô mai
cho mình mua pizza phô mai
cho cô đặt pizza phô mai
cho chú mua pizza phô mai
cho chị order pizza thịt nguội và nấm
cho tôi order pizza thịt nguội và nấm
cho chú đặt mua pizza thịt nguội và nấm
cho cô đặt pizza thịt nguội và nấm
cho tôi mua pizza thịt nguội và nấm
cho chú order pizza thịt nguội và nấm
cho anh đặt mua pizza thịt nguội và nấm
cho mình mua pizza thịt nguội và nấm
cho chú mua pizza thịt nguội và nấm
cho bác order pizza thịt nguội và nấm
cho anh đặt mua pizza gà nướng dứa
cho bác mua pizza gà nướng dứa
cho cô mua pizza gà nướng dứa
cho chú đặt pizza gà nướng dứa
cho em đặt pizza gà nướng dứa
cho chú đặt mua pizza gà nướng dứa
cho cô order pizza gà nướng dứa
cho anh order pizza gà nướng dứa
cho cô đặt pizza gà nướng dứa
cho anh đặt pizza gà nướng dứa
cho tớ đặt pizza rau củ
cho mình order pizza rau củ
cho bác đặt pizza rau củ
cho bác order pizza rau củ
cho mình đặt pizza rau củ
cho anh mua pizza rau củ
cho chị order pizza rau củ
cho anh đặt pizza rau củ
cho cô mua pizza rau củ
cho bác mua pizza rau củ
cho chú order pizza hawaiian
cho tôi đặt pizza hawaiian
cho tớ mua pizza hawaiian
cho em đặt pizza hawaiian
cho em order pizza hawaiian
cho cô đặt mua pizza hawaiian
cho bác mua pizza hawaiian
cho mình order pizza hawaiian
cho cô order pizza hawaiian
cho mình đặt pizza hawaiian
cho tôi đặt pizza aloha
cho chị order pizza aloha
cho chú order pizza aloha
cho tôi order pizza aloha
cho bác mua pizza aloha
cho cô order pizza aloha
cho em mua pizza aloha
cho anh order pizza aloha
cho chú mua pizza aloha
cho mình đặt mua pizza aloha
cho chị đặt pizza ba loại thịt thập cẩm và rau củ
cho bác order pizza ba loại thịt thập cẩm và rau củ
cho chị order pizza ba loại thịt thập cẩm và rau củ
cho em đặt pizza ba loại thịt thập cẩm và rau củ
cho bác đặt mua pizza ba loại thịt thập cẩm và rau củ
cho bác đặt pizza ba loại thịt thập cẩm và rau củ
cho em order pizza ba loại thịt thập cẩm và rau củ
cho tôi order pizza ba loại thịt thập cẩm và rau củ
cho tớ đặt mua pizza ba loại thịt thập cẩm và rau củ
cho cô mua pizza ba loại thịt thập cẩm và rau củ
cho anh order pizza thịt xông khói
cho chú đặt mua pizza thịt xông khói
cho tôi mua pizza thịt xông khói
cho bác mua pizza thịt xông khói
cho chú đặt pizza thịt xông khói
cho mình mua pizza thịt xông khói
cho bác order pizza thịt xông khói
cho tớ đặt pizza thịt xông khói
cho mình order pizza thịt xông khói
cho tôi đặt mua pizza thịt xông khói
cho tôi mua pizza gà nướng ba vị
cho bác order pizza gà nướng ba vị
cho tớ đặt mua pizza gà nướng ba vị
cho cô order pizza gà nướng ba vị
cho em đặt mua pizza gà nướng ba vị
cho mình order pizza gà nướng ba vị
cho chị đặt pizza gà nướng ba vị
cho chú order pizza gà nướng ba vị
cho cô mua pizza gà nướng ba vị
cho tôi order pizza gà nướng ba vị
cho mình đặt pizza pizza thịt nguội kiểu canada
cho tớ order pizza pizza thịt nguội kiểu canada
cho bác order pizza pizza thịt nguội kiểu canada
cho em đặt pizza pizza thịt nguội kiểu canada
cho cô đặt mua pizza pizza thịt nguội kiểu canada
cho bác đặt pizza pizza thịt nguội kiểu canada
cho cô mua pizza pizza thịt nguội kiểu canada
cho tớ mua pizza pizza thịt nguội kiểu canada
cho anh mua pizza pizza thịt nguội kiểu canada
cho tôi đặt mua pizza pizza thịt nguội kiểu canada
cho anh đặt pizza năm loại thịt đặc biệt và rau củ
cho chị mua pizza năm loại thịt đặc biệt và rau củ
cho tớ order pizza năm loại thịt đặc biệt và rau củ
cho anh mua pizza năm loại thịt đặc biệt và rau củ
cho tôi order pizza năm loại thịt đặc biệt và rau củ
cho anh order pizza năm loại thịt đặc biệt và rau củ
cho bác order pizza năm loại thịt đặc biệt và rau củ
cho chị order pizza năm loại thịt đặc biệt và rau củ
cho bác đặt pizza năm loại thịt đặc biệt và rau củ
cho em đặt pizza năm loại thịt đặc biệt và rau củ
cho chị mua pizza năm loại thịt đặc biệt
cho anh mua pizza năm loại thịt đặc biệt
cho bác đặt mua pizza năm loại thịt đặc biệt
cho tớ order pizza năm loại thịt đặc biệt
cho tớ mua pizza năm loại thịt đặc biệt
cho anh order pizza năm loại thịt đặc biệt
cho tôi đặt pizza năm loại thịt đặc biệt
cho tớ đặt pizza năm loại thịt đặc biệt
cho chú đặt pizza năm loại thịt đặc biệt
cho chú đặt mua pizza năm loại thịt đặc biệt
cho mình đặt pizza lẩu thái tom yum kung
cho bác order pizza lẩu thái tom yum kung
cho chị order pizza lẩu thái tom yum kung
cho chị đặt mua pizza lẩu thái tom yum kung
cho tôi đặt mua pizza lẩu thái tom yum kung
cho em order pizza lẩu thái tom yum kung
cho chú đặt mua pizza lẩu thái tom yum kung
cho chị đặt pizza lẩu thái tom yum kung
cho mình order pizza lẩu thái tom yum kung
cho anh mua pizza lẩu thái tom yum kung
cho chú order pizza hải sản pesto xanh
cho em đặt pizza hải sản pesto xanh
cho chị đặt mua pizza hải sản pesto xanh
cho chị mua pizza hải sản pesto xanh
cho em order pizza hải sản pesto xanh
cho mình mua pizza hải sản pesto xanh
cho em đặt mua pizza hải sản pesto xanh
cho cô đặt mua pizza hải sản pesto xanh
cho tớ đặt mua pizza hải sản pesto xanh
cho chú mua pizza hải sản pesto xanh
cho tôi mua pizza hải sản cao cấp
cho chị mua pizza hải sản cao cấp
cho tớ mua pizza hải sản cao cấp
cho mình order pizza hải sản cao cấp
cho anh đặt pizza hải sản cao cấp
cho bác mua pizza hải sản cao cấp
cho bác đặt pizza hải sản cao cấp
cho anh mua pizza hải sản cao cấp
cho mình đặt mua pizza hải sản cao cấp
cho em đặt pizza hải sản cao cấp
cho bác đặt pizza hải sản cocktail
cho bác mua pizza hải sản cocktail
cho chú đặt pizza hải sản cocktail
cho chị order pizza hải sản cocktail
cho cô đặt pizza hải sản cocktail
cho tôi đặt mua pizza hải sản cocktail
cho cô đặt mua pizza hải sản cocktail
cho tớ mua pizza hải sản cocktail
cho anh mua pizza hải sản cocktail
cho anh đặt mua pizza hải sản cocktail
cho mình mua pizza hải sản nhiệt đới
cho em đặt mua pizza hải sản nhiệt đới
cho chú order pizza hải sản nhiệt đới
cho chị order pizza hải sản nhiệt đới
cho anh đặt pizza hải sản nhiệt đới
cho bác mua pizza hải sản nhiệt đới
cho chị mua pizza hải sản nhiệt đới
cho tôi order pizza hải sản nhiệt đới
cho tôi đặt mua pizza hải sản nhiệt đới
cho em mua pizza hải sản nhiệt đới
cho tớ order pizza tôm cocktail
cho tôi mua pizza tôm cocktail
cho bác đặt mua pizza tôm cocktail
cho mình mua pizza tôm cocktail
cho cô mua pizza tôm cocktail
cho em order pizza tôm cocktail
cho bác đặt pizza tôm cocktail
cho cô đặt mua pizza tôm cocktail
cho mình đặt mua pizza tôm cocktail
cho tớ đặt pizza tôm cocktail
cho cô mua pizza năm loại thịt đặc biệt và rau củ nhân nhồi
cho em đặt mua pizza năm loại thịt đặc biệt và rau củ nhân nhồi
cho tôi order pizza năm loại thịt đặc biệt và rau củ nhân nhồi
cho bác order pizza năm loại thịt đặc biệt và rau củ nhân nhồi
cho em order pizza năm loại thịt đặc biệt và rau củ nhân nhồi
cho em đặt pizza năm loại thịt đặc biệt và rau củ nhân nhồi
cho chị mua pizza năm loại thịt đặc biệt và rau củ nhân nhồi
cho mình order pizza năm loại thịt đặc biệt và rau củ nhân nhồi
cho chị order pizza năm loại thịt đặc biệt và rau củ nhân nhồi
cho bác mua pizza năm loại thịt đặc biệt và rau củ nhân nhồi
cho tớ đặt pizza hawaii nhân nhồi
cho chị đặt pizza hawaii nhân nhồi
cho bác đặt pizza hawaii nhân nhồi
cho anh order pizza hawaii nhân nhồi
cho tôi đặt pizza hawaii nhân nhồi
cho mình mua pizza hawaii nhân nhồi
cho tôi order pizza hawaii nhân nhồi
cho cô order pizza hawaii nhân nhồi
cho chú order pizza hawaii nhân nhồi
cho bác đặt mua pizza hawaii nhân nhồi
cho cô đặt pizza gà nướng ba vị nhân nhồi
cho chú order pizza gà nướng ba vị nhân nhồi
cho em đặt pizza gà nướng ba vị nhân nhồi
cho cô order pizza gà nướng ba vị nhân nhồi
cho bác đặt pizza gà nướng ba vị nhân nhồi
cho chị order pizza gà nướng ba vị nhân nhồi
cho anh đặt mua pizza gà nướng ba vị nhân nhồi
cho bác order pizza gà nướng ba vị nhân nhồi
cho tôi đặt pizza gà nướng ba vị nhân nhồi
cho em mua pizza gà nướng ba vị nhân nhồi
