vậy mình mua pizza xúc xích ý
ok em chọn pizza xúc xích ý
cho chú lấy pizza xúc xích ý
cho tớ lấy pizza xúc xích ý
cho chị mua pizza xúc xích ý
ok mình chọn pizza xúc xích ý
vậy bác lấy pizza xúc xích ý
anh mua pizza xúc xích ý
vậy anh chọn pizza xúc xích ý
bác chọn pizza xúc xích ý
bác lấy pizza phô mai
cho chú lấy pizza phô mai
cho tớ lấy pizza phô mai
ok em lấy pizza phô mai
vậy anh chọn pizza phô mai
ok anh mua pizza phô mai
chị lấy pizza phô mai
cho em lấy pizza phô mai
vậy mình mua pizza phô mai
cho em chọn pizza phô mai
ok mình mua pizza thịt nguội và nấm
tớ mua pizza thịt nguội và nấm
vậy em mua pizza thịt nguội và nấm
ok bác mua pizza thịt nguội và nấm
ok em lấy pizza thịt nguội và nấm
ok chị chọn pizza thịt nguội và nấm
bác lấy pizza thịt nguội và nấm
cho cô lấy pizza thịt nguội và nấm
cho tôi mua pizza thịt nguội và nấm
tôi lấy pizza thịt nguội và nấm
anh chọn pizza gà nướng dứa
cô lấy pizza gà nướng dứa
vậy tớ mua pizza gà nướng dứa
cho chú lấy pizza gà nướng dứa
cho chị lấy pizza gà nướng dứa
vậy tôi mua pizza gà nướng dứa
cho em chọn pizza gà nướng dứa
ok tớ lấy pizza gà nướng dứa
em chọn pizza gà nướng dứa
cho cô mua pizza gà nướng dứa
chú chọn pizza rau củ
vậy cô mua pizza rau củ
vậy em chọn pizza rau củ
bác chọn pizza rau củ
chị mua pizza rau củ
chị lấy pizza rau củ
bác lấy pizza rau củ
cho cô chọn pizza rau củ
em chọn pizza rau củ
cho tớ mua pizza rau củ
vậy chú chọn pizza hawaiian
ok bác lấy pizza hawaiian
mình mua pizza hawaiian
chú lấy pizza hawaiian
vậy bác mua pizza hawaiian
ok anh chọn pizza hawaiian
cho cô chọn pizza hawaiian
cho tớ mua pizza hawaiian
cho chị lấy pizza hawaiian
ok mình chọn pizza hawaiian
ok tôi lấy pizza aloha
ok bác chọn pizza aloha
cho em mua pizza aloha
ok bác lấy pizza aloha
cho cô lấy pizza aloha
vậy bác chọn pizza aloha
vậy mình mua pizza aloha
chị mua pizza aloha
ok cô lấy pizza aloha
ok chị chọn pizza aloha
anh lấy pizza ba loại thịt thập cẩm và rau củ
vậy anh chọn pizza ba loại thịt thập cẩm và rau củ
ok chú mua pizza ba loại thịt thập cẩm và rau củ
vậy chị lấy pizza ba loại thịt thập cẩm và rau củ
ok anh chọn pizza ba loại thịt thập cẩm và rau củ
vậy tôi mua pizza ba loại thịt thập cẩm và rau củ
ok anh lấy pizza ba loại thịt thập cẩm và rau củ
ok tớ lấy pizza ba loại thịt thập cẩm và rau củ
ok em lấy pizza ba loại thịt thập cẩm và rau củ
chú lấy pizza ba loại thịt thập cẩm và rau củ
chú chọn pizza thịt xông khói
em mua pizza thịt xông khói
ok cô lấy pizza thịt xông khói
cho bác chọn pizza thịt xông khói
chú mua pizza thịt xông khói
tôi lấy pizza thịt xông khói
ok anh mua pizza thịt xông khói
ok chú lấy pizza thịt xông khói
chú lấy pizza thịt xông khói
mình chọn pizza thịt xông khói
ok anh chọn pizza gà nướng ba vị
vậy bác mua pizza gà nướng ba vị
ok chú lấy pizza gà nướng ba vị
cho bác chọn pizza gà nướng ba vị
cho tớ lấy pizza gà nướng ba vị
cho chú mua pizza gà nướng ba vị
vậy cô lấy pizza gà nướng ba vị
chị lấy pizza gà nướng ba vị
cho anh mua pizza gà nướng ba vị
cho em lấy pizza gà nướng ba vị
mình chọn pizza pizza thịt nguội kiểu canada
chú mua pizza pizza thịt nguội kiểu canada
vậy tớ chọn pizza pizza thịt nguội kiểu canada
cho chú chọn pizza pizza thịt nguội kiểu canada
cho bác mua pizza pizza thịt nguội kiểu canada
vậy em mua pizza pizza thịt nguội kiểu canada
chị chọn pizza pizza thịt nguội kiểu canada
vậy mình mua pizza pizza thịt nguội kiểu canada
ok anh mua pizza pizza thịt nguội kiểu canada
cho cô lấy pizza pizza thịt nguội kiểu canada
ok tôi chọn pizza năm loại thịt đặc biệt và rau củ
vậy tớ chọn pizza năm loại thịt đặc biệt và rau củ
chú chọn pizza năm loại thịt đặc biệt và rau củ
cho bác chọn pizza năm loại thịt đặc biệt và rau củ
ok bác lấy pizza năm loại thịt đặc biệt và rau củ
em chọn pizza năm loại thịt đặc biệt và rau củ
bác mua pizza năm loại thịt đặc biệt và rau củ
tôi chọn pizza năm loại thịt đặc biệt và rau củ
cho mình mua pizza năm loại thịt đặc biệt và rau củ
cô chọn pizza năm loại thịt đặc biệt và rau củ
vậy tớ mua pizza năm loại thịt đặc biệt
mình lấy pizza năm loại thịt đặc biệt
vậy em chọn pizza năm loại thịt đặc biệt
ok tớ mua pizza năm loại thịt đặc biệt
chú chọn pizza năm loại thịt đặc biệt
ok chị mua pizza năm loại thịt đặc biệt
ok bác mua pizza năm loại thịt đặc biệt
cho bác mua pizza năm loại thịt đặc biệt
vậy em lấy pizza năm loại thịt đặc biệt
cho anh mua pizza năm loại thịt đặc biệt
ok tôi lấy pizza lẩu thái tom yum kung
vậy anh mua pizza lẩu thái tom yum kung
anh lấy pizza lẩu thái tom yum kung
cho tôi mua pizza lẩu thái tom yum kung
bác lấy pizza lẩu thái tom yum kung
cho em mua pizza lẩu thái tom yum kung
chú mua pizza lẩu thái tom yum kung
vậy chú chọn pizza lẩu thái tom yum kung
vậy tôi chọn pizza lẩu thái tom yum kung
ok chú lấy pizza lẩu thái tom yum kung
ok chị mua pizza hải sản pesto xanh
vậy mình chọn pizza hải sản pesto xanh
tớ lấy pizza hải sản pesto xanh
ok chị lấy pizza hải sản pesto xanh
vậy cô mua pizza hải sản pesto xanh
cho em mua pizza hải sản pesto xanh
cho tôi chọn pizza hải sản pesto xanh
em mua pizza hải sản pesto xanh
cho anh lấy pizza hải sản pesto xanh
mình lấy pizza hải sản pesto xanh
cho chú mua pizza hải sản cao cấp
ok chú lấy pizza hải sản cao cấp
em mua pizza hải sản cao cấp
vậy cô chọn pizza hải sản cao cấp
vậy tôi mua pizza hải sản cao cấp
cho bác chọn pizza hải sản cao cấp
vậy bác lấy pizza hải sản cao cấp
cho tôi chọn pizza hải sản cao cấp
vậy em mua pizza hải sản cao cấp
cho bác mua pizza hải sản cao cấp
vậy em chọn pizza hải sản cocktail
cho tớ lấy pizza hải sản cocktail
vậy cô chọn pizza hải sản cocktail
chú chọn pizza hải sản cocktail
cho em lấy pizza hải sản cocktail
chị chọn pizza hải sản cocktail
ok bác lấy pizza hải sản cocktail
anh lấy pizza hải sản cocktail
vậy tôi mua pizza hải sản cocktail
ok tôi lấy pizza hải sản cocktail
ok cô lấy pizza hải sản nhiệt đới
vậy cô chọn pizza hải sản nhiệt đới
ok tớ mua pizza hải sản nhiệt đới
vậy tớ chọn pizza hải sản nhiệt đới
tớ chọn pizza hải sản nhiệt đới
ok mình lấy pizza hải sản nhiệt đới
ok bác mua pizza hải sản nhiệt đới
ok tôi mua pizza hải sản nhiệt đới
chú mua pizza hải sản nhiệt đới
cô chọn pizza hải sản nhiệt đới
tôi mua pizza tôm cocktail
tôi chọn pizza tôm cocktail
ok mình chọn pizza tôm cocktail
ok cô mua pizza tôm cocktail
vậy chị chọn pizza tôm cocktail
ok anh mua pizza tôm cocktail
vậy tôi mua pizza tôm cocktail
cho bác chọn pizza tôm cocktail
bác lấy pizza tôm cocktail
ok em mua pizza tôm cocktail
chị lấy pizza năm loại thịt đặc biệt và rau củ nhân nhồi
vậy mình chọn pizza năm loại thịt đặc biệt và rau củ nhân nhồi
bác lấy pizza năm loại thịt đặc biệt và rau củ nhân nhồi
ok anh chọn pizza năm loại thịt đặc biệt và rau củ nhân nhồi
cho bác chọn pizza năm loại thịt đặc biệt và rau củ nhân nhồi
ok chị chọn pizza năm loại thịt đặc biệt và rau củ nhân nhồi
vậy chị lấy pizza năm loại thịt đặc biệt và rau củ nhân nhồi
ok cô lấy pizza năm loại thịt đặc biệt và rau củ nhân nhồi
tôi chọn pizza năm loại thịt đặc biệt và rau củ nhân nhồi
ok em lấy pizza năm loại thịt đặc biệt và rau củ nhân nhồi
cho anh lấy pizza hawaii nhân nhồi
vậy chú mua pizza hawaii nhân nhồi
em chọn pizza hawaii nhân nhồi
ok em mua pizza hawaii nhân nhồi
cho tôi mua pizza hawaii nhân nhồi
vậy bác lấy pizza hawaii nhân nhồi
chú lấy pizza hawaii nhân nhồi
cho chị mua pizza hawaii nhân nhồi
vậy chị lấy pizza hawaii nhân nhồi
ok chị lấy pizza hawaii nhân nhồi
cho em chọn pizza gà nướng ba vị nhân nhồi
vậy mình mua pizza gà nướng ba vị nhân nhồi
em chọn pizza gà nướng ba vị nhân nhồi
tôi chọn pizza gà nướng ba vị nhân nhồi
ok mình mua pizza gà nướng ba vị nhân nhồi
cho chú chọn pizza gà nướng ba vị nhân nhồi
ok cô mua pizza gà nướng ba vị nhân nhồi
cho bác lấy pizza gà nướng ba vị nhân nhồi
chị chọn pizza gà nướng ba vị nhân nhồi
vậy chị lấy pizza gà nướng ba vị nhân nhồi
