cho tôi mua sáu cái pizza xúc xích ý
ok cô lấy tám chiếc pizza xúc xích ý
ok mình lấy mười cái pizza xúc xích ý
ok anh mua hai chiếc pizza xúc xích ý
ok chú mua tám cái pizza xúc xích ý
ok cô mua tám chiếc pizza xúc xích ý
tớ lấy bốn chiếc pizza xúc xích ý
cho em lấy hai chiếc pizza xúc xích ý
chị chọn sáu chiếc pizza xúc xích ý
ok chị mua hai cái pizza xúc xích ý
ok anh lấy sáu cái pizza phô mai
vậy chú chọn ba cái pizza phô mai
cho tôi mua bảy chiếc pizza phô mai
bác chọn tám chiếc pizza phô mai
cho mình chọn sáu cái pizza phô mai
em chọn chín cái pizza phô mai
cô mua hai chiếc pizza phô mai
cho tớ chọn tám chiếc pizza phô mai
vậy anh chọn chín cái pizza phô mai
vậy cô lấy năm cái pizza phô mai
tớ lấy mười cái pizza thịt nguội và nấm
cô mua mười cái pizza thịt nguội và nấm
vậy tớ mua năm chiếc pizza thịt nguội và nấm
vậy tớ mua tám cái pizza thịt nguội và nấm
ok anh chọn bảy chiếc pizza thịt nguội và nấm
vậy cô lấy hai chiếc pizza thịt nguội và nấm
anh mua tám cái pizza thịt nguội và nấm
cho tớ lấy sáu cái pizza thịt nguội và nấm
vậy bác mua chín chiếc pizza thịt nguội và nấm
vậy anh mua bảy chiếc pizza thịt nguội và nấm
ok tớ chọn chín chiếc pizza gà nướng dứa
ok bác lấy mười cái pizza gà nướng dứa
ok anh mua ba cái pizza gà nướng dứa
mình lấy bảy chiếc pizza gà nướng dứa
cho chị lấy chín cái pizza gà nướng dứa
cho cô lấy bốn cái pizza gà nướng dứa
tôi mua năm cái pizza gà nướng dứa
vậy chú chọn hai chiếc pizza gà nướng dứa
vậy mình chọn bảy cái pizza gà nướng dứa
vậy chú mua bảy cái pizza gà nướng dứa
cho mình mua chín chiếc pizza rau củ
ok cô chọn chín chiếc pizza rau củ
vậy tôi mua ba chiếc pizza rau củ
em mua chín chiếc pizza rau củ
cho em mua một cái pizza rau củ
ok mình mua mười chiếc pizza rau củ
vậy bác chọn một cái pizza rau củ
anh chọn tám chiếc pizza rau củ
cho tôi mua bảy cái pizza rau củ
cho tớ chọn sáu chiếc pizza rau củ
vậy chú mua chín cái pizza hawaiian
cho cô lấy sáu chiếc pizza hawaiian
chú mua hai chiếc pizza hawaiian
vậy bác lấy tám cái pizza hawaiian
ok em lấy bảy cái pizza hawaiian
cho tôi mua bốn chiếc pizza hawaiian
cho tớ chọn mười cái pizza hawaiian
ok chú chọn một chiếc pizza hawaiian
cho mình mua sáu chiếc pizza hawaiian
ok mình chọn hai cái pizza hawaiian
cho em lấy năm cái pizza aloha
vậy tôi chọn mười cái pizza aloha
vậy anh chọn mười cái pizza aloha
em lấy hai chiếc pizza aloha
ok cô lấy bảy cái pizza aloha
cho tôi chọn bốn cái pizza aloha
cho cô mua hai cái pizza aloha
cho chị lấy năm cái pizza aloha
chị mua năm chiếc pizza aloha
cô lấy chín cái pizza aloha
ok mình mua hai cái pizza ba loại thịt thập cẩm và rau củ
cho tớ lấy ba cái pizza ba loại thịt thập cẩm và rau củ
cho chị lấy bốn chiếc pizza ba loại thịt thập cẩm và rau củ
vậy mình mua ba cái pizza ba loại thịt thập cẩm và rau củ
vậy tớ lấy bảy cái pizza ba loại thịt thập cẩm và rau củ
cho anh lấy mười cái pizza ba loại thịt thập cẩm và rau củ
vậy chị mua ba chiếc pizza ba loại thịt thập cẩm và rau củ
tớ mua ba cái pizza ba loại thịt thập cẩm và rau củ
ok mình mua ba chiếc pizza ba loại thịt thập cẩm và rau củ
vậy chị mua sáu chiếc pizza ba loại thịt thập cẩm và rau củ
ok chị mua tám chiếc pizza thịt xông khói
anh lấy ba chiếc pizza thịt xông khói
vậy em lấy sáu cái pizza thịt xông khói
tôi lấy ba chiếc pizza thịt xông khói
chú lấy bốn chiếc pizza thịt xông khói
cho em lấy mười cái pizza thịt xông khói
vậy tôi mua bảy cái pizza thịt xông khói
chị mua chín cái pizza thịt xông khói
vậy chú lấy chín cái pizza thịt xông khói
ok anh mua năm cái pizza thịt xông khói
vậy em mua năm cái pizza gà nướng ba vị
ok chị lấy sáu cái pizza gà nướng ba vị
cho mình chọn mười chiếc pizza gà nướng ba vị
mình chọn chín chiếc pizza gà nướng ba vị
cho em lấy tám cái pizza gà nướng ba vị
em lấy hai cái pizza gà nướng ba vị
ok em chọn bốn cái pizza gà nướng ba vị
cho chú lấy chín cái pizza gà nướng ba vị
cho mình lấy bảy cái pizza gà nướng ba vị
ok mình lấy ba chiếc pizza gà nướng ba vị
cho cô mua chín chiếc pizza pizza thịt nguội kiểu canada
tôi mua hai cái pizza pizza thịt nguội kiểu canada
cho tớ chọn bảy chiếc pizza pizza thịt nguội kiểu canada
em chọn chín chiếc pizza pizza thịt nguội kiểu canada
ok chị mua hai chiếc pizza pizza thịt nguội kiểu canada
cho bác chọn ba cái pizza pizza thịt nguội kiểu canada
ok tôi mua năm cái pizza pizza thịt nguội kiểu canada
vậy bác lấy bảy cái pizza pizza thịt nguội kiểu canada
cho tôi chọn hai chiếc pizza pizza thịt nguội kiểu canada
tớ chọn tám chiếc pizza pizza thịt nguội kiểu canada
ok chú lấy bảy cái pizza năm loại thịt đặc biệt và rau củ
em lấy bốn chiếc pizza năm loại thịt đặc biệt và rau củ
em chọn một cái pizza năm loại thịt đặc biệt và rau củ
vậy mình chọn sáu chiếc pizza năm loại thịt đặc biệt và rau củ
cho cô lấy mười chiếc pizza năm loại thịt đặc biệt và rau củ
em lấy bốn cái pizza năm loại thịt đặc biệt và rau củ
cho mình mua bốn chiếc pizza năm loại thịt đặc biệt và rau củ
vậy tôi chọn sáu cái pizza năm loại thịt đặc biệt và rau củ
anh mua hai chiếc pizza năm loại thịt đặc biệt và rau củ
chú lấy bảy cái pizza năm loại thịt đặc biệt và rau củ
ok tôi lấy hai cái pizza năm loại thịt đặc biệt
vậy mình mua ba chiếc pizza năm loại thịt đặc biệt
cho bác mua bốn cái pizza năm loại thịt đặc biệt
vậy anh mua hai cái pizza năm loại thịt đặc biệt
ok tớ chọn sáu cái pizza năm loại thịt đặc biệt
chị chọn chín chiếc pizza năm loại thịt đặc biệt
cho cô chọn mười chiếc pizza năm loại thịt đặc biệt
tôi lấy sáu chiếc pizza năm loại thịt đặc biệt
vậy mình chọn bảy cái pizza năm loại thịt đặc biệt
cho bác lấy ba cái pizza năm loại thịt đặc biệt
cho chú chọn sáu cái pizza lẩu thái tom yum kung
ok mình lấy ba cái pizza lẩu thái tom yum kung
chú chọn chín chiếc pizza lẩu thái tom yum kung
ok chị lấy ba cái pizza lẩu thái tom yum kung
vậy anh mua tám cái pizza lẩu thái tom yum kung
vậy chú lấy ba chiếc pizza lẩu thái tom yum kung
vậy anh mua năm chiếc pizza lẩu thái tom yum kung
ok bác chọn năm chiếc pizza lẩu thái tom yum kung
tôi mua ba chiếc pizza lẩu thái tom yum kung
chú chọn bảy chiếc pizza lẩu thái tom yum kung
cho tôi lấy mười chiếc pizza hải sản pesto xanh
tôi chọn một cái pizza hải sản pesto xanh
vậy bác chọn năm chiếc pizza hải sản pesto xanh
ok anh lấy chín cái pizza hải sản pesto xanh
vậy cô lấy một chiếc pizza hải sản pesto xanh
ok cô chọn ba chiếc pizza hải sản pesto xanh
vậy mình lấy bốn cái pizza hải sản pesto xanh
ok tôi chọn sáu cái pizza hải sản pesto xanh
ok chị chọn mười cái pizza hải sản pesto xanh
cho anh mua một chiếc pizza hải sản pesto xanh
vậy tớ mua tám chiếc pizza hải sản cao cấp
cho chú mua ba cái pizza hải sản cao cấp
ok cô mua tám chiếc pizza hải sản cao cấp
ok tớ chọn tám chiếc pizza hải sản cao cấp
ok mình chọn một cái pizza hải sản cao cấp
cho tôi lấy chín chiếc pizza hải sản cao cấp
vậy tớ mua năm cái pizza hải sản cao cấp
ok mình chọn ba cái pizza hải sản cao cấp
vậy em mua tám cái pizza hải sản cao cấp
cho bác chọn hai chiếc pizza hải sản cao cấp
vậy cô mua hai chiếc pizza hải sản cocktail
cho chú mua mười chiếc pizza hải sản cocktail
ok bác chọn tám cái pizza hải sản cocktail
ok tớ mua sáu chiếc pizza hải sản cocktail
ok bác chọn mười chiếc pizza hải sản cocktail
tớ mua một chiếc pizza hải sản cocktail
cho tớ lấy mười cái pizza hải sản cocktail
chị lấy năm chiếc pizza hải sản cocktail
vậy anh lấy bốn cái pizza hải sản cocktail
ok mình lấy sáu cái pizza hải sản cocktail
vậy chú chọn sáu cái pizza hải sản nhiệt đới
chị chọn bốn cái pizza hải sản nhiệt đới
ok anh chọn mười cái pizza hải sản nhiệt đới
ok mình mua hai chiếc pizza hải sản nhiệt đới
ok cô chọn một chiếc pizza hải sản nhiệt đới
ok chú chọn hai chiếc pizza hải sản nhiệt đới
cho bác mua tám cái pizza hải sản nhiệt đới
mình chọn ba chiếc pizza hải sản nhiệt đới
ok chú lấy tám chiếc pizza hải sản nhiệt đới
mình chọn năm chiếc pizza hải sản nhiệt đới
chú chọn sáu cái pizza tôm cocktail
tớ lấy tám cái pizza tôm cocktail
ok chú chọn bốn cái pizza tôm cocktail
vậy chị mua năm chiếc pizza tôm cocktail
cho bác chọn bốn cái pizza tôm cocktail
ok em chọn hai cái pizza tôm cocktail
em chọn sáu chiếc pizza tôm cocktail
em lấy mười chiếc pizza tôm cocktail
anh mua mười cái pizza tôm cocktail
ok mình lấy năm cái pizza tôm cocktail
cho cô mua chín chiếc pizza năm loại thịt đặc biệt và rau củ nhân nhồi
vậy chú chọn một cái pizza năm loại thịt đặc biệt và rau củ nhân nhồi
em lấy chín cái pizza năm loại thịt đặc biệt và rau củ nhân nhồi
vậy cô lấy bảy chiếc pizza năm loại thịt đặc biệt và rau củ nhân nhồi
cho cô mua bốn chiếc pizza năm loại thịt đặc biệt và rau củ nhân nhồi
cho em mua bốn cái pizza năm loại thịt đặc biệt và rau củ nhân nhồi
vậy anh lấy tám chiếc pizza năm loại thịt đặc biệt và rau củ nhân nhồi
em mua năm chiếc pizza năm loại thịt đặc biệt và rau củ nhân nhồi
chú mua tám chiếc pizza năm loại thịt đặc biệt và rau củ nhân nhồi
tôi lấy năm chiếc pizza năm loại thịt đặc biệt và rau củ nhân nhồi
cho anh lấy mười cái pizza hawaii nhân nhồi
cho anh mua ba cái pizza hawaii nhân nhồi
cho tôi chọn mười cái pizza hawaii nhân nhồi
vậy chị chọn hai chiếc pizza hawaii nhân nhồi
cho tớ lấy ba cái pizza hawaii nhân nhồi
cho tôi lấy năm chiếc pizza hawaii nhân nhồi
cho mình chọn tám cái pizza hawaii nhân nhồi
ok anh lấy chín chiếc pizza hawaii nhân nhồi
em mua chín chiếc pizza hawaii nhân nhồi
vậy bác mua hai cái pizza hawaii nhân nhồi
cho bác chọn bảy chiếc pizza gà nướng ba vị nhân nhồi
tớ chọn một cái pizza gà nướng ba vị nhân nhồi
vậy em mua ba cái pizza gà nướng ba vị nhân nhồi
vậy anh chọn tám cái pizza gà nướng ba vị nhân nhồi
vậy chị lấy tám cái pizza gà nướng ba vị nhân nhồi
cho mình mua sáu chiếc pizza gà nướng ba vị nhân nhồi
cô lấy bốn cái pizza gà nướng ba vị nhân nhồi
vậy mình mua tám chiếc pizza gà nướng ba vị nhân nhồi
bác chọn năm chiếc pizza gà nướng ba vị nhân nhồi
ok tôi lấy một chiếc pizza gà nướng ba vị nhân nhồi
