anh cho cho tôi đặt pizza
anh cho cho tôi mua pizza
anh cho cho tôi đặt mua pizza
anh cho cho tôi order pizza
anh cho cho anh đặt pizza
anh cho cho anh mua pizza
anh cho cho anh đặt mua pizza
anh cho cho anh order pizza
anh cho cho chị đặt pizza
anh cho cho chị mua pizza
anh cho cho chị đặt mua pizza
anh cho cho chị order pizza
anh cho cho em đặt pizza
anh cho cho em mua pizza
anh cho cho em đặt mua pizza
anh cho cho em order pizza
anh cho cho mình đặt pizza
anh cho cho mình mua pizza
anh cho cho mình đặt mua pizza
anh cho cho mình order pizza
anh cho cho tớ đặt pizza
anh cho cho tớ mua pizza
anh cho cho tớ đặt mua pizza
anh cho cho tớ order pizza
anh cho cho chú đặt pizza
anh cho cho chú mua pizza
anh cho cho chú đặt mua pizza
anh cho cho chú order pizza
anh cho cho cô đặt pizza
anh cho cho cô mua pizza
anh cho cho cô đặt mua pizza
anh cho cho cô order pizza
anh cho cho bác đặt pizza
anh cho cho bác mua pizza
anh cho cho bác đặt mua pizza
anh cho cho bác order pizza
chị cho cho tôi đặt pizza
chị cho cho tôi mua pizza
chị cho cho tôi đặt mua pizza
chị cho cho tôi order pizza
chị cho cho anh đặt pizza
chị cho cho anh mua pizza
chị cho cho anh đặt mua pizza
chị cho cho anh order pizza
chị cho cho chị đặt pizza
chị cho cho chị mua pizza
chị cho cho chị đặt mua pizza
chị cho cho chị order pizza
chị cho cho em đặt pizza
chị cho cho em mua pizza
chị cho cho em đặt mua pizza
chị cho cho em order pizza
chị cho cho mình đặt pizza
chị cho cho mình mua pizza
chị cho cho mình đặt mua pizza
chị cho cho mình order pizza
chị cho cho tớ đặt pizza
chị cho cho tớ mua pizza
chị cho cho tớ đặt mua pizza
chị cho cho tớ order pizza
chị cho cho chú đặt pizza
chị cho cho chú mua pizza
chị cho cho chú đặt mua pizza
chị cho cho chú order pizza
chị cho cho cô đặt pizza
chị cho cho cô mua pizza
chị cho cho cô đặt mua pizza
chị cho cho cô order pizza
chị cho cho bác đặt pizza
chị cho cho bác mua pizza
chị cho cho bác đặt mua pizza
chị cho cho bác order pizza
bên mình cho cho tôi đặt pizza
bên mình cho cho tôi mua pizza
bên mình cho cho tôi đặt mua pizza
bên mình cho cho tôi order pizza
bên mình cho cho anh đặt pizza
bên mình cho cho anh mua pizza
bên mình cho cho anh đặt mua pizza
bên mình cho cho anh order pizza
bên mình cho cho chị đặt pizza
bên mình cho cho chị mua pizza
bên mình cho cho chị đặt mua pizza
bên mình cho cho chị order pizza
bên mình cho cho em đặt pizza
bên mình cho cho em mua pizza
bên mình cho cho em đặt mua pizza
bên mình cho cho em order pizza
bên mình cho cho mình đặt pizza
bên mình cho cho mình mua pizza
bên mình cho cho mình đặt mua pizza
bên mình cho cho mình order pizza
bên mình cho cho tớ đặt pizza
bên mình cho cho tớ mua pizza
bên mình cho cho tớ đặt mua pizza
bên mình cho cho tớ order pizza
bên mình cho cho chú đặt pizza
bên mình cho cho chú mua pizza
bên mình cho cho chú đặt mua pizza
bên mình cho cho chú order pizza
bên mình cho cho cô đặt pizza
bên mình cho cho cô mua pizza
bên mình cho cho cô đặt mua pizza
bên mình cho cho cô order pizza
bên mình cho cho bác đặt pizza
bên mình cho cho bác mua pizza
bên mình cho cho bác đặt mua pizza
bên mình cho cho bác order pizza
mình cho cho tôi đặt pizza
mình cho cho tôi mua pizza
mình cho cho tôi đặt mua pizza
mình cho cho tôi order pizza
mình cho cho anh đặt pizza
mình cho cho anh mua pizza
mình cho cho anh đặt mua pizza
mình cho cho anh order pizza
mình cho cho chị đặt pizza
mình cho cho chị mua pizza
mình cho cho chị đặt mua pizza
mình cho cho chị order pizza
mình cho cho em đặt pizza
mình cho cho em mua pizza
mình cho cho em đặt mua pizza
mình cho cho em order pizza
mình cho cho mình đặt pizza
mình cho cho mình mua pizza
mình cho cho mình đặt mua pizza
mình cho cho mình order pizza
mình cho cho tớ đặt pizza
mình cho cho tớ mua pizza
mình cho cho tớ đặt mua pizza
mình cho cho tớ order pizza
mình cho cho chú đặt pizza
mình cho cho chú mua pizza
mình cho cho chú đặt mua pizza
mình cho cho chú order pizza
mình cho cho cô đặt pizza
mình cho cho cô mua pizza
mình cho cho cô đặt mua pizza
mình cho cho cô order pizza
mình cho cho bác đặt pizza
mình cho cho bác mua pizza
mình cho cho bác đặt mua pizza
mình cho cho bác order pizza
cửa hàng cho cho tôi đặt pizza
cửa hàng cho cho tôi mua pizza
cửa hàng cho cho tôi đặt mua pizza
cửa hàng cho cho tôi order pizza
cửa hàng cho cho anh đặt pizza
cửa hàng cho cho anh mua pizza
cửa hàng cho cho anh đặt mua pizza
cửa hàng cho cho anh order pizza
cửa hàng cho cho chị đặt pizza
cửa hàng cho cho chị mua pizza
cửa hàng cho cho chị đặt mua pizza
cửa hàng cho cho chị order pizza
cửa hàng cho cho em đặt pizza
cửa hàng cho cho em mua pizza
cửa hàng cho cho em đặt mua pizza
cửa hàng cho cho em order pizza
cửa hàng cho cho mình đặt pizza
cửa hàng cho cho mình mua pizza
cửa hàng cho cho mình đặt mua pizza
cửa hàng cho cho mình order pizza
cửa hàng cho cho tớ đặt pizza
cửa hàng cho cho tớ mua pizza
cửa hàng cho cho tớ đặt mua pizza
cửa hàng cho cho tớ order pizza
cửa hàng cho cho chú đặt pizza
cửa hàng cho cho chú mua pizza
cửa hàng cho cho chú đặt mua pizza
cửa hàng cho cho chú order pizza
cửa hàng cho cho cô đặt pizza
cửa hàng cho cho cô mua pizza
cửa hàng cho cho cô đặt mua pizza
cửa hàng cho cho cô order pizza
cửa hàng cho cho bác đặt pizza
cửa hàng cho cho bác mua pizza
cửa hàng cho cho bác đặt mua pizza
cửa hàng cho cho bác order pizza
shop cho cho tôi đặt pizza
shop cho cho tôi mua pizza
shop cho cho tôi đặt mua pizza
shop cho cho tôi order pizza
shop cho cho anh đặt pizza
shop cho cho anh mua pizza
shop cho cho anh đặt mua pizza
shop cho cho anh order pizza
shop cho cho chị đặt pizza
shop cho cho chị mua pizza
shop cho cho chị đặt mua pizza
shop cho cho chị order pizza
shop cho cho em đặt pizza
shop cho cho em mua pizza
shop cho cho em đặt mua pizza
shop cho cho em order pizza
shop cho cho mình đặt pizza
shop cho cho mình mua pizza
shop cho cho mình đặt mua pizza
shop cho cho mình order pizza
shop cho cho tớ đặt pizza
shop cho cho tớ mua pizza
shop cho cho tớ đặt mua pizza
shop cho cho tớ order pizza
shop cho cho chú đặt pizza
shop cho cho chú mua pizza
shop cho cho chú đặt mua pizza
shop cho cho chú order pizza
shop cho cho cô đặt pizza
shop cho cho cô mua pizza
shop cho cho cô đặt mua pizza
shop cho cho cô order pizza
shop cho cho bác đặt pizza
shop cho cho bác mua pizza
shop cho cho bác đặt mua pizza
shop cho cho bác order pizza
