anh có những loại pizza nào
anh có những loại pizza gì
chị có những loại pizza nào
chị có những loại pizza gì
bên mình có những loại pizza nào
bên mình có những loại pizza gì
mình có những loại pizza nào
mình có những loại pizza gì
cửa hàng có những loại pizza nào
cửa hàng có những loại pizza gì
shop có những loại pizza nào
shop có những loại pizza gì
anh có những loại pizza nào vậy
anh có những loại pizza gì vậy
chị có những loại pizza nào vậy
chị có những loại pizza gì vậy
bên mình có những loại pizza nào vậy
bên mình có những loại pizza gì vậy
mình có những loại pizza nào vậy
mình có những loại pizza gì vậy
cửa hàng có những loại pizza nào vậy
cửa hàng có những loại pizza gì vậy
shop có những loại pizza nào vậy
shop có những loại pizza gì vậy
