có những pizza nào shop
có những pizza nào em
có những pizza nào anh
có những pizza nào chị
có những pizza nào bạn
có những pizza gì shop
có những pizza gì em
có những pizza gì anh
có những pizza gì chị
có những pizza gì bạn
có các pizza nào shop
có các pizza nào em
có các pizza nào anh
có các pizza nào chị
có các pizza nào bạn
có các pizza gì shop
có các pizza gì em
có các pizza gì anh
có các pizza gì chị
có các pizza gì bạn
có những loại pizza nào shop nhỉ
có những loại pizza nào em nhỉ
có những loại pizza nào anh nhỉ
có những loại pizza nào chị nhỉ
có những loại pizza nào bạn nhỉ
có những loại pizza gì shop nhỉ
có những loại pizza gì em nhỉ
có những loại pizza gì anh nhỉ
có những loại pizza gì chị nhỉ
có những loại pizza gì bạn nhỉ
có các loại pizza nào shop nhỉ
có các loại pizza nào em nhỉ
có các loại pizza nào anh nhỉ
có các loại pizza nào chị nhỉ
có các loại pizza nào bạn nhỉ
có các loại pizza gì shop nhỉ
có các loại pizza gì em nhỉ
có các loại pizza gì anh nhỉ
có các loại pizza gì chị nhỉ
có các loại pizza gì bạn nhỉ
