có những pizza nào nhỉ shop
có những pizza nào nhỉ em
có những pizza nào nhỉ anh
có những pizza nào nhỉ chị
có những pizza nào nhỉ bạn
có những pizza gì nhỉ shop
có những pizza gì nhỉ em
có những pizza gì nhỉ anh
có những pizza gì nhỉ chị
có những pizza gì nhỉ bạn
có các pizza nào nhỉ shop
có các pizza nào nhỉ em
có các pizza nào nhỉ anh
có các pizza nào nhỉ chị
có các pizza nào nhỉ bạn
có các pizza gì nhỉ shop
có các pizza gì nhỉ em
có các pizza gì nhỉ anh
có các pizza gì nhỉ chị
có các pizza gì nhỉ bạn
có những loại pizza nào nhỉ shop
có những loại pizza nào nhỉ em
có những loại pizza nào nhỉ anh
có những loại pizza nào nhỉ chị
có những loại pizza nào nhỉ bạn
có những loại pizza gì nhỉ shop
có những loại pizza gì nhỉ em
có những loại pizza gì nhỉ anh
có những loại pizza gì nhỉ chị
có những loại pizza gì nhỉ bạn
có các loại pizza nào nhỉ shop
có các loại pizza nào nhỉ em
có các loại pizza nào nhỉ anh
có các loại pizza nào nhỉ chị
có các loại pizza nào nhỉ bạn
có các loại pizza gì nhỉ shop
có các loại pizza gì nhỉ em
có các loại pizza gì nhỉ anh
có các loại pizza gì nhỉ chị
có các loại pizza gì nhỉ bạn
