pizza xúc xích ý vừa bao nhiêu tiền
pizza xúc xích ý bé bao nhiêu tiền
pizza xúc xích ý lớn bao nhiêu tiền
pizza xúc xích ý nhỏ mấy tiền
pizza xúc xích ý bé mấy tiền
pizza xúc xích ý nhỏ bao nhiêu tiền
pizza xúc xích ý lớn mấy tiền
pizza xúc xích ý vừa mấy tiền
pizza phô mai nhỏ bao nhiêu tiền
pizza phô mai lớn mấy tiền
pizza phô mai vừa mấy tiền
pizza phô mai bé bao nhiêu tiền
pizza phô mai nhỏ mấy tiền
pizza phô mai lớn bao nhiêu tiền
pizza phô mai vừa bao nhiêu tiền
pizza phô mai bé mấy tiền
pizza thịt nguội và nấm nhỏ mấy tiền
pizza thịt nguội và nấm vừa mấy tiền
pizza thịt nguội và nấm bé mấy tiền
pizza thịt nguội và nấm lớn mấy tiền
pizza thịt nguội và nấm bé bao nhiêu tiền
pizza thịt nguội và nấm vừa bao nhiêu tiền
pizza thịt nguội và nấm nhỏ bao nhiêu tiền
pizza thịt nguội và nấm lớn bao nhiêu tiền
pizza gà nướng dứa nhỏ mấy tiền
pizza gà nướng dứa lớn mấy tiền
pizza gà nướng dứa bé bao nhiêu tiền
pizza gà nướng dứa bé mấy tiền
pizza gà nướng dứa vừa mấy tiền
pizza gà nướng dứa lớn bao nhiêu tiền
pizza gà nướng dứa vừa bao nhiêu tiền
pizza gà nướng dứa nhỏ bao nhiêu tiền
pizza rau củ bé mấy tiền
pizza rau củ lớn mấy tiền
pizza rau củ nhỏ bao nhiêu tiền
pizza rau củ lớn bao nhiêu tiền
pizza rau củ nhỏ mấy tiền
pizza rau củ vừa mấy tiền
pizza rau củ bé bao nhiêu tiền
pizza rau củ vừa bao nhiêu tiền
pizza hawaiian vừa mấy tiền
pizza hawaiian nhỏ bao nhiêu tiền
pizza hawaiian bé bao nhiêu tiền
pizza hawaiian vừa bao nhiêu tiền
pizza hawaiian bé mấy tiền
pizza hawaiian nhỏ mấy tiền
pizza hawaiian lớn mấy tiền
pizza hawaiian lớn bao nhiêu tiền
pizza aloha nhỏ mấy tiền
pizza aloha bé bao nhiêu tiền
pizza aloha nhỏ bao nhiêu tiền
pizza aloha vừa mấy tiền
pizza aloha lớn mấy tiền
pizza aloha bé mấy tiền
pizza aloha vừa bao nhiêu tiền
pizza aloha lớn bao nhiêu tiền
pizza ba loại thịt thập cẩm và rau củ vừa bao nhiêu tiền
pizza ba loại thịt thập cẩm và rau củ bé bao nhiêu tiền
pizza ba loại thịt thập cẩm và rau củ lớn bao nhiêu tiền
pizza ba loại thịt thập cẩm và rau củ nhỏ mấy tiền
pizza ba loại thịt thập cẩm và rau củ vừa mấy tiền
pizza ba loại thịt thập cẩm và rau củ nhỏ bao nhiêu tiền
pizza ba loại thịt thập cẩm và rau củ lớn mấy tiền
pizza ba loại thịt thập cẩm và rau củ bé mấy tiền
pizza thịt xông khói lớn bao nhiêu tiền
pizza thịt xông khói vừa mấy tiền
pizza thịt xông khói bé mấy tiền
pizza thịt xông khói vừa bao nhiêu tiền
pizza thịt xông khói nhỏ mấy tiền
pizza thịt xông khói lớn mấy tiền
pizza thịt xông khói nhỏ bao nhiêu tiền
pizza thịt xông khói bé bao nhiêu tiền
pizza gà nướng ba vị lớn mấy tiền
pizza gà nướng ba vị bé mấy tiền
pizza gà nướng ba vị vừa mấy tiền
pizza gà nướng ba vị vừa bao nhiêu tiền
pizza gà nướng ba vị nhỏ mấy tiền
pizza gà nướng ba vị bé bao nhiêu tiền
pizza gà nướng ba vị nhỏ bao nhiêu tiền
pizza gà nướng ba vị lớn bao nhiêu tiền
pizza pizza thịt nguội kiểu canada bé mấy tiền
pizza pizza thịt nguội kiểu canada nhỏ mấy tiền
pizza pizza thịt nguội kiểu canada vừa mấy tiền
pizza pizza thịt nguội kiểu canada bé bao nhiêu tiền
pizza pizza thịt nguội kiểu canada nhỏ bao nhiêu tiền
pizza pizza thịt nguội kiểu canada vừa bao nhiêu tiền
pizza pizza thịt nguội kiểu canada lớn bao nhiêu tiền
pizza pizza thịt nguội kiểu canada lớn mấy tiền
pizza năm loại thịt đặc biệt và rau củ vừa mấy tiền
pizza năm loại thịt đặc biệt và rau củ lớn mấy tiền
pizza năm loại thịt đặc biệt và rau củ vừa bao nhiêu tiền
pizza năm loại thịt đặc biệt và rau củ bé bao nhiêu tiền
pizza năm loại thịt đặc biệt và rau củ nhỏ bao nhiêu tiền
pizza năm loại thịt đặc biệt và rau củ bé mấy tiền
pizza năm loại thịt đặc biệt và rau củ nhỏ mấy tiền
pizza năm loại thịt đặc biệt và rau củ lớn bao nhiêu tiền
pizza năm loại thịt đặc biệt lớn bao nhiêu tiền
pizza năm loại thịt đặc biệt nhỏ bao nhiêu tiền
pizza năm loại thịt đặc biệt bé mấy tiền
pizza năm loại thịt đặc biệt bé bao nhiêu tiền
pizza năm loại thịt đặc biệt vừa mấy tiền
pizza năm loại thịt đặc biệt vừa bao nhiêu tiền
pizza năm loại thịt đặc biệt lớn mấy tiền
pizza năm loại thịt đặc biệt nhỏ mấy tiền
pizza lẩu thái tom yum kung bé mấy tiền
pizza lẩu thái tom yum kung lớn mấy tiền
pizza lẩu thái tom yum kung lớn bao nhiêu tiền
pizza lẩu thái tom yum kung bé bao nhiêu tiền
pizza lẩu thái tom yum kung vừa bao nhiêu tiền
pizza lẩu thái tom yum kung nhỏ bao nhiêu tiền
pizza lẩu thái tom yum kung vừa mấy tiền
pizza lẩu thái tom yum kung nhỏ mấy tiền
pizza hải sản pesto xanh vừa bao nhiêu tiền
pizza hải sản pesto xanh lớn mấy tiền
pizza hải sản pesto xanh nhỏ bao nhiêu tiền
pizza hải sản pesto xanh bé bao nhiêu tiền
pizza hải sản pesto xanh lớn bao nhiêu tiền
pizza hải sản pesto xanh vừa mấy tiền
pizza hải sản pesto xanh nhỏ mấy tiền
pizza hải sản pesto xanh bé mấy tiền
pizza hải sản cao cấp vừa mấy tiền
pizza hải sản cao cấp lớn mấy tiền
pizza hải sản cao cấp nhỏ bao nhiêu tiền
pizza hải sản cao cấp bé mấy tiền
pizza hải sản cao cấp nhỏ mấy tiền
pizza hải sản cao cấp vừa bao nhiêu tiền
pizza hải sản cao cấp bé bao nhiêu tiền
pizza hải sản cao cấp lớn bao nhiêu tiền
pizza hải sản cocktail lớn bao nhiêu tiền
pizza hải sản cocktail vừa mấy tiền
pizza hải sản cocktail lớn mấy tiền
pizza hải sản cocktail bé bao nhiêu tiền
pizza hải sản cocktail nhỏ mấy tiền
pizza hải sản cocktail bé mấy tiền
pizza hải sản cocktail nhỏ bao nhiêu tiền
pizza hải sản cocktail vừa bao nhiêu tiền
pizza hải sản nhiệt đới lớn bao nhiêu tiền
pizza hải sản nhiệt đới bé mấy tiền
pizza hải sản nhiệt đới nhỏ mấy tiền
pizza hải sản nhiệt đới lớn mấy tiền
pizza hải sản nhiệt đới vừa mấy tiền
pizza hải sản nhiệt đới vừa bao nhiêu tiền
pizza hải sản nhiệt đới bé bao nhiêu tiền
pizza hải sản nhiệt đới nhỏ bao nhiêu tiền
pizza tôm cocktail nhỏ mấy tiền
pizza tôm cocktail lớn bao nhiêu tiền
pizza tôm cocktail bé mấy tiền
pizza tôm cocktail lớn mấy tiền
pizza tôm cocktail nhỏ bao nhiêu tiền
pizza tôm cocktail vừa bao nhiêu tiền
pizza tôm cocktail vừa mấy tiền
pizza tôm cocktail bé bao nhiêu tiền
pizza năm loại thịt đặc biệt và rau củ nhân nhồi vừa mấy tiền
pizza năm loại thịt đặc biệt và rau củ nhân nhồi vừa bao nhiêu tiền
pizza năm loại thịt đặc biệt và rau củ nhân nhồi bé mấy tiền
pizza năm loại thịt đặc biệt và rau củ nhân nhồi nhỏ mấy tiền
pizza năm loại thịt đặc biệt và rau củ nhân nhồi nhỏ bao nhiêu tiền
pizza năm loại thịt đặc biệt và rau củ nhân nhồi lớn mấy tiền
pizza năm loại thịt đặc biệt và rau củ nhân nhồi lớn bao nhiêu tiền
pizza năm loại thịt đặc biệt và rau củ nhân nhồi bé bao nhiêu tiền
pizza hawaii nhân nhồi nhỏ mấy tiền
pizza hawaii nhân nhồi nhỏ bao nhiêu tiền
pizza hawaii nhân nhồi bé bao nhiêu tiền
pizza hawaii nhân nhồi lớn bao nhiêu tiền
pizza hawaii nhân nhồi vừa mấy tiền
pizza hawaii nhân nhồi vừa bao nhiêu tiền
pizza hawaii nhân nhồi lớn mấy tiền
pizza hawaii nhân nhồi bé mấy tiền
pizza gà nướng ba vị nhân nhồi lớn mấy tiền
pizza gà nướng ba vị nhân nhồi vừa mấy tiền
pizza gà nướng ba vị nhân nhồi bé mấy tiền
pizza gà nướng ba vị nhân nhồi bé bao nhiêu tiền
pizza gà nướng ba vị nhân nhồi nhỏ mấy tiền
pizza gà nướng ba vị nhân nhồi lớn bao nhiêu tiền
pizza gà nướng ba vị nhân nhồi vừa bao nhiêu tiền
pizza gà nướng ba vị nhân nhồi nhỏ bao nhiêu tiền
