pizza xúc xích ý có những loại pizza nào
pizza xúc xích ý có những loại pizza gì
pizza xúc xích ý có những loại pizza nào vậy
pizza xúc xích ý có những loại pizza gì vậy
pizza phô mai có những loại pizza gì vậy
pizza phô mai có những loại pizza nào
pizza phô mai có những loại pizza nào vậy
pizza phô mai có những loại pizza gì
pizza thịt nguội và nấm có những loại pizza nào
pizza thịt nguội và nấm có những loại pizza gì vậy
pizza thịt nguội và nấm có những loại pizza nào vậy
pizza thịt nguội và nấm có những loại pizza gì
pizza gà nướng dứa có những loại pizza gì
pizza gà nướng dứa có những loại pizza gì vậy
pizza gà nướng dứa có những loại pizza nào
pizza gà nướng dứa có những loại pizza nào vậy
pizza rau củ có những loại pizza gì vậy
pizza rau củ có những loại pizza nào vậy
pizza rau củ có những loại pizza nào
pizza rau củ có những loại pizza gì
pizza hawaiian có những loại pizza nào vậy
pizza hawaiian có những loại pizza gì vậy
pizza hawaiian có những loại pizza gì
pizza hawaiian có những loại pizza nào
pizza aloha có những loại pizza nào
pizza aloha có những loại pizza gì vậy
pizza aloha có những loại pizza gì
pizza aloha có những loại pizza nào vậy
pizza ba loại thịt thập cẩm và rau củ có những loại pizza nào
pizza ba loại thịt thập cẩm và rau củ có những loại pizza nào vậy
pizza ba loại thịt thập cẩm và rau củ có những loại pizza gì vậy
pizza ba loại thịt thập cẩm và rau củ có những loại pizza gì
pizza thịt xông khói có những loại pizza nào
pizza thịt xông khói có những loại pizza gì vậy
pizza thịt xông khói có những loại pizza gì
pizza thịt xông khói có những loại pizza nào vậy
pizza gà nướng ba vị có những loại pizza nào vậy
pizza gà nướng ba vị có những loại pizza nào
pizza gà nướng ba vị có những loại pizza gì
pizza gà nướng ba vị có những loại pizza gì vậy
pizza pizza thịt nguội kiểu canada có những loại pizza nào vậy
pizza pizza thịt nguội kiểu canada có những loại pizza gì vậy
pizza pizza thịt nguội kiểu canada có những loại pizza nào
pizza pizza thịt nguội kiểu canada có những loại pizza gì
pizza năm loại thịt đặc biệt và rau củ có những loại pizza nào
pizza năm loại thịt đặc biệt và rau củ có những loại pizza gì vậy
pizza năm loại thịt đặc biệt và rau củ có những loại pizza gì
pizza năm loại thịt đặc biệt và rau củ có những loại pizza nào vậy
pizza năm loại thịt đặc biệt có những loại pizza nào
pizza năm loại thịt đặc biệt có những loại pizza gì
pizza năm loại thịt đặc biệt có những loại pizza gì vậy
pizza năm loại thịt đặc biệt có những loại pizza nào vậy
pizza lẩu thái tom yum kung có những loại pizza nào
pizza lẩu thái tom yum kung có những loại pizza nào vậy
pizza lẩu thái tom yum kung có những loại pizza gì
pizza lẩu thái tom yum kung có những loại pizza gì vậy
pizza hải sản pesto xanh có những loại pizza gì vậy
pizza hải sản pesto xanh có những loại pizza nào
pizza hải sản pesto xanh có những loại pizza nào vậy
pizza hải sản pesto xanh có những loại pizza gì
pizza hải sản cao cấp có những loại pizza nào
pizza hải sản cao cấp có những loại pizza gì vậy
pizza hải sản cao cấp có những loại pizza nào vậy
pizza hải sản cao cấp có những loại pizza gì
pizza hải sản cocktail có những loại pizza gì
pizza hải sản cocktail có những loại pizza nào vậy
pizza hải sản cocktail có những loại pizza nào
pizza hải sản cocktail có những loại pizza gì vậy
pizza hải sản nhiệt đới có những loại pizza nào
pizza hải sản nhiệt đới có những loại pizza gì vậy
pizza hải sản nhiệt đới có những loại pizza gì
pizza hải sản nhiệt đới có những loại pizza nào vậy
pizza tôm cocktail có những loại pizza nào
pizza tôm cocktail có những loại pizza gì vậy
pizza tôm cocktail có những loại pizza nào vậy
pizza tôm cocktail có những loại pizza gì
pizza năm loại thịt đặc biệt và rau củ nhân nhồi có những loại pizza gì
pizza năm loại thịt đặc biệt và rau củ nhân nhồi có những loại pizza nào
pizza năm loại thịt đặc biệt và rau củ nhân nhồi có những loại pizza nào vậy
pizza năm loại thịt đặc biệt và rau củ nhân nhồi có những loại pizza gì vậy
pizza hawaii nhân nhồi có những loại pizza gì vậy
pizza hawaii nhân nhồi có những loại pizza nào
pizza hawaii nhân nhồi có những loại pizza nào vậy
pizza hawaii nhân nhồi có những loại pizza gì
pizza gà nướng ba vị nhân nhồi có những loại pizza nào vậy
pizza gà nướng ba vị nhân nhồi có những loại pizza gì
pizza gà nướng ba vị nhân nhồi có những loại pizza nào
pizza gà nướng ba vị nhân nhồi có những loại pizza gì vậy
