cho tôi đặt pizza
cho tôi mua pizza
cho tôi đặt mua pizza
cho tôi order pizza
cho anh đặt pizza
cho anh mua pizza
cho anh đặt mua pizza
cho anh order pizza
cho chị đặt pizza
cho chị mua pizza
cho chị đặt mua pizza
cho chị order pizza
cho em đặt pizza
cho em mua pizza
cho em đặt mua pizza
cho em order pizza
cho mình đặt pizza
cho mình mua pizza
cho mình đặt mua pizza
cho mình order pizza
cho tớ đặt pizza
cho tớ mua pizza
cho tớ đặt mua pizza
cho tớ order pizza
cho chú đặt pizza
cho chú mua pizza
cho chú đặt mua pizza
cho chú order pizza
cho cô đặt pizza
cho cô mua pizza
cho cô đặt mua pizza
cho cô order pizza
cho bác đặt pizza
cho bác mua pizza
cho bác đặt mua pizza
cho bác order pizza
