cửa hàng có những pizza nào
cửa hàng có những pizza gì
cửa hàng có các pizza nào
cửa hàng có các pizza gì
shop có những pizza nào
shop có những pizza gì
shop có các pizza nào
shop có các pizza gì
quán có những pizza nào
quán có những pizza gì
quán có các pizza nào
quán có các pizza gì
cửa hàng mình có những loại pizza nào
cửa hàng mình có những loại pizza gì
cửa hàng mình có các loại pizza nào
cửa hàng mình có các loại pizza gì
cửa hàng bạn có những loại pizza nào
cửa hàng bạn có những loại pizza gì
cửa hàng bạn có các loại pizza nào
cửa hàng bạn có các loại pizza gì
cửa hàng em có những loại pizza nào
cửa hàng em có những loại pizza gì
cửa hàng em có các loại pizza nào
cửa hàng em có các loại pizza gì
cửa hàng anh có những loại pizza nào
cửa hàng anh có những loại pizza gì
cửa hàng anh có các loại pizza nào
cửa hàng anh có các loại pizza gì
cửa hàng chị có những loại pizza nào
cửa hàng chị có những loại pizza gì
cửa hàng chị có các loại pizza nào
cửa hàng chị có các loại pizza gì
shop mình có những loại pizza nào
shop mình có những loại pizza gì
shop mình có các loại pizza nào
shop mình có các loại pizza gì
shop bạn có những loại pizza nào
shop bạn có những loại pizza gì
shop bạn có các loại pizza nào
shop bạn có các loại pizza gì
shop em có những loại pizza nào
shop em có những loại pizza gì
shop em có các loại pizza nào
shop em có các loại pizza gì
shop anh có những loại pizza nào
shop anh có những loại pizza gì
shop anh có các loại pizza nào
shop anh có các loại pizza gì
shop chị có những loại pizza nào
shop chị có những loại pizza gì
shop chị có các loại pizza nào
shop chị có các loại pizza gì
quán mình có những loại pizza nào
quán mình có những loại pizza gì
quán mình có các loại pizza nào
quán mình có các loại pizza gì
quán bạn có những loại pizza nào
quán bạn có những loại pizza gì
quán bạn có các loại pizza nào
quán bạn có các loại pizza gì
quán em có những loại pizza nào
quán em có những loại pizza gì
quán em có các loại pizza nào
quán em có các loại pizza gì
quán anh có những loại pizza nào
quán anh có những loại pizza gì
quán anh có các loại pizza nào
quán anh có các loại pizza gì
quán chị có những loại pizza nào
quán chị có những loại pizza gì
quán chị có các loại pizza nào
quán chị có các loại pizza gì
