vậy lấy cho anh pizza xúc xích ý
vậy lấy cho mình pizza xúc xích ý
vậy để cho bác pizza xúc xích ý
vậy cho tớ pizza xúc xích ý
cho bác pizza xúc xích ý
để cho anh pizza xúc xích ý
lấy cho em pizza xúc xích ý
vậy để cho cô pizza xúc xích ý
vậy để cho anh pizza xúc xích ý
vậy lấy cho tớ pizza xúc xích ý
vậy lấy cho mình pizza phô mai
vậy để cho tớ pizza phô mai
để cho em pizza phô mai
lấy cho mình pizza phô mai
vậy cho anh pizza phô mai
vậy cho chị pizza phô mai
vậy cho tôi pizza phô mai
vậy để cho tôi pizza phô mai
để cho tôi pizza phô mai
cho cô pizza phô mai
để cho chị pizza thịt nguội và nấm
vậy lấy cho chú pizza thịt nguội và nấm
lấy cho anh pizza thịt nguội và nấm
vậy cho cô pizza thịt nguội và nấm
vậy lấy cho em pizza thịt nguội và nấm
cho anh pizza thịt nguội và nấm
lấy cho em pizza thịt nguội và nấm
lấy cho chị pizza thịt nguội và nấm
vậy cho chú pizza thịt nguội và nấm
cho bác pizza thịt nguội và nấm
để cho mình pizza gà nướng dứa
cho tôi pizza gà nướng dứa
vậy để cho em pizza gà nướng dứa
vậy lấy cho chị pizza gà nướng dứa
để cho chị pizza gà nướng dứa
lấy cho cô pizza gà nướng dứa
lấy cho tớ pizza gà nướng dứa
để cho tôi pizza gà nướng dứa
lấy cho chị pizza gà nướng dứa
lấy cho em pizza gà nướng dứa
để cho bác pizza rau củ
lấy cho mình pizza rau củ
cho cô pizza rau củ
vậy cho tớ pizza rau củ
vậy cho bác pizza rau củ
để cho chị pizza rau củ
lấy cho em pizza rau củ
vậy để cho chú pizza rau củ
lấy cho chị pizza rau củ
vậy cho chú pizza rau củ
vậy cho cô pizza hawaiian
vậy lấy cho bác pizza hawaiian
để cho cô pizza hawaiian
vậy cho em pizza hawaiian
cho em pizza hawaiian
vậy lấy cho anh pizza hawaiian
để cho anh pizza hawaiian
vậy lấy cho tớ pizza hawaiian
lấy cho tớ pizza hawaiian
cho anh pizza hawaiian
vậy để cho chị pizza aloha
vậy lấy cho anh pizza aloha
vậy cho em pizza aloha
để cho chú pizza aloha
cho bác pizza aloha
vậy để cho tôi pizza aloha
cho cô pizza aloha
vậy lấy cho em pizza aloha
lấy cho cô pizza aloha
lấy cho anh pizza aloha
để cho em pizza ba loại thịt thập cẩm và rau củ
vậy để cho cô pizza ba loại thịt thập cẩm và rau củ
vậy lấy cho chị pizza ba loại thịt thập cẩm và rau củ
cho tớ pizza ba loại thịt thập cẩm và rau củ
lấy cho cô pizza ba loại thịt thập cẩm và rau củ
vậy để cho bác pizza ba loại thịt thập cẩm và rau củ
vậy lấy cho em pizza ba loại thịt thập cẩm và rau củ
vậy để cho em pizza ba loại thịt thập cẩm và rau củ
lấy cho anh pizza ba loại thịt thập cẩm và rau củ
lấy cho bác pizza ba loại thịt thập cẩm và rau củ
lấy cho anh pizza thịt xông khói
cho chú pizza thịt xông khói
vậy cho chị pizza thịt xông khói
lấy cho chú pizza thịt xông khói
vậy lấy cho tôi pizza thịt xông khói
để cho tôi pizza thịt xông khói
cho bác pizza thịt xông khói
vậy để cho chị pizza thịt xông khói
lấy cho mình pizza thịt xông khói
cho tôi pizza thịt xông khói
lấy cho anh pizza gà nướng ba vị
vậy cho em pizza gà nướng ba vị
vậy cho chị pizza gà nướng ba vị
cho anh pizza gà nướng ba vị
vậy cho bác pizza gà nướng ba vị
vậy để cho bác pizza gà nướng ba vị
vậy để cho chị pizza gà nướng ba vị
để cho cô pizza gà nướng ba vị
vậy lấy cho tôi pizza gà nướng ba vị
vậy lấy cho chị pizza gà nướng ba vị
vậy để cho chú pizza pizza thịt nguội kiểu canada
lấy cho bác pizza pizza thịt nguội kiểu canada
vậy cho mình pizza pizza thịt nguội kiểu canada
để cho mình pizza pizza thịt nguội kiểu canada
lấy cho chú pizza pizza thịt nguội kiểu canada
vậy cho tớ pizza pizza thịt nguội kiểu canada
lấy cho cô pizza pizza thịt nguội kiểu canada
vậy lấy cho chị pizza pizza thịt nguội kiểu canada
vậy lấy cho em pizza pizza thịt nguội kiểu canada
vậy cho chú pizza pizza thịt nguội kiểu canada
vậy để cho cô pizza năm loại thịt đặc biệt và rau củ
để cho bác pizza năm loại thịt đặc biệt và rau củ
lấy cho mình pizza năm loại thịt đặc biệt và rau củ
lấy cho chú pizza năm loại thịt đặc biệt và rau củ
vậy cho bác pizza năm loại thịt đặc biệt và rau củ
vậy để cho mình pizza năm loại thịt đặc biệt và rau củ
lấy cho tớ pizza năm loại thịt đặc biệt và rau củ
cho cô pizza năm loại thịt đặc biệt và rau củ
vậy lấy cho tớ pizza năm loại thịt đặc biệt và rau củ
vậy cho anh pizza năm loại thịt đặc biệt và rau củ
vậy lấy cho tôi pizza năm loại thịt đặc biệt
lấy cho cô pizza năm loại thịt đặc biệt
vậy để cho cô pizza năm loại thịt đặc biệt
để cho mình pizza năm loại thịt đặc biệt
cho bác pizza năm loại thịt đặc biệt
vậy để cho em pizza năm loại thịt đặc biệt
vậy để cho bác pizza năm loại thịt đặc biệt
lấy cho tớ pizza năm loại thịt đặc biệt
vậy để cho tôi pizza năm loại thịt đặc biệt
vậy lấy cho em pizza năm loại thịt đặc biệt
vậy lấy cho tôi pizza lẩu thái tom yum kung
để cho mình pizza lẩu thái tom yum kung
vậy cho tớ pizza lẩu thái tom yum kung
vậy cho tôi pizza lẩu thái tom yum kung
vậy để cho anh pizza lẩu thái tom yum kung
lấy cho anh pizza lẩu thái tom yum kung
vậy cho em pizza lẩu thái tom yum kung
để cho em pizza lẩu thái tom yum kung
để cho bác pizza lẩu thái tom yum kung
lấy cho cô pizza lẩu thái tom yum kung
vậy để cho tôi pizza hải sản pesto xanh
cho chị pizza hải sản pesto xanh
vậy để cho chị pizza hải sản pesto xanh
để cho tôi pizza hải sản pesto xanh
lấy cho bác pizza hải sản pesto xanh
vậy lấy cho tôi pizza hải sản pesto xanh
vậy cho cô pizza hải sản pesto xanh
vậy để cho tớ pizza hải sản pesto xanh
để cho em pizza hải sản pesto xanh
để cho chị pizza hải sản pesto xanh
lấy cho bác pizza hải sản cao cấp
lấy cho em pizza hải sản cao cấp
vậy cho tớ pizza hải sản cao cấp
cho anh pizza hải sản cao cấp
lấy cho mình pizza hải sản cao cấp
cho bác pizza hải sản cao cấp
lấy cho chú pizza hải sản cao cấp
vậy lấy cho tôi pizza hải sản cao cấp
lấy cho chị pizza hải sản cao cấp
vậy để cho bác pizza hải sản cao cấp
cho tôi pizza hải sản cocktail
để cho chị pizza hải sản cocktail
cho em pizza hải sản cocktail
vậy lấy cho anh pizza hải sản cocktail
cho chị pizza hải sản cocktail
vậy cho tớ pizza hải sản cocktail
lấy cho cô pizza hải sản cocktail
lấy cho chú pizza hải sản cocktail
vậy để cho anh pizza hải sản cocktail
để cho em pizza hải sản cocktail
vậy lấy cho bác pizza hải sản nhiệt đới
vậy lấy cho chú pizza hải sản nhiệt đới
lấy cho mình pizza hải sản nhiệt đới
cho tớ pizza hải sản nhiệt đới
để cho chị pizza hải sản nhiệt đới
vậy cho anh pizza hải sản nhiệt đới
vậy cho mình pizza hải sản nhiệt đới
để cho tôi pizza hải sản nhiệt đới
vậy để cho tớ pizza hải sản nhiệt đới
vậy để cho tôi pizza hải sản nhiệt đới
để cho cô pizza tôm cocktail
để cho anh pizza tôm cocktail
vậy lấy cho mình pizza tôm cocktail
lấy cho em pizza tôm cocktail
lấy cho chị pizza tôm cocktail
vậy để cho em pizza tôm cocktail
vậy lấy cho cô pizza tôm cocktail
vậy cho em pizza tôm cocktail
vậy để cho mình pizza tôm cocktail
vậy cho cô pizza tôm cocktail
cho em pizza năm loại thịt đặc biệt và rau củ nhân nhồi
để cho mình pizza năm loại thịt đặc biệt và rau củ nhân nhồi
vậy để cho em pizza năm loại thịt đặc biệt và rau củ nhân nhồi
cho cô pizza năm loại thịt đặc biệt và rau củ nhân nhồi
vậy cho mình pizza năm loại thịt đặc biệt và rau củ nhân nhồi
vậy lấy cho mình pizza năm loại thịt đặc biệt và rau củ nhân nhồi
để cho bác pizza năm loại thịt đặc biệt và rau củ nhân nhồi
vậy cho em pizza năm loại thịt đặc biệt và rau củ nhân nhồi
cho chị pizza năm loại thịt đặc biệt và rau củ nhân nhồi
lấy cho chị pizza năm loại thịt đặc biệt và rau củ nhân nhồi
cho anh pizza hawaii nhân nhồi
lấy cho mình pizza hawaii nhân nhồi
cho tớ pizza hawaii nhân nhồi
để cho anh pizza hawaii nhân nhồi
để cho cô pizza hawaii nhân nhồi
vậy để cho tớ pizza hawaii nhân nhồi
cho chú pizza hawaii nhân nhồi
vậy lấy cho cô pizza hawaii nhân nhồi
để cho chị pizza hawaii nhân nhồi
vậy để cho tôi pizza hawaii nhân nhồi
vậy cho cô pizza gà nướng ba vị nhân nhồi
vậy lấy cho mình pizza gà nướng ba vị nhân nhồi
vậy cho mình pizza gà nướng ba vị nhân nhồi
lấy cho tôi pizza gà nướng ba vị nhân nhồi
vậy lấy cho tôi pizza gà nướng ba vị nhân nhồi
vậy lấy cho anh pizza gà nướng ba vị nhân nhồi
vậy để cho tôi pizza gà nướng ba vị nhân nhồi
vậy để cho chú pizza gà nướng ba vị nhân nhồi
vậy cho anh pizza gà nướng ba vị nhân nhồi
lấy cho tớ pizza gà nướng ba vị nhân nhồi
