pizza xúc xích ý thành phần là như thế nào
pizza xúc xích ý thành phần là gì
pizza xúc xích ý thành phần ra sao
pizza xúc xích ý thành phần có những gì
pizza xúc xích ý thành phần có gì
pizza phô mai thành phần là gì
pizza phô mai thành phần có gì
pizza phô mai thành phần ra sao
pizza phô mai thành phần là như thế nào
pizza phô mai thành phần có những gì
pizza thịt nguội và nấm thành phần có gì
pizza thịt nguội và nấm thành phần có những gì
pizza thịt nguội và nấm thành phần là gì
pizza thịt nguội và nấm thành phần là như thế nào
pizza thịt nguội và nấm thành phần ra sao
pizza gà nướng dứa thành phần là như thế nào
pizza gà nướng dứa thành phần có những gì
pizza gà nướng dứa thành phần ra sao
pizza gà nướng dứa thành phần là gì
pizza gà nướng dứa thành phần có gì
pizza rau củ thành phần có những gì
pizza rau củ thành phần ra sao
pizza rau củ thành phần là như thế nào
pizza rau củ thành phần có gì
pizza rau củ thành phần là gì
pizza hawaiian thành phần là như thế nào
pizza hawaiian thành phần có gì
pizza hawaiian thành phần là gì
pizza hawaiian thành phần có những gì
pizza hawaiian thành phần ra sao
pizza aloha thành phần là gì
pizza aloha thành phần có gì
pizza aloha thành phần ra sao
pizza aloha thành phần có những gì
pizza aloha thành phần là như thế nào
pizza ba loại thịt thập cẩm và rau củ thành phần ra sao
pizza ba loại thịt thập cẩm và rau củ thành phần có những gì
pizza ba loại thịt thập cẩm và rau củ thành phần là gì
pizza ba loại thịt thập cẩm và rau củ thành phần có gì
pizza ba loại thịt thập cẩm và rau củ thành phần là như thế nào
pizza thịt xông khói thành phần có gì
pizza thịt xông khói thành phần có những gì
pizza thịt xông khói thành phần là như thế nào
pizza thịt xông khói thành phần ra sao
pizza thịt xông khói thành phần là gì
pizza gà nướng ba vị thành phần là như thế nào
pizza gà nướng ba vị thành phần có những gì
pizza gà nướng ba vị thành phần ra sao
pizza gà nướng ba vị thành phần là gì
pizza gà nướng ba vị thành phần có gì
pizza pizza thịt nguội kiểu canada thành phần có những gì
pizza pizza thịt nguội kiểu canada thành phần có gì
pizza pizza thịt nguội kiểu canada thành phần là gì
pizza pizza thịt nguội kiểu canada thành phần là như thế nào
pizza pizza thịt nguội kiểu canada thành phần ra sao
pizza năm loại thịt đặc biệt và rau củ thành phần có những gì
pizza năm loại thịt đặc biệt và rau củ thành phần là gì
pizza năm loại thịt đặc biệt và rau củ thành phần có gì
pizza năm loại thịt đặc biệt và rau củ thành phần ra sao
pizza năm loại thịt đặc biệt và rau củ thành phần là như thế nào
pizza năm loại thịt đặc biệt thành phần có những gì
pizza năm loại thịt đặc biệt thành phần có gì
pizza năm loại thịt đặc biệt thành phần ra sao
pizza năm loại thịt đặc biệt thành phần là như thế nào
pizza năm loại thịt đặc biệt thành phần là gì
pizza lẩu thái tom yum kung thành phần ra sao
pizza lẩu thái tom yum kung thành phần là như thế nào
pizza lẩu thái tom yum kung thành phần có gì
pizza lẩu thái tom yum kung thành phần là gì
pizza lẩu thái tom yum kung thành phần có những gì
pizza hải sản pesto xanh thành phần là gì
pizza hải sản pesto xanh thành phần ra sao
pizza hải sản pesto xanh thành phần có những gì
pizza hải sản pesto xanh thành phần có gì
pizza hải sản pesto xanh thành phần là như thế nào
pizza hải sản cao cấp thành phần ra sao
pizza hải sản cao cấp thành phần có những gì
pizza hải sản cao cấp thành phần là như thế nào
pizza hải sản cao cấp thành phần là gì
pizza hải sản cao cấp thành phần có gì
pizza hải sản cocktail thành phần là như thế nào
pizza hải sản cocktail thành phần có những gì
pizza hải sản cocktail thành phần là gì
pizza hải sản cocktail thành phần có gì
pizza hải sản cocktail thành phần ra sao
pizza hải sản nhiệt đới thành phần là gì
pizza hải sản nhiệt đới thành phần có những gì
pizza hải sản nhiệt đới thành phần ra sao
pizza hải sản nhiệt đới thành phần có gì
pizza hải sản nhiệt đới thành phần là như thế nào
pizza tôm cocktail thành phần có gì
pizza tôm cocktail thành phần có những gì
pizza tôm cocktail thành phần là gì
pizza tôm cocktail thành phần là như thế nào
pizza tôm cocktail thành phần ra sao
pizza năm loại thịt đặc biệt và rau củ nhân nhồi thành phần là như thế nào
pizza năm loại thịt đặc biệt và rau củ nhân nhồi thành phần có những gì
pizza năm loại thịt đặc biệt và rau củ nhân nhồi thành phần ra sao
pizza năm loại thịt đặc biệt và rau củ nhân nhồi thành phần có gì
pizza năm loại thịt đặc biệt và rau củ nhân nhồi thành phần là gì
pizza hawaii nhân nhồi thành phần ra sao
pizza hawaii nhân nhồi thành phần có gì
pizza hawaii nhân nhồi thành phần là gì
pizza hawaii nhân nhồi thành phần có những gì
pizza hawaii nhân nhồi thành phần là như thế nào
pizza gà nướng ba vị nhân nhồi thành phần là gì
pizza gà nướng ba vị nhân nhồi thành phần là như thế nào
pizza gà nướng ba vị nhân nhồi thành phần có gì
pizza gà nướng ba vị nhân nhồi thành phần ra sao
pizza gà nướng ba vị nhân nhồi thành phần có những gì
