pizza xúc xích ý nhỏ giá cả thế nào
pizza xúc xích ý vừa giá cả bao nhiêu
pizza xúc xích ý nhỏ giá thế nào
pizza xúc xích ý lớn giá bao nhiêu
pizza xúc xích ý lớn giá cả đắt không
pizza xúc xích ý nhỏ giá đắt không
pizza xúc xích ý bé giá bao nhiêu
pizza xúc xích ý vừa giá đắt không
pizza xúc xích ý lớn giá đắt không
pizza xúc xích ý vừa giá bao nhiêu
pizza phô mai lớn giá cả đắt không
pizza phô mai vừa giá ra sao
pizza phô mai nhỏ giá đắt không
pizza phô mai nhỏ giá cả thế nào
pizza phô mai vừa giá đắt không
pizza phô mai lớn giá thế nào
pizza phô mai nhỏ giá cả ra sao
pizza phô mai bé giá ra sao
pizza phô mai bé giá bao nhiêu
pizza phô mai lớn giá đắt không
pizza thịt nguội và nấm vừa giá đắt không
pizza thịt nguội và nấm bé giá ra sao
pizza thịt nguội và nấm nhỏ giá đắt không
pizza thịt nguội và nấm lớn giá ra sao
pizza thịt nguội và nấm bé giá thế nào
pizza thịt nguội và nấm bé giá bao nhiêu
pizza thịt nguội và nấm vừa giá cả bao nhiêu
pizza thịt nguội và nấm nhỏ giá cả đắt không
pizza thịt nguội và nấm vừa giá ra sao
pizza thịt nguội và nấm nhỏ giá cả bao nhiêu
pizza gà nướng dứa vừa giá cả thế nào
pizza gà nướng dứa nhỏ giá ra sao
pizza gà nướng dứa vừa giá cả ra sao
pizza gà nướng dứa lớn giá thế nào
pizza gà nướng dứa lớn giá cả đắt không
pizza gà nướng dứa lớn giá đắt không
pizza gà nướng dứa nhỏ giá thế nào
pizza gà nướng dứa lớn giá cả thế nào
pizza gà nướng dứa nhỏ giá cả đắt không
pizza gà nướng dứa bé giá đắt không
pizza rau củ nhỏ giá cả bao nhiêu
pizza rau củ bé giá cả ra sao
pizza rau củ bé giá ra sao
pizza rau củ vừa giá bao nhiêu
pizza rau củ vừa giá cả ra sao
pizza rau củ lớn giá thế nào
pizza rau củ nhỏ giá ra sao
pizza rau củ vừa giá ra sao
pizza rau củ lớn giá cả đắt không
pizza rau củ bé giá cả bao nhiêu
pizza hawaiian nhỏ giá cả thế nào
pizza hawaiian bé giá đắt không
pizza hawaiian lớn giá ra sao
pizza hawaiian bé giá cả bao nhiêu
pizza hawaiian lớn giá đắt không
pizza hawaiian nhỏ giá thế nào
pizza hawaiian vừa giá cả đắt không
pizza hawaiian nhỏ giá cả bao nhiêu
pizza hawaiian bé giá ra sao
pizza hawaiian bé giá cả đắt không
pizza aloha bé giá bao nhiêu
pizza aloha lớn giá bao nhiêu
pizza aloha nhỏ giá cả thế nào
pizza aloha bé giá đắt không
pizza aloha lớn giá cả bao nhiêu
pizza aloha nhỏ giá ra sao
pizza aloha bé giá cả thế nào
pizza aloha lớn giá cả đắt không
pizza aloha nhỏ giá cả ra sao
pizza aloha lớn giá cả thế nào
pizza ba loại thịt thập cẩm và rau củ bé giá thế nào
pizza ba loại thịt thập cẩm và rau củ lớn giá cả ra sao
pizza ba loại thịt thập cẩm và rau củ bé giá cả thế nào
pizza ba loại thịt thập cẩm và rau củ nhỏ giá bao nhiêu
pizza ba loại thịt thập cẩm và rau củ vừa giá thế nào
pizza ba loại thịt thập cẩm và rau củ vừa giá ra sao
pizza ba loại thịt thập cẩm và rau củ lớn giá thế nào
pizza ba loại thịt thập cẩm và rau củ nhỏ giá cả thế nào
pizza ba loại thịt thập cẩm và rau củ bé giá cả đắt không
pizza ba loại thịt thập cẩm và rau củ lớn giá đắt không
pizza thịt xông khói lớn giá thế nào
pizza thịt xông khói lớn giá ra sao
pizza thịt xông khói vừa giá bao nhiêu
pizza thịt xông khói lớn giá cả ra sao
pizza thịt xông khói nhỏ giá cả bao nhiêu
pizza thịt xông khói bé giá cả ra sao
pizza thịt xông khói nhỏ giá thế nào
pizza thịt xông khói vừa giá cả thế nào
pizza thịt xông khói lớn giá đắt không
pizza thịt xông khói vừa giá ra sao
pizza gà nướng ba vị lớn giá cả ra sao
pizza gà nướng ba vị lớn giá cả thế nào
pizza gà nướng ba vị vừa giá ra sao
pizza gà nướng ba vị nhỏ giá thế nào
pizza gà nướng ba vị nhỏ giá cả thế nào
pizza gà nướng ba vị nhỏ giá đắt không
pizza gà nướng ba vị vừa giá đắt không
pizza gà nướng ba vị lớn giá cả bao nhiêu
pizza gà nướng ba vị lớn giá thế nào
pizza gà nướng ba vị vừa giá bao nhiêu
pizza pizza thịt nguội kiểu canada bé giá đắt không
pizza pizza thịt nguội kiểu canada vừa giá cả đắt không
pizza pizza thịt nguội kiểu canada lớn giá cả thế nào
pizza pizza thịt nguội kiểu canada nhỏ giá thế nào
pizza pizza thịt nguội kiểu canada nhỏ giá cả bao nhiêu
pizza pizza thịt nguội kiểu canada bé giá thế nào
pizza pizza thịt nguội kiểu canada lớn giá bao nhiêu
pizza pizza thịt nguội kiểu canada lớn giá thế nào
pizza pizza thịt nguội kiểu canada nhỏ giá cả thế nào
pizza pizza thịt nguội kiểu canada lớn giá đắt không
pizza năm loại thịt đặc biệt và rau củ vừa giá bao nhiêu
pizza năm loại thịt đặc biệt và rau củ nhỏ giá cả ra sao
pizza năm loại thịt đặc biệt và rau củ nhỏ giá đắt không
pizza năm loại thịt đặc biệt và rau củ nhỏ giá thế nào
pizza năm loại thịt đặc biệt và rau củ vừa giá cả đắt không
pizza năm loại thịt đặc biệt và rau củ nhỏ giá cả thế nào
pizza năm loại thịt đặc biệt và rau củ lớn giá cả bao nhiêu
pizza năm loại thịt đặc biệt và rau củ bé giá cả thế nào
pizza năm loại thịt đặc biệt và rau củ bé giá thế nào
pizza năm loại thịt đặc biệt và rau củ nhỏ giá cả đắt không
pizza năm loại thịt đặc biệt lớn giá bao nhiêu
pizza năm loại thịt đặc biệt bé giá cả bao nhiêu
pizza năm loại thịt đặc biệt nhỏ giá cả bao nhiêu
pizza năm loại thịt đặc biệt bé giá cả đắt không
pizza năm loại thịt đặc biệt nhỏ giá đắt không
pizza năm loại thịt đặc biệt vừa giá bao nhiêu
pizza năm loại thịt đặc biệt lớn giá cả ra sao
pizza năm loại thịt đặc biệt bé giá thế nào
pizza năm loại thịt đặc biệt nhỏ giá cả thế nào
pizza năm loại thịt đặc biệt vừa giá ra sao
pizza lẩu thái tom yum kung lớn giá cả bao nhiêu
pizza lẩu thái tom yum kung vừa giá cả thế nào
pizza lẩu thái tom yum kung nhỏ giá cả đắt không
pizza lẩu thái tom yum kung bé giá thế nào
pizza lẩu thái tom yum kung bé giá cả bao nhiêu
pizza lẩu thái tom yum kung vừa giá đắt không
pizza lẩu thái tom yum kung nhỏ giá ra sao
pizza lẩu thái tom yum kung vừa giá ra sao
pizza lẩu thái tom yum kung bé giá bao nhiêu
pizza lẩu thái tom yum kung nhỏ giá cả thế nào
pizza hải sản pesto xanh nhỏ giá thế nào
pizza hải sản pesto xanh lớn giá cả đắt không
pizza hải sản pesto xanh lớn giá cả thế nào
pizza hải sản pesto xanh nhỏ giá ra sao
pizza hải sản pesto xanh bé giá thế nào
pizza hải sản pesto xanh lớn giá ra sao
pizza hải sản pesto xanh bé giá đắt không
pizza hải sản pesto xanh bé giá cả bao nhiêu
pizza hải sản pesto xanh vừa giá cả ra sao
pizza hải sản pesto xanh bé giá cả đắt không
pizza hải sản cao cấp nhỏ giá bao nhiêu
pizza hải sản cao cấp bé giá cả bao nhiêu
pizza hải sản cao cấp nhỏ giá cả đắt không
pizza hải sản cao cấp vừa giá ra sao
pizza hải sản cao cấp nhỏ giá cả bao nhiêu
pizza hải sản cao cấp vừa giá cả bao nhiêu
pizza hải sản cao cấp nhỏ giá thế nào
pizza hải sản cao cấp vừa giá cả ra sao
pizza hải sản cao cấp bé giá thế nào
pizza hải sản cao cấp lớn giá cả bao nhiêu
pizza hải sản cocktail vừa giá bao nhiêu
pizza hải sản cocktail bé giá cả ra sao
pizza hải sản cocktail bé giá cả thế nào
pizza hải sản cocktail nhỏ giá cả ra sao
pizza hải sản cocktail vừa giá cả đắt không
pizza hải sản cocktail lớn giá cả đắt không
pizza hải sản cocktail lớn giá đắt không
pizza hải sản cocktail vừa giá ra sao
pizza hải sản cocktail lớn giá thế nào
pizza hải sản cocktail lớn giá cả bao nhiêu
pizza hải sản nhiệt đới vừa giá cả đắt không
pizza hải sản nhiệt đới bé giá thế nào
pizza hải sản nhiệt đới nhỏ giá cả thế nào
pizza hải sản nhiệt đới lớn giá cả ra sao
pizza hải sản nhiệt đới nhỏ giá bao nhiêu
pizza hải sản nhiệt đới lớn giá cả bao nhiêu
pizza hải sản nhiệt đới bé giá cả thế nào
pizza hải sản nhiệt đới vừa giá cả thế nào
pizza hải sản nhiệt đới vừa giá bao nhiêu
pizza hải sản nhiệt đới bé giá cả ra sao
pizza tôm cocktail bé giá thế nào
pizza tôm cocktail lớn giá cả ra sao
pizza tôm cocktail bé giá đắt không
pizza tôm cocktail lớn giá bao nhiêu
pizza tôm cocktail vừa giá thế nào
pizza tôm cocktail vừa giá bao nhiêu
pizza tôm cocktail bé giá cả thế nào
pizza tôm cocktail vừa giá cả đắt không
pizza tôm cocktail bé giá bao nhiêu
pizza tôm cocktail lớn giá ra sao
pizza năm loại thịt đặc biệt và rau củ nhân nhồi bé giá cả thế nào
pizza năm loại thịt đặc biệt và rau củ nhân nhồi bé giá cả bao nhiêu
pizza năm loại thịt đặc biệt và rau củ nhân nhồi bé giá bao nhiêu
pizza năm loại thịt đặc biệt và rau củ nhân nhồi lớn giá cả thế nào
pizza năm loại thịt đặc biệt và rau củ nhân nhồi vừa giá cả thế nào
pizza năm loại thịt đặc biệt và rau củ nhân nhồi lớn giá cả bao nhiêu
pizza năm loại thịt đặc biệt và rau củ nhân nhồi vừa giá cả bao nhiêu
pizza năm loại thịt đặc biệt và rau củ nhân nhồi bé giá cả đắt không
pizza năm loại thịt đặc biệt và rau củ nhân nhồi vừa giá thế nào
pizza năm loại thịt đặc biệt và rau củ nhân nhồi nhỏ giá cả đắt không
pizza hawaii nhân nhồi nhỏ giá bao nhiêu
pizza hawaii nhân nhồi vừa giá ra sao
pizza hawaii nhân nhồi lớn giá bao nhiêu
pizza hawaii nhân nhồi nhỏ giá cả thế nào
pizza hawaii nhân nhồi vừa giá cả ra sao
pizza hawaii nhân nhồi bé giá đắt không
pizza hawaii nhân nhồi bé giá cả đắt không
pizza hawaii nhân nhồi bé giá cả thế nào
pizza hawaii nhân nhồi nhỏ giá cả đắt không
pizza hawaii nhân nhồi bé giá cả ra sao
pizza gà nướng ba vị nhân nhồi vừa giá thế nào
pizza gà nướng ba vị nhân nhồi bé giá cả bao nhiêu
pizza gà nướng ba vị nhân nhồi nhỏ giá cả thế nào
pizza gà nướng ba vị nhân nhồi bé giá ra sao
pizza gà nướng ba vị nhân nhồi bé giá đắt không
pizza gà nướng ba vị nhân nhồi vừa giá cả ra sao
pizza gà nướng ba vị nhân nhồi bé giá cả đắt không
pizza gà nướng ba vị nhân nhồi vừa giá cả bao nhiêu
pizza gà nướng ba vị nhân nhồi vừa giá bao nhiêu
pizza gà nướng ba vị nhân nhồi lớn giá cả thế nào
