cho tôi đặt một cái pizza
cho tôi đặt một chiếc pizza
cho tôi đặt hai cái pizza
cho tôi đặt hai chiếc pizza
cho tôi đặt ba cái pizza
cho tôi đặt ba chiếc pizza
cho tôi đặt bốn cái pizza
cho tôi đặt bốn chiếc pizza
cho tôi đặt năm cái pizza
cho tôi đặt năm chiếc pizza
cho tôi đặt sáu cái pizza
cho tôi đặt sáu chiếc pizza
cho tôi đặt bảy cái pizza
cho tôi đặt bảy chiếc pizza
cho tôi đặt tám cái pizza
cho tôi đặt tám chiếc pizza
cho tôi đặt chín cái pizza
cho tôi đặt chín chiếc pizza
cho tôi đặt mười cái pizza
cho tôi đặt mười chiếc pizza
cho tôi mua một cái pizza
cho tôi mua một chiếc pizza
cho tôi mua hai cái pizza
cho tôi mua hai chiếc pizza
cho tôi mua ba cái pizza
cho tôi mua ba chiếc pizza
cho tôi mua bốn cái pizza
cho tôi mua bốn chiếc pizza
cho tôi mua năm cái pizza
cho tôi mua năm chiếc pizza
cho tôi mua sáu cái pizza
cho tôi mua sáu chiếc pizza
cho tôi mua bảy cái pizza
cho tôi mua bảy chiếc pizza
cho tôi mua tám cái pizza
cho tôi mua tám chiếc pizza
cho tôi mua chín cái pizza
cho tôi mua chín chiếc pizza
cho tôi mua mười cái pizza
cho tôi mua mười chiếc pizza
cho tôi đặt mua một cái pizza
cho tôi đặt mua một chiếc pizza
cho tôi đặt mua hai cái pizza
cho tôi đặt mua hai chiếc pizza
cho tôi đặt mua ba cái pizza
cho tôi đặt mua ba chiếc pizza
cho tôi đặt mua bốn cái pizza
cho tôi đặt mua bốn chiếc pizza
cho tôi đặt mua năm cái pizza
cho tôi đặt mua năm chiếc pizza
cho tôi đặt mua sáu cái pizza
cho tôi đặt mua sáu chiếc pizza
cho tôi đặt mua bảy cái pizza
cho tôi đặt mua bảy chiếc pizza
cho tôi đặt mua tám cái pizza
cho tôi đặt mua tám chiếc pizza
cho tôi đặt mua chín cái pizza
cho tôi đặt mua chín chiếc pizza
cho tôi đặt mua mười cái pizza
cho tôi đặt mua mười chiếc pizza
cho tôi order một cái pizza
cho tôi order một chiếc pizza
cho tôi order hai cái pizza
cho tôi order hai chiếc pizza
cho tôi order ba cái pizza
cho tôi order ba chiếc pizza
cho tôi order bốn cái pizza
cho tôi order bốn chiếc pizza
cho tôi order năm cái pizza
cho tôi order năm chiếc pizza
cho tôi order sáu cái pizza
cho tôi order sáu chiếc pizza
cho tôi order bảy cái pizza
cho tôi order bảy chiếc pizza
cho tôi order tám cái pizza
cho tôi order tám chiếc pizza
cho tôi order chín cái pizza
cho tôi order chín chiếc pizza
cho tôi order mười cái pizza
cho tôi order mười chiếc pizza
cho anh đặt một cái pizza
cho anh đặt một chiếc pizza
cho anh đặt hai cái pizza
cho anh đặt hai chiếc pizza
cho anh đặt ba cái pizza
cho anh đặt ba chiếc pizza
cho anh đặt bốn cái pizza
cho anh đặt bốn chiếc pizza
cho anh đặt năm cái pizza
cho anh đặt năm chiếc pizza
cho anh đặt sáu cái pizza
cho anh đặt sáu chiếc pizza
cho anh đặt bảy cái pizza
cho anh đặt bảy chiếc pizza
cho anh đặt tám cái pizza
cho anh đặt tám chiếc pizza
cho anh đặt chín cái pizza
cho anh đặt chín chiếc pizza
cho anh đặt mười cái pizza
cho anh đặt mười chiếc pizza
cho anh mua một cái pizza
cho anh mua một chiếc pizza
cho anh mua hai cái pizza
cho anh mua hai chiếc pizza
cho anh mua ba cái pizza
cho anh mua ba chiếc pizza
cho anh mua bốn cái pizza
cho anh mua bốn chiếc pizza
cho anh mua năm cái pizza
cho anh mua năm chiếc pizza
cho anh mua sáu cái pizza
cho anh mua sáu chiếc pizza
cho anh mua bảy cái pizza
cho anh mua bảy chiếc pizza
cho anh mua tám cái pizza
cho anh mua tám chiếc pizza
cho anh mua chín cái pizza
cho anh mua chín chiếc pizza
cho anh mua mười cái pizza
cho anh mua mười chiếc pizza
cho anh đặt mua một cái pizza
cho anh đặt mua một chiếc pizza
cho anh đặt mua hai cái pizza
cho anh đặt mua hai chiếc pizza
cho anh đặt mua ba cái pizza
cho anh đặt mua ba chiếc pizza
cho anh đặt mua bốn cái pizza
cho anh đặt mua bốn chiếc pizza
cho anh đặt mua năm cái pizza
cho anh đặt mua năm chiếc pizza
cho anh đặt mua sáu cái pizza
cho anh đặt mua sáu chiếc pizza
cho anh đặt mua bảy cái pizza
cho anh đặt mua bảy chiếc pizza
cho anh đặt mua tám cái pizza
cho anh đặt mua tám chiếc pizza
cho anh đặt mua chín cái pizza
cho anh đặt mua chín chiếc pizza
cho anh đặt mua mười cái pizza
cho anh đặt mua mười chiếc pizza
cho anh order một cái pizza
cho anh order một chiếc pizza
cho anh order hai cái pizza
cho anh order hai chiếc pizza
cho anh order ba cái pizza
cho anh order ba chiếc pizza
cho anh order bốn cái pizza
cho anh order bốn chiếc pizza
cho anh order năm cái pizza
cho anh order năm chiếc pizza
cho anh order sáu cái pizza
cho anh order sáu chiếc pizza
cho anh order bảy cái pizza
cho anh order bảy chiếc pizza
cho anh order tám cái pizza
cho anh order tám chiếc pizza
cho anh order chín cái pizza
cho anh order chín chiếc pizza
cho anh order mười cái pizza
cho anh order mười chiếc pizza
cho chị đặt một cái pizza
cho chị đặt một chiếc pizza
cho chị đặt hai cái pizza
cho chị đặt hai chiếc pizza
cho chị đặt ba cái pizza
cho chị đặt ba chiếc pizza
cho chị đặt bốn cái pizza
cho chị đặt bốn chiếc pizza
cho chị đặt năm cái pizza
cho chị đặt năm chiếc pizza
cho chị đặt sáu cái pizza
cho chị đặt sáu chiếc pizza
cho chị đặt bảy cái pizza
cho chị đặt bảy chiếc pizza
cho chị đặt tám cái pizza
cho chị đặt tám chiếc pizza
cho chị đặt chín cái pizza
cho chị đặt chín chiếc pizza
cho chị đặt mười cái pizza
cho chị đặt mười chiếc pizza
cho chị mua một cái pizza
cho chị mua một chiếc pizza
cho chị mua hai cái pizza
cho chị mua hai chiếc pizza
cho chị mua ba cái pizza
cho chị mua ba chiếc pizza
cho chị mua bốn cái pizza
cho chị mua bốn chiếc pizza
cho chị mua năm cái pizza
cho chị mua năm chiếc pizza
cho chị mua sáu cái pizza
cho chị mua sáu chiếc pizza
cho chị mua bảy cái pizza
cho chị mua bảy chiếc pizza
cho chị mua tám cái pizza
cho chị mua tám chiếc pizza
cho chị mua chín cái pizza
cho chị mua chín chiếc pizza
cho chị mua mười cái pizza
cho chị mua mười chiếc pizza
cho chị đặt mua một cái pizza
cho chị đặt mua một chiếc pizza
cho chị đặt mua hai cái pizza
cho chị đặt mua hai chiếc pizza
cho chị đặt mua ba cái pizza
cho chị đặt mua ba chiếc pizza
cho chị đặt mua bốn cái pizza
cho chị đặt mua bốn chiếc pizza
cho chị đặt mua năm cái pizza
cho chị đặt mua năm chiếc pizza
cho chị đặt mua sáu cái pizza
cho chị đặt mua sáu chiếc pizza
cho chị đặt mua bảy cái pizza
cho chị đặt mua bảy chiếc pizza
cho chị đặt mua tám cái pizza
cho chị đặt mua tám chiếc pizza
cho chị đặt mua chín cái pizza
cho chị đặt mua chín chiếc pizza
cho chị đặt mua mười cái pizza
cho chị đặt mua mười chiếc pizza
cho chị order một cái pizza
cho chị order một chiếc pizza
cho chị order hai cái pizza
cho chị order hai chiếc pizza
cho chị order ba cái pizza
cho chị order ba chiếc pizza
cho chị order bốn cái pizza
cho chị order bốn chiếc pizza
cho chị order năm cái pizza
cho chị order năm chiếc pizza
cho chị order sáu cái pizza
cho chị order sáu chiếc pizza
cho chị order bảy cái pizza
cho chị order bảy chiếc pizza
cho chị order tám cái pizza
cho chị order tám chiếc pizza
cho chị order chín cái pizza
cho chị order chín chiếc pizza
cho chị order mười cái pizza
cho chị order mười chiếc pizza
cho em đặt một cái pizza
cho em đặt một chiếc pizza
cho em đặt hai cái pizza
cho em đặt hai chiếc pizza
cho em đặt ba cái pizza
cho em đặt ba chiếc pizza
cho em đặt bốn cái pizza
cho em đặt bốn chiếc pizza
cho em đặt năm cái pizza
cho em đặt năm chiếc pizza
cho em đặt sáu cái pizza
cho em đặt sáu chiếc pizza
cho em đặt bảy cái pizza
cho em đặt bảy chiếc pizza
cho em đặt tám cái pizza
cho em đặt tám chiếc pizza
cho em đặt chín cái pizza
cho em đặt chín chiếc pizza
cho em đặt mười cái pizza
cho em đặt mười chiếc pizza
cho em mua một cái pizza
cho em mua một chiếc pizza
cho em mua hai cái pizza
cho em mua hai chiếc pizza
cho em mua ba cái pizza
cho em mua ba chiếc pizza
cho em mua bốn cái pizza
cho em mua bốn chiếc pizza
cho em mua năm cái pizza
cho em mua năm chiếc pizza
cho em mua sáu cái pizza
cho em mua sáu chiếc pizza
cho em mua bảy cái pizza
cho em mua bảy chiếc pizza
cho em mua tám cái pizza
cho em mua tám chiếc pizza
cho em mua chín cái pizza
cho em mua chín chiếc pizza
cho em mua mười cái pizza
cho em mua mười chiếc pizza
cho em đặt mua một cái pizza
cho em đặt mua một chiếc pizza
cho em đặt mua hai cái pizza
cho em đặt mua hai chiếc pizza
cho em đặt mua ba cái pizza
cho em đặt mua ba chiếc pizza
cho em đặt mua bốn cái pizza
cho em đặt mua bốn chiếc pizza
cho em đặt mua năm cái pizza
cho em đặt mua năm chiếc pizza
cho em đặt mua sáu cái pizza
cho em đặt mua sáu chiếc pizza
cho em đặt mua bảy cái pizza
cho em đặt mua bảy chiếc pizza
cho em đặt mua tám cái pizza
cho em đặt mua tám chiếc pizza
cho em đặt mua chín cái pizza
cho em đặt mua chín chiếc pizza
cho em đặt mua mười cái pizza
cho em đặt mua mười chiếc pizza
cho em order một cái pizza
cho em order một chiếc pizza
cho em order hai cái pizza
cho em order hai chiếc pizza
cho em order ba cái pizza
cho em order ba chiếc pizza
cho em order bốn cái pizza
cho em order bốn chiếc pizza
cho em order năm cái pizza
cho em order năm chiếc pizza
cho em order sáu cái pizza
cho em order sáu chiếc pizza
cho em order bảy cái pizza
cho em order bảy chiếc pizza
cho em order tám cái pizza
cho em order tám chiếc pizza
cho em order chín cái pizza
cho em order chín chiếc pizza
cho em order mười cái pizza
cho em order mười chiếc pizza
cho mình đặt một cái pizza
cho mình đặt một chiếc pizza
cho mình đặt hai cái pizza
cho mình đặt hai chiếc pizza
cho mình đặt ba cái pizza
cho mình đặt ba chiếc pizza
cho mình đặt bốn cái pizza
cho mình đặt bốn chiếc pizza
cho mình đặt năm cái pizza
cho mình đặt năm chiếc pizza
cho mình đặt sáu cái pizza
cho mình đặt sáu chiếc pizza
cho mình đặt bảy cái pizza
cho mình đặt bảy chiếc pizza
cho mình đặt tám cái pizza
cho mình đặt tám chiếc pizza
cho mình đặt chín cái pizza
cho mình đặt chín chiếc pizza
cho mình đặt mười cái pizza
cho mình đặt mười chiếc pizza
cho mình mua một cái pizza
cho mình mua một chiếc pizza
cho mình mua hai cái pizza
cho mình mua hai chiếc pizza
cho mình mua ba cái pizza
cho mình mua ba chiếc pizza
cho mình mua bốn cái pizza
cho mình mua bốn chiếc pizza
cho mình mua năm cái pizza
cho mình mua năm chiếc pizza
cho mình mua sáu cái pizza
cho mình mua sáu chiếc pizza
cho mình mua bảy cái pizza
cho mình mua bảy chiếc pizza
cho mình mua tám cái pizza
cho mình mua tám chiếc pizza
cho mình mua chín cái pizza
cho mình mua chín chiếc pizza
cho mình mua mười cái pizza
cho mình mua mười chiếc pizza
cho mình đặt mua một cái pizza
cho mình đặt mua một chiếc pizza
cho mình đặt mua hai cái pizza
cho mình đặt mua hai chiếc pizza
cho mình đặt mua ba cái pizza
cho mình đặt mua ba chiếc pizza
cho mình đặt mua bốn cái pizza
cho mình đặt mua bốn chiếc pizza
cho mình đặt mua năm cái pizza
cho mình đặt mua năm chiếc pizza
cho mình đặt mua sáu cái pizza
cho mình đặt mua sáu chiếc pizza
cho mình đặt mua bảy cái pizza
cho mình đặt mua bảy chiếc pizza
cho mình đặt mua tám cái pizza
cho mình đặt mua tám chiếc pizza
cho mình đặt mua chín cái pizza
cho mình đặt mua chín chiếc pizza
cho mình đặt mua mười cái pizza
cho mình đặt mua mười chiếc pizza
cho mình order một cái pizza
cho mình order một chiếc pizza
cho mình order hai cái pizza
cho mình order hai chiếc pizza
cho mình order ba cái pizza
cho mình order ba chiếc pizza
cho mình order bốn cái pizza
cho mình order bốn chiếc pizza
cho mình order năm cái pizza
cho mình order năm chiếc pizza
cho mình order sáu cái pizza
cho mình order sáu chiếc pizza
cho mình order bảy cái pizza
cho mình order bảy chiếc pizza
cho mình order tám cái pizza
cho mình order tám chiếc pizza
cho mình order chín cái pizza
cho mình order chín chiếc pizza
cho mình order mười cái pizza
cho mình order mười chiếc pizza
cho tớ đặt một cái pizza
cho tớ đặt một chiếc pizza
cho tớ đặt hai cái pizza
cho tớ đặt hai chiếc pizza
cho tớ đặt ba cái pizza
cho tớ đặt ba chiếc pizza
cho tớ đặt bốn cái pizza
cho tớ đặt bốn chiếc pizza
cho tớ đặt năm cái pizza
cho tớ đặt năm chiếc pizza
cho tớ đặt sáu cái pizza
cho tớ đặt sáu chiếc pizza
cho tớ đặt bảy cái pizza
cho tớ đặt bảy chiếc pizza
cho tớ đặt tám cái pizza
cho tớ đặt tám chiếc pizza
cho tớ đặt chín cái pizza
cho tớ đặt chín chiếc pizza
cho tớ đặt mười cái pizza
cho tớ đặt mười chiếc pizza
cho tớ mua một cái pizza
cho tớ mua một chiếc pizza
cho tớ mua hai cái pizza
cho tớ mua hai chiếc pizza
cho tớ mua ba cái pizza
cho tớ mua ba chiếc pizza
cho tớ mua bốn cái pizza
cho tớ mua bốn chiếc pizza
cho tớ mua năm cái pizza
cho tớ mua năm chiếc pizza
cho tớ mua sáu cái pizza
cho tớ mua sáu chiếc pizza
cho tớ mua bảy cái pizza
cho tớ mua bảy chiếc pizza
cho tớ mua tám cái pizza
cho tớ mua tám chiếc pizza
cho tớ mua chín cái pizza
cho tớ mua chín chiếc pizza
cho tớ mua mười cái pizza
cho tớ mua mười chiếc pizza
cho tớ đặt mua một cái pizza
cho tớ đặt mua một chiếc pizza
cho tớ đặt mua hai cái pizza
cho tớ đặt mua hai chiếc pizza
cho tớ đặt mua ba cái pizza
cho tớ đặt mua ba chiếc pizza
cho tớ đặt mua bốn cái pizza
cho tớ đặt mua bốn chiếc pizza
cho tớ đặt mua năm cái pizza
cho tớ đặt mua năm chiếc pizza
cho tớ đặt mua sáu cái pizza
cho tớ đặt mua sáu chiếc pizza
cho tớ đặt mua bảy cái pizza
cho tớ đặt mua bảy chiếc pizza
cho tớ đặt mua tám cái pizza
cho tớ đặt mua tám chiếc pizza
cho tớ đặt mua chín cái pizza
cho tớ đặt mua chín chiếc pizza
cho tớ đặt mua mười cái pizza
cho tớ đặt mua mười chiếc pizza
cho tớ order một cái pizza
cho tớ order một chiếc pizza
cho tớ order hai cái pizza
cho tớ order hai chiếc pizza
cho tớ order ba cái pizza
cho tớ order ba chiếc pizza
cho tớ order bốn cái pizza
cho tớ order bốn chiếc pizza
cho tớ order năm cái pizza
cho tớ order năm chiếc pizza
cho tớ order sáu cái pizza
cho tớ order sáu chiếc pizza
cho tớ order bảy cái pizza
cho tớ order bảy chiếc pizza
cho tớ order tám cái pizza
cho tớ order tám chiếc pizza
cho tớ order chín cái pizza
cho tớ order chín chiếc pizza
cho tớ order mười cái pizza
cho tớ order mười chiếc pizza
cho chú đặt một cái pizza
cho chú đặt một chiếc pizza
cho chú đặt hai cái pizza
cho chú đặt hai chiếc pizza
cho chú đặt ba cái pizza
cho chú đặt ba chiếc pizza
cho chú đặt bốn cái pizza
cho chú đặt bốn chiếc pizza
cho chú đặt năm cái pizza
cho chú đặt năm chiếc pizza
cho chú đặt sáu cái pizza
cho chú đặt sáu chiếc pizza
cho chú đặt bảy cái pizza
cho chú đặt bảy chiếc pizza
cho chú đặt tám cái pizza
cho chú đặt tám chiếc pizza
cho chú đặt chín cái pizza
cho chú đặt chín chiếc pizza
cho chú đặt mười cái pizza
cho chú đặt mười chiếc pizza
cho chú mua một cái pizza
cho chú mua một chiếc pizza
cho chú mua hai cái pizza
cho chú mua hai chiếc pizza
cho chú mua ba cái pizza
cho chú mua ba chiếc pizza
cho chú mua bốn cái pizza
cho chú mua bốn chiếc pizza
cho chú mua năm cái pizza
cho chú mua năm chiếc pizza
cho chú mua sáu cái pizza
cho chú mua sáu chiếc pizza
cho chú mua bảy cái pizza
cho chú mua bảy chiếc pizza
cho chú mua tám cái pizza
cho chú mua tám chiếc pizza
cho chú mua chín cái pizza
cho chú mua chín chiếc pizza
cho chú mua mười cái pizza
cho chú mua mười chiếc pizza
cho chú đặt mua một cái pizza
cho chú đặt mua một chiếc pizza
cho chú đặt mua hai cái pizza
cho chú đặt mua hai chiếc pizza
cho chú đặt mua ba cái pizza
cho chú đặt mua ba chiếc pizza
cho chú đặt mua bốn cái pizza
cho chú đặt mua bốn chiếc pizza
cho chú đặt mua năm cái pizza
cho chú đặt mua năm chiếc pizza
cho chú đặt mua sáu cái pizza
cho chú đặt mua sáu chiếc pizza
cho chú đặt mua bảy cái pizza
cho chú đặt mua bảy chiếc pizza
cho chú đặt mua tám cái pizza
cho chú đặt mua tám chiếc pizza
cho chú đặt mua chín cái pizza
cho chú đặt mua chín chiếc pizza
cho chú đặt mua mười cái pizza
cho chú đặt mua mười chiếc pizza
cho chú order một cái pizza
cho chú order một chiếc pizza
cho chú order hai cái pizza
cho chú order hai chiếc pizza
cho chú order ba cái pizza
cho chú order ba chiếc pizza
cho chú order bốn cái pizza
cho chú order bốn chiếc pizza
cho chú order năm cái pizza
cho chú order năm chiếc pizza
cho chú order sáu cái pizza
cho chú order sáu chiếc pizza
cho chú order bảy cái pizza
cho chú order bảy chiếc pizza
cho chú order tám cái pizza
cho chú order tám chiếc pizza
cho chú order chín cái pizza
cho chú order chín chiếc pizza
cho chú order mười cái pizza
cho chú order mười chiếc pizza
cho cô đặt một cái pizza
cho cô đặt một chiếc pizza
cho cô đặt hai cái pizza
cho cô đặt hai chiếc pizza
cho cô đặt ba cái pizza
cho cô đặt ba chiếc pizza
cho cô đặt bốn cái pizza
cho cô đặt bốn chiếc pizza
cho cô đặt năm cái pizza
cho cô đặt năm chiếc pizza
cho cô đặt sáu cái pizza
cho cô đặt sáu chiếc pizza
cho cô đặt bảy cái pizza
cho cô đặt bảy chiếc pizza
cho cô đặt tám cái pizza
cho cô đặt tám chiếc pizza
cho cô đặt chín cái pizza
cho cô đặt chín chiếc pizza
cho cô đặt mười cái pizza
cho cô đặt mười chiếc pizza
cho cô mua một cái pizza
cho cô mua một chiếc pizza
cho cô mua hai cái pizza
cho cô mua hai chiếc pizza
cho cô mua ba cái pizza
cho cô mua ba chiếc pizza
cho cô mua bốn cái pizza
cho cô mua bốn chiếc pizza
cho cô mua năm cái pizza
cho cô mua năm chiếc pizza
cho cô mua sáu cái pizza
cho cô mua sáu chiếc pizza
cho cô mua bảy cái pizza
cho cô mua bảy chiếc pizza
cho cô mua tám cái pizza
cho cô mua tám chiếc pizza
cho cô mua chín cái pizza
cho cô mua chín chiếc pizza
cho cô mua mười cái pizza
cho cô mua mười chiếc pizza
cho cô đặt mua một cái pizza
cho cô đặt mua một chiếc pizza
cho cô đặt mua hai cái pizza
cho cô đặt mua hai chiếc pizza
cho cô đặt mua ba cái pizza
cho cô đặt mua ba chiếc pizza
cho cô đặt mua bốn cái pizza
cho cô đặt mua bốn chiếc pizza
cho cô đặt mua năm cái pizza
cho cô đặt mua năm chiếc pizza
cho cô đặt mua sáu cái pizza
cho cô đặt mua sáu chiếc pizza
cho cô đặt mua bảy cái pizza
cho cô đặt mua bảy chiếc pizza
cho cô đặt mua tám cái pizza
cho cô đặt mua tám chiếc pizza
cho cô đặt mua chín cái pizza
cho cô đặt mua chín chiếc pizza
cho cô đặt mua mười cái pizza
cho cô đặt mua mười chiếc pizza
cho cô order một cái pizza
cho cô order một chiếc pizza
cho cô order hai cái pizza
cho cô order hai chiếc pizza
cho cô order ba cái pizza
cho cô order ba chiếc pizza
cho cô order bốn cái pizza
cho cô order bốn chiếc pizza
cho cô order năm cái pizza
cho cô order năm chiếc pizza
cho cô order sáu cái pizza
cho cô order sáu chiếc pizza
cho cô order bảy cái pizza
cho cô order bảy chiếc pizza
cho cô order tám cái pizza
cho cô order tám chiếc pizza
cho cô order chín cái pizza
cho cô order chín chiếc pizza
cho cô order mười cái pizza
cho cô order mười chiếc pizza
cho bác đặt một cái pizza
cho bác đặt một chiếc pizza
cho bác đặt hai cái pizza
cho bác đặt hai chiếc pizza
cho bác đặt ba cái pizza
cho bác đặt ba chiếc pizza
cho bác đặt bốn cái pizza
cho bác đặt bốn chiếc pizza
cho bác đặt năm cái pizza
cho bác đặt năm chiếc pizza
cho bác đặt sáu cái pizza
cho bác đặt sáu chiếc pizza
cho bác đặt bảy cái pizza
cho bác đặt bảy chiếc pizza
cho bác đặt tám cái pizza
cho bác đặt tám chiếc pizza
cho bác đặt chín cái pizza
cho bác đặt chín chiếc pizza
cho bác đặt mười cái pizza
cho bác đặt mười chiếc pizza
cho bác mua một cái pizza
cho bác mua một chiếc pizza
cho bác mua hai cái pizza
cho bác mua hai chiếc pizza
cho bác mua ba cái pizza
cho bác mua ba chiếc pizza
cho bác mua bốn cái pizza
cho bác mua bốn chiếc pizza
cho bác mua năm cái pizza
cho bác mua năm chiếc pizza
cho bác mua sáu cái pizza
cho bác mua sáu chiếc pizza
cho bác mua bảy cái pizza
cho bác mua bảy chiếc pizza
cho bác mua tám cái pizza
cho bác mua tám chiếc pizza
cho bác mua chín cái pizza
cho bác mua chín chiếc pizza
cho bác mua mười cái pizza
cho bác mua mười chiếc pizza
cho bác đặt mua một cái pizza
cho bác đặt mua một chiếc pizza
cho bác đặt mua hai cái pizza
cho bác đặt mua hai chiếc pizza
cho bác đặt mua ba cái pizza
cho bác đặt mua ba chiếc pizza
cho bác đặt mua bốn cái pizza
cho bác đặt mua bốn chiếc pizza
cho bác đặt mua năm cái pizza
cho bác đặt mua năm chiếc pizza
cho bác đặt mua sáu cái pizza
cho bác đặt mua sáu chiếc pizza
cho bác đặt mua bảy cái pizza
cho bác đặt mua bảy chiếc pizza
cho bác đặt mua tám cái pizza
cho bác đặt mua tám chiếc pizza
cho bác đặt mua chín cái pizza
cho bác đặt mua chín chiếc pizza
cho bác đặt mua mười cái pizza
cho bác đặt mua mười chiếc pizza
cho bác order một cái pizza
cho bác order một chiếc pizza
cho bác order hai cái pizza
cho bác order hai chiếc pizza
cho bác order ba cái pizza
cho bác order ba chiếc pizza
cho bác order bốn cái pizza
cho bác order bốn chiếc pizza
cho bác order năm cái pizza
cho bác order năm chiếc pizza
cho bác order sáu cái pizza
cho bác order sáu chiếc pizza
cho bác order bảy cái pizza
cho bác order bảy chiếc pizza
cho bác order tám cái pizza
cho bác order tám chiếc pizza
cho bác order chín cái pizza
cho bác order chín chiếc pizza
cho bác order mười cái pizza
cho bác order mười chiếc pizza
